{"C:\\Users\\wandi\\Hacktive8\\phase3\\rumah-sandar-server\\app.js": {"path":"C:\\Users\\wandi\\Hacktive8\\phase3\\rumah-sandar-server\\app.js","statementMap":{"0":{"start":{"line":5,"column":16},"end":{"line":5,"column":34}},"1":{"start":{"line":6,"column":13},"end":{"line":6,"column":28}},"2":{"start":{"line":7,"column":15},"end":{"line":7,"column":34}},"3":{"start":{"line":8,"column":21},"end":{"line":8,"column":59}},"4":{"start":{"line":9,"column":12},"end":{"line":9,"column":21}},"5":{"start":{"line":12,"column":0},"end":{"line":12,"column":16}},"6":{"start":{"line":13,"column":0},"end":{"line":13,"column":24}},"7":{"start":{"line":14,"column":0},"end":{"line":14,"column":48}},"8":{"start":{"line":17,"column":0},"end":{"line":17,"column":20}},"9":{"start":{"line":18,"column":0},"end":{"line":18,"column":21}},"10":{"start":{"line":24,"column":0},"end":{"line":24,"column":21}}},"fnMap":{},"branchMap":{},"s":{"0":6,"1":6,"2":6,"3":6,"4":6,"5":6,"6":6,"7":6,"8":6,"9":6,"10":6},"f":{},"b":{},"_coverageSchema":"1a1c01bbd47fc00a2c39e90264f33305004495a9","hash":"469acdc7e0d8ef2ce3d8166481f66b4726b892b4"}
,"C:\\Users\\wandi\\Hacktive8\\phase3\\rumah-sandar-server\\controllers\\adminController.js": {"path":"C:\\Users\\wandi\\Hacktive8\\phase3\\rumah-sandar-server\\controllers\\adminController.js","statementMap":{"0":{"start":{"line":1,"column":56},"end":{"line":1,"column":85}},"1":{"start":{"line":2,"column":44},"end":{"line":2,"column":64}},"2":{"start":{"line":8,"column":4},"end":{"line":24,"column":5}},"3":{"start":{"line":9,"column":34},"end":{"line":9,"column":42}},"4":{"start":{"line":10,"column":6},"end":{"line":10,"column":58}},"5":{"start":{"line":10,"column":31},"end":{"line":10,"column":58}},"6":{"start":{"line":11,"column":18},"end":{"line":11,"column":59}},"7":{"start":{"line":12,"column":6},"end":{"line":12,"column":45}},"8":{"start":{"line":13,"column":6},"end":{"line":13,"column":59}},"9":{"start":{"line":13,"column":18},"end":{"line":13,"column":59}},"10":{"start":{"line":14,"column":20},"end":{"line":14,"column":69}},"11":{"start":{"line":15,"column":6},"end":{"line":15,"column":61}},"12":{"start":{"line":15,"column":20},"end":{"line":15,"column":61}},"13":{"start":{"line":16,"column":27},"end":{"line":19,"column":8}},"14":{"start":{"line":20,"column":6},"end":{"line":20,"column":45}},"15":{"start":{"line":23,"column":6},"end":{"line":23,"column":16}},"16":{"start":{"line":28,"column":4},"end":{"line":36,"column":5}},"17":{"start":{"line":29,"column":25},"end":{"line":29,"column":50}},"18":{"start":{"line":30,"column":6},"end":{"line":30,"column":51}},"19":{"start":{"line":30,"column":23},"end":{"line":30,"column":51}},"20":{"start":{"line":32,"column":6},"end":{"line":32,"column":39}},"21":{"start":{"line":35,"column":6},"end":{"line":35,"column":18}},"22":{"start":{"line":40,"column":25},"end":{"line":40,"column":35}},"23":{"start":{"line":41,"column":4},"end":{"line":59,"column":5}},"24":{"start":{"line":42,"column":26},"end":{"line":42,"column":57}},"25":{"start":{"line":43,"column":6},"end":{"line":43,"column":52}},"26":{"start":{"line":43,"column":24},"end":{"line":43,"column":52}},"27":{"start":{"line":45,"column":6},"end":{"line":50,"column":8}},"28":{"start":{"line":52,"column":6},"end":{"line":54,"column":9}},"29":{"start":{"line":56,"column":6},"end":{"line":56,"column":58}},"30":{"start":{"line":58,"column":6},"end":{"line":58,"column":18}},"31":{"start":{"line":63,"column":28},"end":{"line":63,"column":38}},"32":{"start":{"line":64,"column":4},"end":{"line":78,"column":5}},"33":{"start":{"line":65,"column":29},"end":{"line":65,"column":66}},"34":{"start":{"line":66,"column":6},"end":{"line":66,"column":54}},"35":{"start":{"line":66,"column":26},"end":{"line":66,"column":54}},"36":{"start":{"line":68,"column":6},"end":{"line":73,"column":8}},"37":{"start":{"line":75,"column":6},"end":{"line":75,"column":58}},"38":{"start":{"line":77,"column":6},"end":{"line":77,"column":18}},"39":{"start":{"line":82,"column":0},"end":{"line":82,"column":33}}},"fnMap":{"0":{"name":"(anonymous_0)","decl":{"start":{"line":7,"column":2},"end":{"line":7,"column":3}},"loc":{"start":{"line":7,"column":42},"end":{"line":25,"column":3}},"line":7},"1":{"name":"(anonymous_1)","decl":{"start":{"line":27,"column":2},"end":{"line":27,"column":3}},"loc":{"start":{"line":27,"column":45},"end":{"line":37,"column":3}},"line":27},"2":{"name":"(anonymous_2)","decl":{"start":{"line":39,"column":2},"end":{"line":39,"column":3}},"loc":{"start":{"line":39,"column":44},"end":{"line":60,"column":3}},"line":39},"3":{"name":"(anonymous_3)","decl":{"start":{"line":62,"column":2},"end":{"line":62,"column":3}},"loc":{"start":{"line":62,"column":47},"end":{"line":79,"column":3}},"line":62}},"branchMap":{"0":{"loc":{"start":{"line":10,"column":6},"end":{"line":10,"column":58}},"type":"if","locations":[{"start":{"line":10,"column":6},"end":{"line":10,"column":58}},{"start":{},"end":{}}],"line":10},"1":{"loc":{"start":{"line":10,"column":10},"end":{"line":10,"column":29}},"type":"binary-expr","locations":[{"start":{"line":10,"column":10},"end":{"line":10,"column":16}},{"start":{"line":10,"column":20},"end":{"line":10,"column":29}}],"line":10},"2":{"loc":{"start":{"line":13,"column":6},"end":{"line":13,"column":59}},"type":"if","locations":[{"start":{"line":13,"column":6},"end":{"line":13,"column":59}},{"start":{},"end":{}}],"line":13},"3":{"loc":{"start":{"line":15,"column":6},"end":{"line":15,"column":61}},"type":"if","locations":[{"start":{"line":15,"column":6},"end":{"line":15,"column":61}},{"start":{},"end":{}}],"line":15},"4":{"loc":{"start":{"line":30,"column":6},"end":{"line":30,"column":51}},"type":"if","locations":[{"start":{"line":30,"column":6},"end":{"line":30,"column":51}},{"start":{},"end":{}}],"line":30},"5":{"loc":{"start":{"line":43,"column":6},"end":{"line":43,"column":52}},"type":"if","locations":[{"start":{"line":43,"column":6},"end":{"line":43,"column":52}},{"start":{},"end":{}}],"line":43},"6":{"loc":{"start":{"line":66,"column":6},"end":{"line":66,"column":54}},"type":"if","locations":[{"start":{"line":66,"column":6},"end":{"line":66,"column":54}},{"start":{},"end":{}}],"line":66}},"s":{"0":6,"1":6,"2":2,"3":2,"4":2,"5":0,"6":2,"7":2,"8":2,"9":2,"10":0,"11":0,"12":0,"13":0,"14":0,"15":2,"16":1,"17":1,"18":1,"19":0,"20":1,"21":0,"22":0,"23":0,"24":0,"25":0,"26":0,"27":0,"28":0,"29":0,"30":0,"31":0,"32":0,"33":0,"34":0,"35":0,"36":0,"37":0,"38":0,"39":6},"f":{"0":2,"1":1,"2":0,"3":0},"b":{"0":[0,2],"1":[2,2],"2":[2,0],"3":[0,0],"4":[0,1],"5":[0,0],"6":[0,0]},"_coverageSchema":"1a1c01bbd47fc00a2c39e90264f33305004495a9","hash":"6d8f52d0ebc8cd3e53d436ef0acd55bba2b4cd24"}
,"C:\\Users\\wandi\\Hacktive8\\phase3\\rumah-sandar-server\\controllers\\categoryController.js": {"path":"C:\\Users\\wandi\\Hacktive8\\phase3\\rumah-sandar-server\\controllers\\categoryController.js","statementMap":{"0":{"start":{"line":1,"column":26},"end":{"line":1,"column":46}},"1":{"start":{"line":5,"column":4},"end":{"line":5,"column":25}},"2":{"start":{"line":7,"column":4},"end":{"line":16,"column":5}},"3":{"start":{"line":8,"column":23},"end":{"line":10,"column":8}},"4":{"start":{"line":11,"column":6},"end":{"line":11,"column":51}},"5":{"start":{"line":11,"column":23},"end":{"line":11,"column":51}},"6":{"start":{"line":12,"column":6},"end":{"line":12,"column":39}},"7":{"start":{"line":14,"column":6},"end":{"line":14,"column":25}},"8":{"start":{"line":15,"column":6},"end":{"line":15,"column":18}},"9":{"start":{"line":20,"column":0},"end":{"line":20,"column":36}}},"fnMap":{"0":{"name":"(anonymous_0)","decl":{"start":{"line":4,"column":2},"end":{"line":4,"column":3}},"loc":{"start":{"line":4,"column":45},"end":{"line":17,"column":3}},"line":4}},"branchMap":{"0":{"loc":{"start":{"line":11,"column":6},"end":{"line":11,"column":51}},"type":"if","locations":[{"start":{"line":11,"column":6},"end":{"line":11,"column":51}},{"start":{},"end":{}}],"line":11}},"s":{"0":6,"1":0,"2":0,"3":0,"4":0,"5":0,"6":0,"7":0,"8":0,"9":6},"f":{"0":0},"b":{"0":[0,0]},"_coverageSchema":"1a1c01bbd47fc00a2c39e90264f33305004495a9","hash":"5af7c25b63e03e4875c9df2a5db6462c62a92f4a"}
,"C:\\Users\\wandi\\Hacktive8\\phase3\\rumah-sandar-server\\controllers\\classController.js": {"path":"C:\\Users\\wandi\\Hacktive8\\phase3\\rumah-sandar-server\\controllers\\classController.js","statementMap":{"0":{"start":{"line":7,"column":4},"end":{"line":7,"column":25}},"1":{"start":{"line":11,"column":4},"end":{"line":26,"column":5}},"2":{"start":{"line":12,"column":24},"end":{"line":12,"column":34}},"3":{"start":{"line":13,"column":21},"end":{"line":19,"column":8}},"4":{"start":{"line":20,"column":6},"end":{"line":22,"column":7}},"5":{"start":{"line":21,"column":8},"end":{"line":21,"column":41}},"6":{"start":{"line":23,"column":6},"end":{"line":23,"column":37}},"7":{"start":{"line":25,"column":6},"end":{"line":25,"column":18}},"8":{"start":{"line":29,"column":4},"end":{"line":29,"column":26}},"9":{"start":{"line":30,"column":4},"end":{"line":55,"column":5}},"10":{"start":{"line":32,"column":44},"end":{"line":32,"column":52}},"11":{"start":{"line":33,"column":6},"end":{"line":51,"column":7}},"12":{"start":{"line":34,"column":23},"end":{"line":39,"column":10}},"13":{"start":{"line":40,"column":8},"end":{"line":40,"column":39}},"14":{"start":{"line":41,"column":13},"end":{"line":51,"column":7}},"15":{"start":{"line":42,"column":23},"end":{"line":47,"column":10}},"16":{"start":{"line":48,"column":8},"end":{"line":48,"column":39}},"17":{"start":{"line":50,"column":8},"end":{"line":50,"column":41}},"18":{"start":{"line":53,"column":6},"end":{"line":53,"column":25}},"19":{"start":{"line":54,"column":6},"end":{"line":54,"column":18}},"20":{"start":{"line":58,"column":0},"end":{"line":58,"column":33}}},"fnMap":{"0":{"name":"(anonymous_0)","decl":{"start":{"line":10,"column":2},"end":{"line":10,"column":3}},"loc":{"start":{"line":10,"column":51},"end":{"line":27,"column":3}},"line":10},"1":{"name":"(anonymous_1)","decl":{"start":{"line":28,"column":2},"end":{"line":28,"column":3}},"loc":{"start":{"line":28,"column":48},"end":{"line":56,"column":3}},"line":28}},"branchMap":{"0":{"loc":{"start":{"line":20,"column":6},"end":{"line":22,"column":7}},"type":"if","locations":[{"start":{"line":20,"column":6},"end":{"line":22,"column":7}},{"start":{},"end":{}}],"line":20},"1":{"loc":{"start":{"line":33,"column":6},"end":{"line":51,"column":7}},"type":"if","locations":[{"start":{"line":33,"column":6},"end":{"line":51,"column":7}},{"start":{"line":41,"column":13},"end":{"line":51,"column":7}}],"line":33},"2":{"loc":{"start":{"line":41,"column":13},"end":{"line":51,"column":7}},"type":"if","locations":[{"start":{"line":41,"column":13},"end":{"line":51,"column":7}},{"start":{"line":49,"column":13},"end":{"line":51,"column":7}}],"line":41}},"s":{"0":6,"1":0,"2":0,"3":0,"4":0,"5":0,"6":0,"7":0,"8":0,"9":0,"10":0,"11":0,"12":0,"13":0,"14":0,"15":0,"16":0,"17":0,"18":0,"19":0,"20":6},"f":{"0":0,"1":0},"b":{"0":[0,0],"1":[0,0],"2":[0,0]},"_coverageSchema":"1a1c01bbd47fc00a2c39e90264f33305004495a9","hash":"d9cb0ea233fd4817c998034b274b1bb85edee358"}
,"C:\\Users\\wandi\\Hacktive8\\phase3\\rumah-sandar-server\\controllers\\matchController.js": {"path":"C:\\Users\\wandi\\Hacktive8\\phase3\\rumah-sandar-server\\controllers\\matchController.js","statementMap":{"0":{"start":{"line":1,"column":15},"end":{"line":1,"column":35}},"1":{"start":{"line":2,"column":38},"end":{"line":2,"column":71}},"2":{"start":{"line":10,"column":4},"end":{"line":10,"column":25}},"3":{"start":{"line":14,"column":14},"end":{"line":14,"column":43}},"4":{"start":{"line":15,"column":4},"end":{"line":39,"column":5}},"5":{"start":{"line":16,"column":19},"end":{"line":16,"column":27}},"6":{"start":{"line":17,"column":6},"end":{"line":22,"column":8}},"7":{"start":{"line":23,"column":6},"end":{"line":33,"column":8}},"8":{"start":{"line":34,"column":6},"end":{"line":34,"column":17}},"9":{"start":{"line":35,"column":6},"end":{"line":35,"column":66}},"10":{"start":{"line":37,"column":6},"end":{"line":37,"column":19}},"11":{"start":{"line":38,"column":6},"end":{"line":38,"column":18}},"12":{"start":{"line":43,"column":4},"end":{"line":56,"column":5}},"13":{"start":{"line":44,"column":21},"end":{"line":51,"column":8}},"14":{"start":{"line":52,"column":6},"end":{"line":52,"column":37}},"15":{"start":{"line":54,"column":6},"end":{"line":54,"column":25}},"16":{"start":{"line":55,"column":6},"end":{"line":55,"column":18}},"17":{"start":{"line":59,"column":14},"end":{"line":59,"column":43}},"18":{"start":{"line":60,"column":4},"end":{"line":108,"column":5}},"19":{"start":{"line":61,"column":24},"end":{"line":61,"column":34}},"20":{"start":{"line":63,"column":45},"end":{"line":63,"column":53}},"21":{"start":{"line":64,"column":20},"end":{"line":64,"column":46}},"22":{"start":{"line":65,"column":27},"end":{"line":67,"column":8}},"23":{"start":{"line":68,"column":6},"end":{"line":70,"column":7}},"24":{"start":{"line":69,"column":8},"end":{"line":69,"column":49}},"25":{"start":{"line":71,"column":22},"end":{"line":71,"column":71}},"26":{"start":{"line":72,"column":6},"end":{"line":74,"column":7}},"27":{"start":{"line":73,"column":8},"end":{"line":73,"column":41}},"28":{"start":{"line":75,"column":24},"end":{"line":75,"column":65}},"29":{"start":{"line":76,"column":6},"end":{"line":78,"column":7}},"30":{"start":{"line":77,"column":8},"end":{"line":77,"column":66}},"31":{"start":{"line":79,"column":6},"end":{"line":87,"column":8}},"32":{"start":{"line":88,"column":6},"end":{"line":98,"column":8}},"33":{"start":{"line":99,"column":21},"end":{"line":99,"column":53}},"34":{"start":{"line":100,"column":6},"end":{"line":100,"column":59}},"35":{"start":{"line":101,"column":6},"end":{"line":101,"column":23}},"36":{"start":{"line":102,"column":6},"end":{"line":104,"column":76}},"37":{"start":{"line":106,"column":6},"end":{"line":106,"column":25}},"38":{"start":{"line":107,"column":6},"end":{"line":107,"column":18}},"39":{"start":{"line":111,"column":0},"end":{"line":111,"column":33}}},"fnMap":{"0":{"name":"(anonymous_0)","decl":{"start":{"line":13,"column":2},"end":{"line":13,"column":3}},"loc":{"start":{"line":13,"column":46},"end":{"line":40,"column":3}},"line":13},"1":{"name":"(anonymous_1)","decl":{"start":{"line":42,"column":2},"end":{"line":42,"column":3}},"loc":{"start":{"line":42,"column":43},"end":{"line":57,"column":3}},"line":42},"2":{"name":"(anonymous_2)","decl":{"start":{"line":58,"column":2},"end":{"line":58,"column":3}},"loc":{"start":{"line":58,"column":51},"end":{"line":109,"column":3}},"line":58}},"branchMap":{"0":{"loc":{"start":{"line":68,"column":6},"end":{"line":70,"column":7}},"type":"if","locations":[{"start":{"line":68,"column":6},"end":{"line":70,"column":7}},{"start":{},"end":{}}],"line":68},"1":{"loc":{"start":{"line":72,"column":6},"end":{"line":74,"column":7}},"type":"if","locations":[{"start":{"line":72,"column":6},"end":{"line":74,"column":7}},{"start":{},"end":{}}],"line":72},"2":{"loc":{"start":{"line":76,"column":6},"end":{"line":78,"column":7}},"type":"if","locations":[{"start":{"line":76,"column":6},"end":{"line":78,"column":7}},{"start":{},"end":{}}],"line":76}},"s":{"0":6,"1":6,"2":6,"3":0,"4":0,"5":0,"6":0,"7":0,"8":0,"9":0,"10":0,"11":0,"12":0,"13":0,"14":0,"15":0,"16":0,"17":0,"18":0,"19":0,"20":0,"21":0,"22":0,"23":0,"24":0,"25":0,"26":0,"27":0,"28":0,"29":0,"30":0,"31":0,"32":0,"33":0,"34":0,"35":0,"36":0,"37":0,"38":0,"39":6},"f":{"0":0,"1":0,"2":0},"b":{"0":[0,0],"1":[0,0],"2":[0,0]},"_coverageSchema":"1a1c01bbd47fc00a2c39e90264f33305004495a9","hash":"2fddf03f6bb9e7ea26561d14532c21c25e5139fa"}
,"C:\\Users\\wandi\\Hacktive8\\phase3\\rumah-sandar-server\\controllers\\orphanController.js": {"path":"C:\\Users\\wandi\\Hacktive8\\phase3\\rumah-sandar-server\\controllers\\orphanController.js","statementMap":{"0":{"start":{"line":4,"column":4},"end":{"line":4,"column":33}},"1":{"start":{"line":5,"column":30},"end":{"line":5,"column":50}},"2":{"start":{"line":9,"column":4},"end":{"line":31,"column":5}},"3":{"start":{"line":10,"column":67},"end":{"line":10,"column":75}},"4":{"start":{"line":11,"column":6},"end":{"line":12,"column":35}},"5":{"start":{"line":12,"column":8},"end":{"line":12,"column":35}},"6":{"start":{"line":13,"column":32},"end":{"line":13,"column":77}},"7":{"start":{"line":14,"column":6},"end":{"line":16,"column":7}},"8":{"start":{"line":15,"column":8},"end":{"line":15,"column":57}},"9":{"start":{"line":17,"column":6},"end":{"line":25,"column":9}},"10":{"start":{"line":27,"column":6},"end":{"line":27,"column":60}},"11":{"start":{"line":29,"column":6},"end":{"line":29,"column":23}},"12":{"start":{"line":30,"column":6},"end":{"line":30,"column":16}},"13":{"start":{"line":35,"column":32},"end":{"line":35,"column":40}},"14":{"start":{"line":36,"column":4},"end":{"line":36,"column":56}},"15":{"start":{"line":36,"column":29},"end":{"line":36,"column":56}},"16":{"start":{"line":37,"column":4},"end":{"line":46,"column":5}},"17":{"start":{"line":38,"column":19},"end":{"line":38,"column":61}},"18":{"start":{"line":39,"column":6},"end":{"line":39,"column":60}},"19":{"start":{"line":39,"column":19},"end":{"line":39,"column":60}},"20":{"start":{"line":40,"column":20},"end":{"line":40,"column":70}},"21":{"start":{"line":41,"column":6},"end":{"line":41,"column":61}},"22":{"start":{"line":41,"column":20},"end":{"line":41,"column":61}},"23":{"start":{"line":42,"column":27},"end":{"line":42,"column":64}},"24":{"start":{"line":43,"column":6},"end":{"line":43,"column":45}},"25":{"start":{"line":45,"column":6},"end":{"line":45,"column":16}},"26":{"start":{"line":50,"column":0},"end":{"line":50,"column":34}}},"fnMap":{"0":{"name":"(anonymous_0)","decl":{"start":{"line":8,"column":2},"end":{"line":8,"column":3}},"loc":{"start":{"line":8,"column":46},"end":{"line":32,"column":3}},"line":8},"1":{"name":"(anonymous_1)","decl":{"start":{"line":34,"column":2},"end":{"line":34,"column":3}},"loc":{"start":{"line":34,"column":43},"end":{"line":47,"column":3}},"line":34}},"branchMap":{"0":{"loc":{"start":{"line":11,"column":6},"end":{"line":12,"column":35}},"type":"if","locations":[{"start":{"line":11,"column":6},"end":{"line":12,"column":35}},{"start":{},"end":{}}],"line":11},"1":{"loc":{"start":{"line":11,"column":10},"end":{"line":11,"column":71}},"type":"binary-expr","locations":[{"start":{"line":11,"column":10},"end":{"line":11,"column":19}},{"start":{"line":11,"column":23},"end":{"line":11,"column":29}},{"start":{"line":11,"column":33},"end":{"line":11,"column":42}},{"start":{"line":11,"column":46},"end":{"line":11,"column":55}},{"start":{"line":11,"column":59},"end":{"line":11,"column":71}}],"line":11},"2":{"loc":{"start":{"line":14,"column":6},"end":{"line":16,"column":7}},"type":"if","locations":[{"start":{"line":14,"column":6},"end":{"line":16,"column":7}},{"start":{},"end":{}}],"line":14},"3":{"loc":{"start":{"line":36,"column":4},"end":{"line":36,"column":56}},"type":"if","locations":[{"start":{"line":36,"column":4},"end":{"line":36,"column":56}},{"start":{},"end":{}}],"line":36},"4":{"loc":{"start":{"line":36,"column":8},"end":{"line":36,"column":27}},"type":"binary-expr","locations":[{"start":{"line":36,"column":8},"end":{"line":36,"column":14}},{"start":{"line":36,"column":18},"end":{"line":36,"column":27}}],"line":36},"5":{"loc":{"start":{"line":39,"column":6},"end":{"line":39,"column":60}},"type":"if","locations":[{"start":{"line":39,"column":6},"end":{"line":39,"column":60}},{"start":{},"end":{}}],"line":39},"6":{"loc":{"start":{"line":41,"column":6},"end":{"line":41,"column":61}},"type":"if","locations":[{"start":{"line":41,"column":6},"end":{"line":41,"column":61}},{"start":{},"end":{}}],"line":41}},"s":{"0":6,"1":6,"2":4,"3":4,"4":4,"5":1,"6":3,"7":3,"8":0,"9":3,"10":1,"11":3,"12":3,"13":2,"14":2,"15":0,"16":2,"17":2,"18":2,"19":1,"20":1,"21":1,"22":0,"23":1,"24":1,"25":1,"26":6},"f":{"0":4,"1":2},"b":{"0":[1,3],"1":[4,4,3,3,3],"2":[0,3],"3":[0,2],"4":[2,2],"5":[1,1],"6":[0,1]},"_coverageSchema":"1a1c01bbd47fc00a2c39e90264f33305004495a9","hash":"8f5d4de43ad2ce623aca560e776e93eaa416faa0"}
,"C:\\Users\\wandi\\Hacktive8\\phase3\\rumah-sandar-server\\controllers\\orphanageController.js": {"path":"C:\\Users\\wandi\\Hacktive8\\phase3\\rumah-sandar-server\\controllers\\orphanageController.js","statementMap":{"0":{"start":{"line":1,"column":22},"end":{"line":1,"column":42}},"1":{"start":{"line":7,"column":8},"end":{"line":13,"column":9}},"2":{"start":{"line":8,"column":29},"end":{"line":8,"column":54}},"3":{"start":{"line":9,"column":12},"end":{"line":9,"column":55}},"4":{"start":{"line":9,"column":28},"end":{"line":9,"column":55}},"5":{"start":{"line":10,"column":12},"end":{"line":10,"column":44}},"6":{"start":{"line":12,"column":12},"end":{"line":12,"column":23}},"7":{"start":{"line":21,"column":0},"end":{"line":21,"column":36}}},"fnMap":{"0":{"name":"(anonymous_0)","decl":{"start":{"line":6,"column":4},"end":{"line":6,"column":5}},"loc":{"start":{"line":6,"column":46},"end":{"line":14,"column":5}},"line":6}},"branchMap":{"0":{"loc":{"start":{"line":9,"column":12},"end":{"line":9,"column":55}},"type":"if","locations":[{"start":{"line":9,"column":12},"end":{"line":9,"column":55}},{"start":{},"end":{}}],"line":9}},"s":{"0":6,"1":1,"2":1,"3":1,"4":0,"5":1,"6":0,"7":6},"f":{"0":1},"b":{"0":[0,1]},"_coverageSchema":"1a1c01bbd47fc00a2c39e90264f33305004495a9","hash":"ada7f167ae4dafadd57c5985a0b5fce7fbe5d419"}
,"C:\\Users\\wandi\\Hacktive8\\phase3\\rumah-sandar-server\\controllers\\paymentController.js": {"path":"C:\\Users\\wandi\\Hacktive8\\phase3\\rumah-sandar-server\\controllers\\paymentController.js","statementMap":{"0":{"start":{"line":1,"column":26},"end":{"line":1,"column":64}},"1":{"start":{"line":2,"column":21},"end":{"line":2,"column":41}},"2":{"start":{"line":6,"column":4},"end":{"line":29,"column":5}},"3":{"start":{"line":9,"column":29},"end":{"line":9,"column":79}},"4":{"start":{"line":10,"column":6},"end":{"line":26,"column":7}},"5":{"start":{"line":13,"column":8},"end":{"line":13,"column":63}},"6":{"start":{"line":16,"column":23},"end":{"line":16,"column":31}},"7":{"start":{"line":17,"column":28},"end":{"line":17,"column":43}},"8":{"start":{"line":19,"column":8},"end":{"line":23,"column":9}},"9":{"start":{"line":20,"column":10},"end":{"line":20,"column":33}},"10":{"start":{"line":22,"column":10},"end":{"line":22,"column":44}},"11":{"start":{"line":25,"column":8},"end":{"line":25,"column":41}},"12":{"start":{"line":28,"column":6},"end":{"line":28,"column":15}},"13":{"start":{"line":33,"column":4},"end":{"line":43,"column":5}},"14":{"start":{"line":34,"column":17},"end":{"line":38,"column":8}},"15":{"start":{"line":39,"column":6},"end":{"line":39,"column":32}},"16":{"start":{"line":41,"column":6},"end":{"line":41,"column":23}},"17":{"start":{"line":42,"column":6},"end":{"line":42,"column":15}},"18":{"start":{"line":48,"column":0},"end":{"line":48,"column":35}}},"fnMap":{"0":{"name":"(anonymous_0)","decl":{"start":{"line":5,"column":2},"end":{"line":5,"column":3}},"loc":{"start":{"line":5,"column":46},"end":{"line":30,"column":3}},"line":5},"1":{"name":"(anonymous_1)","decl":{"start":{"line":32,"column":2},"end":{"line":32,"column":3}},"loc":{"start":{"line":32,"column":44},"end":{"line":44,"column":3}},"line":32}},"branchMap":{"0":{"loc":{"start":{"line":10,"column":6},"end":{"line":26,"column":7}},"type":"if","locations":[{"start":{"line":10,"column":6},"end":{"line":26,"column":7}},{"start":{"line":24,"column":13},"end":{"line":26,"column":7}}],"line":10},"1":{"loc":{"start":{"line":19,"column":8},"end":{"line":23,"column":9}},"type":"if","locations":[{"start":{"line":19,"column":8},"end":{"line":23,"column":9}},{"start":{"line":21,"column":15},"end":{"line":23,"column":9}}],"line":19}},"s":{"0":6,"1":6,"2":0,"3":0,"4":0,"5":0,"6":0,"7":0,"8":0,"9":0,"10":0,"11":0,"12":0,"13":1,"14":1,"15":1,"16":0,"17":0,"18":6},"f":{"0":0,"1":1},"b":{"0":[0,0],"1":[0,0]},"_coverageSchema":"1a1c01bbd47fc00a2c39e90264f33305004495a9","hash":"b8aa019f11d1633757d76a2e640e4a85ceba0e53"}
,"C:\\Users\\wandi\\Hacktive8\\phase3\\rumah-sandar-server\\controllers\\volunteerController.js": {"path":"C:\\Users\\wandi\\Hacktive8\\phase3\\rumah-sandar-server\\controllers\\volunteerController.js","statementMap":{"0":{"start":{"line":4,"column":4},"end":{"line":4,"column":33}},"1":{"start":{"line":5,"column":30},"end":{"line":5,"column":50}},"2":{"start":{"line":9,"column":4},"end":{"line":48,"column":5}},"3":{"start":{"line":18,"column":10},"end":{"line":18,"column":18}},"4":{"start":{"line":19,"column":6},"end":{"line":28,"column":35}},"5":{"start":{"line":28,"column":8},"end":{"line":28,"column":35}},"6":{"start":{"line":29,"column":29},"end":{"line":29,"column":71}},"7":{"start":{"line":30,"column":6},"end":{"line":32,"column":7}},"8":{"start":{"line":31,"column":8},"end":{"line":31,"column":57}},"9":{"start":{"line":33,"column":6},"end":{"line":43,"column":9}},"10":{"start":{"line":45,"column":6},"end":{"line":45,"column":60}},"11":{"start":{"line":47,"column":6},"end":{"line":47,"column":16}},"12":{"start":{"line":52,"column":4},"end":{"line":66,"column":5}},"13":{"start":{"line":53,"column":34},"end":{"line":53,"column":42}},"14":{"start":{"line":54,"column":6},"end":{"line":54,"column":58}},"15":{"start":{"line":54,"column":31},"end":{"line":54,"column":58}},"16":{"start":{"line":55,"column":22},"end":{"line":55,"column":67}},"17":{"start":{"line":56,"column":6},"end":{"line":56,"column":63}},"18":{"start":{"line":56,"column":22},"end":{"line":56,"column":63}},"19":{"start":{"line":57,"column":20},"end":{"line":57,"column":73}},"20":{"start":{"line":58,"column":6},"end":{"line":58,"column":61}},"21":{"start":{"line":58,"column":20},"end":{"line":58,"column":61}},"22":{"start":{"line":59,"column":27},"end":{"line":62,"column":8}},"23":{"start":{"line":63,"column":6},"end":{"line":63,"column":45}},"24":{"start":{"line":65,"column":6},"end":{"line":65,"column":16}},"25":{"start":{"line":70,"column":0},"end":{"line":70,"column":37}}},"fnMap":{"0":{"name":"(anonymous_0)","decl":{"start":{"line":8,"column":2},"end":{"line":8,"column":3}},"loc":{"start":{"line":8,"column":49},"end":{"line":49,"column":3}},"line":8},"1":{"name":"(anonymous_1)","decl":{"start":{"line":51,"column":2},"end":{"line":51,"column":3}},"loc":{"start":{"line":51,"column":46},"end":{"line":67,"column":3}},"line":51}},"branchMap":{"0":{"loc":{"start":{"line":19,"column":6},"end":{"line":28,"column":35}},"type":"if","locations":[{"start":{"line":19,"column":6},"end":{"line":28,"column":35}},{"start":{},"end":{}}],"line":19},"1":{"loc":{"start":{"line":20,"column":8},"end":{"line":26,"column":22}},"type":"binary-expr","locations":[{"start":{"line":20,"column":8},"end":{"line":20,"column":17}},{"start":{"line":21,"column":8},"end":{"line":21,"column":14}},{"start":{"line":22,"column":8},"end":{"line":22,"column":17}},{"start":{"line":23,"column":8},"end":{"line":23,"column":17}},{"start":{"line":24,"column":8},"end":{"line":24,"column":20}},{"start":{"line":25,"column":8},"end":{"line":25,"column":24}},{"start":{"line":26,"column":8},"end":{"line":26,"column":22}}],"line":20},"2":{"loc":{"start":{"line":30,"column":6},"end":{"line":32,"column":7}},"type":"if","locations":[{"start":{"line":30,"column":6},"end":{"line":32,"column":7}},{"start":{},"end":{}}],"line":30},"3":{"loc":{"start":{"line":54,"column":6},"end":{"line":54,"column":58}},"type":"if","locations":[{"start":{"line":54,"column":6},"end":{"line":54,"column":58}},{"start":{},"end":{}}],"line":54},"4":{"loc":{"start":{"line":54,"column":10},"end":{"line":54,"column":29}},"type":"binary-expr","locations":[{"start":{"line":54,"column":10},"end":{"line":54,"column":16}},{"start":{"line":54,"column":20},"end":{"line":54,"column":29}}],"line":54},"5":{"loc":{"start":{"line":56,"column":6},"end":{"line":56,"column":63}},"type":"if","locations":[{"start":{"line":56,"column":6},"end":{"line":56,"column":63}},{"start":{},"end":{}}],"line":56},"6":{"loc":{"start":{"line":58,"column":6},"end":{"line":58,"column":61}},"type":"if","locations":[{"start":{"line":58,"column":6},"end":{"line":58,"column":61}},{"start":{},"end":{}}],"line":58}},"s":{"0":6,"1":6,"2":10,"3":10,"4":10,"5":7,"6":3,"7":3,"8":0,"9":3,"10":1,"11":9,"12":0,"13":0,"14":0,"15":0,"16":0,"17":0,"18":0,"19":0,"20":0,"21":0,"22":0,"23":0,"24":0,"25":6},"f":{"0":10,"1":0},"b":{"0":[7,3],"1":[10,3,3,3,3,3,3],"2":[0,3],"3":[0,0],"4":[0,0],"5":[0,0],"6":[0,0]},"_coverageSchema":"1a1c01bbd47fc00a2c39e90264f33305004495a9","hash":"7a0c89ef1fd97148a4f6f1fbe1aef6ade9a5ad30"}
,"C:\\Users\\wandi\\Hacktive8\\phase3\\rumah-sandar-server\\helpers\\createInvoice.js": {"path":"C:\\Users\\wandi\\Hacktive8\\phase3\\rumah-sandar-server\\helpers\\createInvoice.js","statementMap":{"0":{"start":{"line":1,"column":30},"end":{"line":1,"column":50}},"1":{"start":{"line":4,"column":2},"end":{"line":72,"column":3}},"2":{"start":{"line":38,"column":102},"end":{"line":38,"column":109}},"3":{"start":{"line":39,"column":32},"end":{"line":39,"column":49}},"4":{"start":{"line":42,"column":22},"end":{"line":46,"column":6}},"5":{"start":{"line":50,"column":4},"end":{"line":60,"column":6}},"6":{"start":{"line":62,"column":4},"end":{"line":68,"column":6}},"7":{"start":{"line":70,"column":4},"end":{"line":70,"column":20}},"8":{"start":{"line":78,"column":0},"end":{"line":80,"column":1}}},"fnMap":{"0":{"name":"createInvoice","decl":{"start":{"line":3,"column":15},"end":{"line":3,"column":28}},"loc":{"start":{"line":3,"column":38},"end":{"line":75,"column":1}},"line":3}},"branchMap":{},"s":{"0":6,"1":0,"2":0,"3":0,"4":0,"5":0,"6":0,"7":0,"8":6},"f":{"0":0},"b":{},"_coverageSchema":"1a1c01bbd47fc00a2c39e90264f33305004495a9","hash":"74d956ba664ab8ae8f4569730d37cccae3711dee"}
,"C:\\Users\\wandi\\Hacktive8\\phase3\\rumah-sandar-server\\helpers\\getEach7Day.js": {"path":"C:\\Users\\wandi\\Hacktive8\\phase3\\rumah-sandar-server\\helpers\\getEach7Day.js","statementMap":{"0":{"start":{"line":2,"column":17},"end":{"line":2,"column":36}},"1":{"start":{"line":3,"column":2},"end":{"line":3,"column":50}},"2":{"start":{"line":4,"column":2},"end":{"line":4,"column":18}},"3":{"start":{"line":8,"column":17},"end":{"line":81,"column":3}},"4":{"start":{"line":82,"column":2},"end":{"line":82,"column":18}},"5":{"start":{"line":85,"column":0},"end":{"line":85,"column":47}}},"fnMap":{"0":{"name":"getEach7Day","decl":{"start":{"line":1,"column":9},"end":{"line":1,"column":20}},"loc":{"start":{"line":1,"column":38},"end":{"line":5,"column":1}},"line":1},"1":{"name":"bulkSchedule","decl":{"start":{"line":7,"column":9},"end":{"line":7,"column":21}},"loc":{"start":{"line":7,"column":42},"end":{"line":83,"column":1}},"line":7}},"branchMap":{},"s":{"0":0,"1":0,"2":0,"3":0,"4":0,"5":6},"f":{"0":0,"1":0},"b":{},"_coverageSchema":"1a1c01bbd47fc00a2c39e90264f33305004495a9","hash":"b60a9cc472422483b6f5a53edbfe2dc8d1c2876a"}
,"C:\\Users\\wandi\\Hacktive8\\phase3\\rumah-sandar-server\\helpers\\helpers.js": {"path":"C:\\Users\\wandi\\Hacktive8\\phase3\\rumah-sandar-server\\helpers\\helpers.js","statementMap":{"0":{"start":{"line":1,"column":15},"end":{"line":1,"column":34}},"1":{"start":{"line":2,"column":12},"end":{"line":2,"column":35}},"2":{"start":{"line":4,"column":16},"end":{"line":4,"column":25}},"3":{"start":{"line":7,"column":27},"end":{"line":7,"column":66}},"4":{"start":{"line":7,"column":41},"end":{"line":7,"column":66}},"5":{"start":{"line":8,"column":32},"end":{"line":9,"column":36}},"6":{"start":{"line":9,"column":2},"end":{"line":9,"column":36}},"7":{"start":{"line":11,"column":27},"end":{"line":11,"column":68}},"8":{"start":{"line":11,"column":40},"end":{"line":11,"column":68}},"9":{"start":{"line":12,"column":29},"end":{"line":12,"column":68}},"10":{"start":{"line":12,"column":40},"end":{"line":12,"column":68}},"11":{"start":{"line":15,"column":0},"end":{"line":15,"column":104}}},"fnMap":{"0":{"name":"(anonymous_0)","decl":{"start":{"line":7,"column":27},"end":{"line":7,"column":28}},"loc":{"start":{"line":7,"column":41},"end":{"line":7,"column":66}},"line":7},"1":{"name":"(anonymous_1)","decl":{"start":{"line":8,"column":32},"end":{"line":8,"column":33}},"loc":{"start":{"line":9,"column":2},"end":{"line":9,"column":36}},"line":9},"2":{"name":"(anonymous_2)","decl":{"start":{"line":11,"column":27},"end":{"line":11,"column":28}},"loc":{"start":{"line":11,"column":40},"end":{"line":11,"column":68}},"line":11},"3":{"name":"(anonymous_3)","decl":{"start":{"line":12,"column":29},"end":{"line":12,"column":30}},"loc":{"start":{"line":12,"column":40},"end":{"line":12,"column":68}},"line":12}},"branchMap":{},"s":{"0":6,"1":6,"2":6,"3":6,"4":5,"5":6,"6":1,"7":6,"8":2,"9":6,"10":5,"11":6},"f":{"0":5,"1":1,"2":2,"3":5},"b":{},"_coverageSchema":"1a1c01bbd47fc00a2c39e90264f33305004495a9","hash":"d06a5e87307bcca00648e7ee46f7260e0ac3b628"}
,"C:\\Users\\wandi\\Hacktive8\\phase3\\rumah-sandar-server\\middlewares\\authentication.js": {"path":"C:\\Users\\wandi\\Hacktive8\\phase3\\rumah-sandar-server\\middlewares\\authentication.js","statementMap":{"0":{"start":{"line":1,"column":33},"end":{"line":1,"column":62}},"1":{"start":{"line":3,"column":37},"end":{"line":3,"column":57}},"2":{"start":{"line":5,"column":23},"end":{"line":44,"column":1}},"3":{"start":{"line":6,"column":2},"end":{"line":43,"column":3}},"4":{"start":{"line":7,"column":29},"end":{"line":7,"column":40}},"5":{"start":{"line":8,"column":4},"end":{"line":8,"column":64}},"6":{"start":{"line":8,"column":23},"end":{"line":8,"column":64}},"7":{"start":{"line":9,"column":20},"end":{"line":9,"column":54}},"8":{"start":{"line":11,"column":4},"end":{"line":39,"column":5}},"9":{"start":{"line":12,"column":24},"end":{"line":12,"column":60}},"10":{"start":{"line":13,"column":6},"end":{"line":13,"column":63}},"11":{"start":{"line":13,"column":22},"end":{"line":13,"column":63}},"12":{"start":{"line":15,"column":6},"end":{"line":20,"column":8}},"13":{"start":{"line":21,"column":11},"end":{"line":39,"column":5}},"14":{"start":{"line":22,"column":21},"end":{"line":22,"column":54}},"15":{"start":{"line":23,"column":6},"end":{"line":23,"column":60}},"16":{"start":{"line":23,"column":19},"end":{"line":23,"column":60}},"17":{"start":{"line":25,"column":6},"end":{"line":30,"column":8}},"18":{"start":{"line":32,"column":20},"end":{"line":32,"column":52}},"19":{"start":{"line":33,"column":6},"end":{"line":33,"column":59}},"20":{"start":{"line":33,"column":18},"end":{"line":33,"column":59}},"21":{"start":{"line":34,"column":6},"end":{"line":38,"column":8}},"22":{"start":{"line":40,"column":4},"end":{"line":40,"column":11}},"23":{"start":{"line":42,"column":4},"end":{"line":42,"column":16}},"24":{"start":{"line":46,"column":0},"end":{"line":46,"column":32}}},"fnMap":{"0":{"name":"(anonymous_0)","decl":{"start":{"line":5,"column":23},"end":{"line":5,"column":24}},"loc":{"start":{"line":5,"column":49},"end":{"line":44,"column":1}},"line":5}},"branchMap":{"0":{"loc":{"start":{"line":8,"column":4},"end":{"line":8,"column":64}},"type":"if","locations":[{"start":{"line":8,"column":4},"end":{"line":8,"column":64}},{"start":{},"end":{}}],"line":8},"1":{"loc":{"start":{"line":11,"column":4},"end":{"line":39,"column":5}},"type":"if","locations":[{"start":{"line":11,"column":4},"end":{"line":39,"column":5}},{"start":{"line":21,"column":11},"end":{"line":39,"column":5}}],"line":11},"2":{"loc":{"start":{"line":13,"column":6},"end":{"line":13,"column":63}},"type":"if","locations":[{"start":{"line":13,"column":6},"end":{"line":13,"column":63}},{"start":{},"end":{}}],"line":13},"3":{"loc":{"start":{"line":21,"column":11},"end":{"line":39,"column":5}},"type":"if","locations":[{"start":{"line":21,"column":11},"end":{"line":39,"column":5}},{"start":{"line":31,"column":11},"end":{"line":39,"column":5}}],"line":21},"4":{"loc":{"start":{"line":23,"column":6},"end":{"line":23,"column":60}},"type":"if","locations":[{"start":{"line":23,"column":6},"end":{"line":23,"column":60}},{"start":{},"end":{}}],"line":23},"5":{"loc":{"start":{"line":33,"column":6},"end":{"line":33,"column":59}},"type":"if","locations":[{"start":{"line":33,"column":6},"end":{"line":33,"column":59}},{"start":{},"end":{}}],"line":33}},"s":{"0":6,"1":6,"2":6,"3":7,"4":7,"5":7,"6":2,"7":5,"8":3,"9":0,"10":0,"11":0,"12":0,"13":3,"14":0,"15":0,"16":0,"17":0,"18":3,"19":3,"20":0,"21":3,"22":3,"23":4,"24":6},"f":{"0":7},"b":{"0":[2,5],"1":[0,3],"2":[0,0],"3":[0,3],"4":[0,0],"5":[0,3]},"_coverageSchema":"1a1c01bbd47fc00a2c39e90264f33305004495a9","hash":"a67253d6670143988047fd3a7fc33f27ce1ef751"}
,"C:\\Users\\wandi\\Hacktive8\\phase3\\rumah-sandar-server\\middlewares\\authorization.js": {"path":"C:\\Users\\wandi\\Hacktive8\\phase3\\rumah-sandar-server\\middlewares\\authorization.js","statementMap":{"0":{"start":{"line":1,"column":19},"end":{"line":1,"column":39}},"1":{"start":{"line":2,"column":34},"end":{"line":13,"column":1}},"2":{"start":{"line":3,"column":2},"end":{"line":12,"column":3}},"3":{"start":{"line":4,"column":19},"end":{"line":4,"column":27}},"4":{"start":{"line":5,"column":4},"end":{"line":7,"column":5}},"5":{"start":{"line":6,"column":6},"end":{"line":6,"column":34}},"6":{"start":{"line":8,"column":22},"end":{"line":9,"column":10}},"7":{"start":{"line":11,"column":4},"end":{"line":11,"column":16}},"8":{"start":{"line":15,"column":0},"end":{"line":17,"column":2}}},"fnMap":{"0":{"name":"(anonymous_0)","decl":{"start":{"line":2,"column":34},"end":{"line":2,"column":35}},"loc":{"start":{"line":2,"column":60},"end":{"line":13,"column":1}},"line":2}},"branchMap":{"0":{"loc":{"start":{"line":5,"column":4},"end":{"line":7,"column":5}},"type":"if","locations":[{"start":{"line":5,"column":4},"end":{"line":7,"column":5}},{"start":{},"end":{}}],"line":5}},"s":{"0":6,"1":6,"2":0,"3":0,"4":0,"5":0,"6":0,"7":0,"8":6},"f":{"0":0},"b":{"0":[0,0]},"_coverageSchema":"1a1c01bbd47fc00a2c39e90264f33305004495a9","hash":"b5b2e41784ccd73897ef8a73ab95a444704994b8"}
,"C:\\Users\\wandi\\Hacktive8\\phase3\\rumah-sandar-server\\middlewares\\errorHandlers.js": {"path":"C:\\Users\\wandi\\Hacktive8\\phase3\\rumah-sandar-server\\middlewares\\errorHandlers.js","statementMap":{"0":{"start":{"line":2,"column":2},"end":{"line":2,"column":19}},"1":{"start":{"line":3,"column":13},"end":{"line":3,"column":16}},"2":{"start":{"line":4,"column":12},"end":{"line":4,"column":35}},"3":{"start":{"line":6,"column":2},"end":{"line":9,"column":3}},"4":{"start":{"line":7,"column":4},"end":{"line":7,"column":15}},"5":{"start":{"line":8,"column":4},"end":{"line":8,"column":61}},"6":{"start":{"line":10,"column":2},"end":{"line":39,"column":3}},"7":{"start":{"line":11,"column":4},"end":{"line":11,"column":47}},"8":{"start":{"line":12,"column":9},"end":{"line":39,"column":3}},"9":{"start":{"line":13,"column":4},"end":{"line":13,"column":51}},"10":{"start":{"line":14,"column":9},"end":{"line":39,"column":3}},"11":{"start":{"line":15,"column":4},"end":{"line":15,"column":15}},"12":{"start":{"line":16,"column":4},"end":{"line":16,"column":61}},"13":{"start":{"line":17,"column":9},"end":{"line":39,"column":3}},"14":{"start":{"line":18,"column":4},"end":{"line":18,"column":15}},"15":{"start":{"line":19,"column":4},"end":{"line":19,"column":27}},"16":{"start":{"line":20,"column":9},"end":{"line":39,"column":3}},"17":{"start":{"line":21,"column":4},"end":{"line":21,"column":15}},"18":{"start":{"line":22,"column":4},"end":{"line":22,"column":52}},"19":{"start":{"line":23,"column":9},"end":{"line":39,"column":3}},"20":{"start":{"line":24,"column":4},"end":{"line":24,"column":15}},"21":{"start":{"line":25,"column":4},"end":{"line":25,"column":35}},"22":{"start":{"line":26,"column":9},"end":{"line":39,"column":3}},"23":{"start":{"line":27,"column":4},"end":{"line":27,"column":15}},"24":{"start":{"line":28,"column":4},"end":{"line":28,"column":32}},"25":{"start":{"line":29,"column":9},"end":{"line":39,"column":3}},"26":{"start":{"line":30,"column":4},"end":{"line":30,"column":15}},"27":{"start":{"line":31,"column":4},"end":{"line":31,"column":22}},"28":{"start":{"line":32,"column":9},"end":{"line":39,"column":3}},"29":{"start":{"line":33,"column":4},"end":{"line":33,"column":15}},"30":{"start":{"line":34,"column":4},"end":{"line":34,"column":36}},"31":{"start":{"line":35,"column":9},"end":{"line":39,"column":3}},"32":{"start":{"line":36,"column":4},"end":{"line":36,"column":14}},"33":{"start":{"line":37,"column":4},"end":{"line":37,"column":24}},"34":{"start":{"line":41,"column":2},"end":{"line":41,"column":42}},"35":{"start":{"line":44,"column":0},"end":{"line":44,"column":30}}},"fnMap":{"0":{"name":"errorHandler","decl":{"start":{"line":1,"column":9},"end":{"line":1,"column":21}},"loc":{"start":{"line":1,"column":43},"end":{"line":42,"column":1}},"line":1}},"branchMap":{"0":{"loc":{"start":{"line":6,"column":2},"end":{"line":9,"column":3}},"type":"if","locations":[{"start":{"line":6,"column":2},"end":{"line":9,"column":3}},{"start":{},"end":{}}],"line":6},"1":{"loc":{"start":{"line":10,"column":2},"end":{"line":39,"column":3}},"type":"if","locations":[{"start":{"line":10,"column":2},"end":{"line":39,"column":3}},{"start":{"line":12,"column":9},"end":{"line":39,"column":3}}],"line":10},"2":{"loc":{"start":{"line":12,"column":9},"end":{"line":39,"column":3}},"type":"if","locations":[{"start":{"line":12,"column":9},"end":{"line":39,"column":3}},{"start":{"line":14,"column":9},"end":{"line":39,"column":3}}],"line":12},"3":{"loc":{"start":{"line":14,"column":9},"end":{"line":39,"column":3}},"type":"if","locations":[{"start":{"line":14,"column":9},"end":{"line":39,"column":3}},{"start":{"line":17,"column":9},"end":{"line":39,"column":3}}],"line":14},"4":{"loc":{"start":{"line":17,"column":9},"end":{"line":39,"column":3}},"type":"if","locations":[{"start":{"line":17,"column":9},"end":{"line":39,"column":3}},{"start":{"line":20,"column":9},"end":{"line":39,"column":3}}],"line":17},"5":{"loc":{"start":{"line":20,"column":9},"end":{"line":39,"column":3}},"type":"if","locations":[{"start":{"line":20,"column":9},"end":{"line":39,"column":3}},{"start":{"line":23,"column":9},"end":{"line":39,"column":3}}],"line":20},"6":{"loc":{"start":{"line":23,"column":9},"end":{"line":39,"column":3}},"type":"if","locations":[{"start":{"line":23,"column":9},"end":{"line":39,"column":3}},{"start":{"line":26,"column":9},"end":{"line":39,"column":3}}],"line":23},"7":{"loc":{"start":{"line":26,"column":9},"end":{"line":39,"column":3}},"type":"if","locations":[{"start":{"line":26,"column":9},"end":{"line":39,"column":3}},{"start":{"line":29,"column":9},"end":{"line":39,"column":3}}],"line":26},"8":{"loc":{"start":{"line":29,"column":9},"end":{"line":39,"column":3}},"type":"if","locations":[{"start":{"line":29,"column":9},"end":{"line":39,"column":3}},{"start":{"line":32,"column":9},"end":{"line":39,"column":3}}],"line":29},"9":{"loc":{"start":{"line":32,"column":9},"end":{"line":39,"column":3}},"type":"if","locations":[{"start":{"line":32,"column":9},"end":{"line":39,"column":3}},{"start":{"line":35,"column":9},"end":{"line":39,"column":3}}],"line":32},"10":{"loc":{"start":{"line":35,"column":9},"end":{"line":39,"column":3}},"type":"if","locations":[{"start":{"line":35,"column":9},"end":{"line":39,"column":3}},{"start":{},"end":{}}],"line":35}},"s":{"0":19,"1":19,"2":19,"3":19,"4":0,"5":0,"6":19,"7":8,"8":11,"9":5,"10":6,"11":0,"12":0,"13":6,"14":0,"15":0,"16":6,"17":0,"18":0,"19":6,"20":0,"21":0,"22":6,"23":2,"24":2,"25":4,"26":0,"27":0,"28":4,"29":2,"30":2,"31":2,"32":2,"33":2,"34":19,"35":6},"f":{"0":19},"b":{"0":[0,19],"1":[8,11],"2":[5,6],"3":[0,6],"4":[0,6],"5":[0,6],"6":[0,6],"7":[2,4],"8":[0,4],"9":[2,2],"10":[2,0]},"_coverageSchema":"1a1c01bbd47fc00a2c39e90264f33305004495a9","hash":"d69106cc521188874aba835c347bac4c254ae7d8"}
,"C:\\Users\\wandi\\Hacktive8\\phase3\\rumah-sandar-server\\models\\admin.js": {"path":"C:\\Users\\wandi\\Hacktive8\\phase3\\rumah-sandar-server\\models\\admin.js","statementMap":{"0":{"start":{"line":4,"column":4},"end":{"line":4,"column":24}},"1":{"start":{"line":5,"column":0},"end":{"line":25,"column":2}},"2":{"start":{"line":16,"column":2},"end":{"line":23,"column":5}},"3":{"start":{"line":24,"column":2},"end":{"line":24,"column":15}}},"fnMap":{"0":{"name":"(anonymous_0)","decl":{"start":{"line":5,"column":17},"end":{"line":5,"column":18}},"loc":{"start":{"line":5,"column":43},"end":{"line":25,"column":1}},"line":5},"1":{"name":"(anonymous_1)","decl":{"start":{"line":12,"column":4},"end":{"line":12,"column":5}},"loc":{"start":{"line":12,"column":29},"end":{"line":14,"column":5}},"line":12}},"branchMap":{},"s":{"0":6,"1":6,"2":6,"3":6},"f":{"0":6,"1":6},"b":{},"_coverageSchema":"1a1c01bbd47fc00a2c39e90264f33305004495a9","hash":"ebac1e458466c9d31eaf0a19ba7c1362151bc8b2"}
,"C:\\Users\\wandi\\Hacktive8\\phase3\\rumah-sandar-server\\models\\class.js": {"path":"C:\\Users\\wandi\\Hacktive8\\phase3\\rumah-sandar-server\\models\\class.js","statementMap":{"0":{"start":{"line":4,"column":4},"end":{"line":4,"column":24}},"1":{"start":{"line":5,"column":0},"end":{"line":30,"column":2}},"2":{"start":{"line":13,"column":6},"end":{"line":13,"column":35}},"3":{"start":{"line":14,"column":6},"end":{"line":14,"column":43}},"4":{"start":{"line":18,"column":2},"end":{"line":28,"column":5}},"5":{"start":{"line":29,"column":2},"end":{"line":29,"column":15}}},"fnMap":{"0":{"name":"(anonymous_0)","decl":{"start":{"line":5,"column":17},"end":{"line":5,"column":18}},"loc":{"start":{"line":5,"column":43},"end":{"line":30,"column":1}},"line":5},"1":{"name":"(anonymous_1)","decl":{"start":{"line":12,"column":4},"end":{"line":12,"column":5}},"loc":{"start":{"line":12,"column":29},"end":{"line":16,"column":5}},"line":12}},"branchMap":{},"s":{"0":6,"1":6,"2":6,"3":6,"4":6,"5":6},"f":{"0":6,"1":6},"b":{},"_coverageSchema":"1a1c01bbd47fc00a2c39e90264f33305004495a9","hash":"055826aa57e99f08d5b05c92cce2c416633d9c99"}
,"C:\\Users\\wandi\\Hacktive8\\phase3\\rumah-sandar-server\\models\\classcategory.js": {"path":"C:\\Users\\wandi\\Hacktive8\\phase3\\rumah-sandar-server\\models\\classcategory.js","statementMap":{"0":{"start":{"line":4,"column":4},"end":{"line":4,"column":24}},"1":{"start":{"line":5,"column":0},"end":{"line":25,"column":2}},"2":{"start":{"line":13,"column":6},"end":{"line":13,"column":41}},"3":{"start":{"line":16,"column":2},"end":{"line":23,"column":5}},"4":{"start":{"line":24,"column":2},"end":{"line":24,"column":23}}},"fnMap":{"0":{"name":"(anonymous_0)","decl":{"start":{"line":5,"column":17},"end":{"line":5,"column":18}},"loc":{"start":{"line":5,"column":43},"end":{"line":25,"column":1}},"line":5},"1":{"name":"(anonymous_1)","decl":{"start":{"line":12,"column":4},"end":{"line":12,"column":5}},"loc":{"start":{"line":12,"column":29},"end":{"line":14,"column":5}},"line":12}},"branchMap":{},"s":{"0":6,"1":6,"2":6,"3":6,"4":6},"f":{"0":6,"1":6},"b":{},"_coverageSchema":"1a1c01bbd47fc00a2c39e90264f33305004495a9","hash":"cbf1c62f3e549aa6c706ec1d2b860d20737da3d3"}
,"C:\\Users\\wandi\\Hacktive8\\phase3\\rumah-sandar-server\\models\\donation.js": {"path":"C:\\Users\\wandi\\Hacktive8\\phase3\\rumah-sandar-server\\models\\donation.js","statementMap":{"0":{"start":{"line":4,"column":4},"end":{"line":4,"column":24}},"1":{"start":{"line":5,"column":0},"end":{"line":30,"column":2}},"2":{"start":{"line":13,"column":6},"end":{"line":13,"column":38}},"3":{"start":{"line":16,"column":2},"end":{"line":28,"column":5}},"4":{"start":{"line":29,"column":2},"end":{"line":29,"column":18}}},"fnMap":{"0":{"name":"(anonymous_0)","decl":{"start":{"line":5,"column":17},"end":{"line":5,"column":18}},"loc":{"start":{"line":5,"column":43},"end":{"line":30,"column":1}},"line":5},"1":{"name":"(anonymous_1)","decl":{"start":{"line":12,"column":4},"end":{"line":12,"column":5}},"loc":{"start":{"line":12,"column":29},"end":{"line":14,"column":5}},"line":12}},"branchMap":{},"s":{"0":6,"1":6,"2":6,"3":6,"4":6},"f":{"0":6,"1":6},"b":{},"_coverageSchema":"1a1c01bbd47fc00a2c39e90264f33305004495a9","hash":"a1e6dafbfe3dfa7fe510453310fc45f832afe5af"}
,"C:\\Users\\wandi\\Hacktive8\\phase3\\rumah-sandar-server\\models\\index.js": {"path":"C:\\Users\\wandi\\Hacktive8\\phase3\\rumah-sandar-server\\models\\index.js","statementMap":{"0":{"start":{"line":3,"column":11},"end":{"line":3,"column":24}},"1":{"start":{"line":4,"column":13},"end":{"line":4,"column":28}},"2":{"start":{"line":5,"column":18},"end":{"line":5,"column":38}},"3":{"start":{"line":6,"column":17},"end":{"line":6,"column":42}},"4":{"start":{"line":7,"column":12},"end":{"line":7,"column":49}},"5":{"start":{"line":8,"column":15},"end":{"line":8,"column":65}},"6":{"start":{"line":9,"column":11},"end":{"line":9,"column":13}},"7":{"start":{"line":12,"column":0},"end":{"line":16,"column":1}},"8":{"start":{"line":13,"column":2},"end":{"line":13,"column":74}},"9":{"start":{"line":15,"column":2},"end":{"line":15,"column":87}},"10":{"start":{"line":18,"column":0},"end":{"line":26,"column":5}},"11":{"start":{"line":21,"column":4},"end":{"line":21,"column":90}},"12":{"start":{"line":24,"column":18},"end":{"line":24,"column":85}},"13":{"start":{"line":25,"column":4},"end":{"line":25,"column":27}},"14":{"start":{"line":28,"column":0},"end":{"line":32,"column":3}},"15":{"start":{"line":29,"column":2},"end":{"line":31,"column":3}},"16":{"start":{"line":30,"column":4},"end":{"line":30,"column":32}},"17":{"start":{"line":34,"column":0},"end":{"line":34,"column":25}},"18":{"start":{"line":35,"column":0},"end":{"line":35,"column":25}},"19":{"start":{"line":37,"column":0},"end":{"line":37,"column":20}}},"fnMap":{"0":{"name":"(anonymous_0)","decl":{"start":{"line":20,"column":10},"end":{"line":20,"column":11}},"loc":{"start":{"line":20,"column":18},"end":{"line":22,"column":3}},"line":20},"1":{"name":"(anonymous_1)","decl":{"start":{"line":23,"column":11},"end":{"line":23,"column":12}},"loc":{"start":{"line":23,"column":19},"end":{"line":26,"column":3}},"line":23},"2":{"name":"(anonymous_2)","decl":{"start":{"line":28,"column":24},"end":{"line":28,"column":25}},"loc":{"start":{"line":28,"column":37},"end":{"line":32,"column":1}},"line":28}},"branchMap":{"0":{"loc":{"start":{"line":7,"column":12},"end":{"line":7,"column":49}},"type":"binary-expr","locations":[{"start":{"line":7,"column":12},"end":{"line":7,"column":32}},{"start":{"line":7,"column":36},"end":{"line":7,"column":49}}],"line":7},"1":{"loc":{"start":{"line":12,"column":0},"end":{"line":16,"column":1}},"type":"if","locations":[{"start":{"line":12,"column":0},"end":{"line":16,"column":1}},{"start":{"line":14,"column":7},"end":{"line":16,"column":1}}],"line":12},"2":{"loc":{"start":{"line":21,"column":11},"end":{"line":21,"column":89}},"type":"binary-expr","locations":[{"start":{"line":21,"column":12},"end":{"line":21,"column":35}},{"start":{"line":21,"column":41},"end":{"line":21,"column":58}},{"start":{"line":21,"column":64},"end":{"line":21,"column":88}}],"line":21},"3":{"loc":{"start":{"line":29,"column":2},"end":{"line":31,"column":3}},"type":"if","locations":[{"start":{"line":29,"column":2},"end":{"line":31,"column":3}},{"start":{},"end":{}}],"line":29}},"s":{"0":6,"1":6,"2":6,"3":6,"4":6,"5":6,"6":6,"7":6,"8":0,"9":6,"10":6,"11":60,"12":54,"13":54,"14":6,"15":54,"16":54,"17":6,"18":6,"19":6},"f":{"0":60,"1":54,"2":54},"b":{"0":[6,0],"1":[0,6],"2":[60,60,54],"3":[54,0]},"_coverageSchema":"1a1c01bbd47fc00a2c39e90264f33305004495a9","hash":"9e1d13c4414b8e58ccb5a39f0bb8c8721868cc82"}
,"C:\\Users\\wandi\\Hacktive8\\phase3\\rumah-sandar-server\\models\\invoice.js": {"path":"C:\\Users\\wandi\\Hacktive8\\phase3\\rumah-sandar-server\\models\\invoice.js","statementMap":{"0":{"start":{"line":4,"column":4},"end":{"line":4,"column":24}},"1":{"start":{"line":5,"column":0},"end":{"line":36,"column":2}},"2":{"start":{"line":13,"column":6},"end":{"line":13,"column":40}},"3":{"start":{"line":18,"column":2},"end":{"line":34,"column":5}},"4":{"start":{"line":35,"column":2},"end":{"line":35,"column":17}}},"fnMap":{"0":{"name":"(anonymous_0)","decl":{"start":{"line":5,"column":17},"end":{"line":5,"column":18}},"loc":{"start":{"line":5,"column":43},"end":{"line":36,"column":1}},"line":5},"1":{"name":"(anonymous_1)","decl":{"start":{"line":12,"column":4},"end":{"line":12,"column":5}},"loc":{"start":{"line":12,"column":29},"end":{"line":16,"column":5}},"line":12}},"branchMap":{},"s":{"0":6,"1":6,"2":6,"3":6,"4":6},"f":{"0":6,"1":6},"b":{},"_coverageSchema":"1a1c01bbd47fc00a2c39e90264f33305004495a9","hash":"d1e0429673d721da411bd52de73eab8332994709"}
,"C:\\Users\\wandi\\Hacktive8\\phase3\\rumah-sandar-server\\models\\match.js": {"path":"C:\\Users\\wandi\\Hacktive8\\phase3\\rumah-sandar-server\\models\\match.js","statementMap":{"0":{"start":{"line":2,"column":18},"end":{"line":2,"column":38}},"1":{"start":{"line":3,"column":0},"end":{"line":30,"column":2}},"2":{"start":{"line":11,"column":6},"end":{"line":11,"column":37}},"3":{"start":{"line":12,"column":6},"end":{"line":12,"column":40}},"4":{"start":{"line":13,"column":6},"end":{"line":13,"column":34}},"5":{"start":{"line":16,"column":2},"end":{"line":28,"column":4}},"6":{"start":{"line":29,"column":2},"end":{"line":29,"column":15}}},"fnMap":{"0":{"name":"(anonymous_0)","decl":{"start":{"line":3,"column":17},"end":{"line":3,"column":18}},"loc":{"start":{"line":3,"column":43},"end":{"line":30,"column":1}},"line":3},"1":{"name":"(anonymous_1)","decl":{"start":{"line":10,"column":4},"end":{"line":10,"column":5}},"loc":{"start":{"line":10,"column":29},"end":{"line":14,"column":5}},"line":10}},"branchMap":{},"s":{"0":6,"1":6,"2":6,"3":6,"4":6,"5":6,"6":6},"f":{"0":6,"1":6},"b":{},"_coverageSchema":"1a1c01bbd47fc00a2c39e90264f33305004495a9","hash":"dfb1264096f44da94c91304f5a968843743c9587"}
,"C:\\Users\\wandi\\Hacktive8\\phase3\\rumah-sandar-server\\models\\orphan.js": {"path":"C:\\Users\\wandi\\Hacktive8\\phase3\\rumah-sandar-server\\models\\orphan.js","statementMap":{"0":{"start":{"line":4,"column":4},"end":{"line":4,"column":24}},"1":{"start":{"line":5,"column":31},"end":{"line":5,"column":60}},"2":{"start":{"line":6,"column":0},"end":{"line":103,"column":2}},"3":{"start":{"line":15,"column":6},"end":{"line":15,"column":40}},"4":{"start":{"line":16,"column":6},"end":{"line":16,"column":33}},"5":{"start":{"line":19,"column":2},"end":{"line":94,"column":5}},"6":{"start":{"line":96,"column":2},"end":{"line":99,"column":4}},"7":{"start":{"line":97,"column":4},"end":{"line":97,"column":61}},"8":{"start":{"line":98,"column":4},"end":{"line":98,"column":29}},"9":{"start":{"line":102,"column":2},"end":{"line":102,"column":16}}},"fnMap":{"0":{"name":"(anonymous_0)","decl":{"start":{"line":6,"column":17},"end":{"line":6,"column":18}},"loc":{"start":{"line":6,"column":43},"end":{"line":103,"column":1}},"line":6},"1":{"name":"(anonymous_1)","decl":{"start":{"line":13,"column":4},"end":{"line":13,"column":5}},"loc":{"start":{"line":13,"column":29},"end":{"line":17,"column":5}},"line":13},"2":{"name":"(anonymous_2)","decl":{"start":{"line":96,"column":22},"end":{"line":96,"column":23}},"loc":{"start":{"line":96,"column":36},"end":{"line":99,"column":3}},"line":96}},"branchMap":{},"s":{"0":6,"1":6,"2":6,"3":6,"4":6,"5":6,"6":6,"7":2,"8":2,"9":6},"f":{"0":6,"1":6,"2":2},"b":{},"_coverageSchema":"1a1c01bbd47fc00a2c39e90264f33305004495a9","hash":"ed32961e4af65a0bac86cc4e92b4797376f1d959"}
,"C:\\Users\\wandi\\Hacktive8\\phase3\\rumah-sandar-server\\models\\orphanage.js": {"path":"C:\\Users\\wandi\\Hacktive8\\phase3\\rumah-sandar-server\\models\\orphanage.js","statementMap":{"0":{"start":{"line":4,"column":4},"end":{"line":4,"column":24}},"1":{"start":{"line":5,"column":0},"end":{"line":27,"column":2}},"2":{"start":{"line":13,"column":6},"end":{"line":13,"column":38}},"3":{"start":{"line":17,"column":2},"end":{"line":25,"column":5}},"4":{"start":{"line":26,"column":2},"end":{"line":26,"column":19}}},"fnMap":{"0":{"name":"(anonymous_0)","decl":{"start":{"line":5,"column":17},"end":{"line":5,"column":18}},"loc":{"start":{"line":5,"column":43},"end":{"line":27,"column":1}},"line":5},"1":{"name":"(anonymous_1)","decl":{"start":{"line":12,"column":4},"end":{"line":12,"column":5}},"loc":{"start":{"line":12,"column":29},"end":{"line":15,"column":5}},"line":12}},"branchMap":{},"s":{"0":6,"1":6,"2":6,"3":6,"4":6},"f":{"0":6,"1":6},"b":{},"_coverageSchema":"1a1c01bbd47fc00a2c39e90264f33305004495a9","hash":"3a9a12fe246d26aaca6df98acc506d50cbd3639c"}
,"C:\\Users\\wandi\\Hacktive8\\phase3\\rumah-sandar-server\\models\\volunteer.js": {"path":"C:\\Users\\wandi\\Hacktive8\\phase3\\rumah-sandar-server\\models\\volunteer.js","statementMap":{"0":{"start":{"line":2,"column":18},"end":{"line":2,"column":38}},"1":{"start":{"line":3,"column":31},"end":{"line":3,"column":60}},"2":{"start":{"line":4,"column":0},"end":{"line":126,"column":2}},"3":{"start":{"line":12,"column":6},"end":{"line":12,"column":37}},"4":{"start":{"line":16,"column":2},"end":{"line":118,"column":4}},"5":{"start":{"line":120,"column":2},"end":{"line":123,"column":5}},"6":{"start":{"line":121,"column":4},"end":{"line":121,"column":62}},"7":{"start":{"line":122,"column":4},"end":{"line":122,"column":30}},"8":{"start":{"line":125,"column":2},"end":{"line":125,"column":19}}},"fnMap":{"0":{"name":"(anonymous_0)","decl":{"start":{"line":4,"column":17},"end":{"line":4,"column":18}},"loc":{"start":{"line":4,"column":43},"end":{"line":126,"column":1}},"line":4},"1":{"name":"(anonymous_1)","decl":{"start":{"line":11,"column":4},"end":{"line":11,"column":5}},"loc":{"start":{"line":11,"column":29},"end":{"line":14,"column":5}},"line":11},"2":{"name":"(anonymous_2)","decl":{"start":{"line":120,"column":25},"end":{"line":120,"column":26}},"loc":{"start":{"line":120,"column":39},"end":{"line":123,"column":3}},"line":120}},"branchMap":{},"s":{"0":6,"1":6,"2":6,"3":6,"4":6,"5":6,"6":2,"7":2,"8":6},"f":{"0":6,"1":6,"2":2},"b":{},"_coverageSchema":"1a1c01bbd47fc00a2c39e90264f33305004495a9","hash":"ec966f8e9e62f0138e9eb338227630592b51a63c"}
,"C:\\Users\\wandi\\Hacktive8\\phase3\\rumah-sandar-server\\routes\\admin.js": {"path":"C:\\Users\\wandi\\Hacktive8\\phase3\\rumah-sandar-server\\routes\\admin.js","statementMap":{"0":{"start":{"line":1,"column":24},"end":{"line":1,"column":65}},"1":{"start":{"line":3,"column":15},"end":{"line":3,"column":42}},"2":{"start":{"line":5,"column":0},"end":{"line":5,"column":49}},"3":{"start":{"line":6,"column":0},"end":{"line":6,"column":56}},"4":{"start":{"line":7,"column":0},"end":{"line":7,"column":63}},"5":{"start":{"line":8,"column":0},"end":{"line":8,"column":72}},"6":{"start":{"line":13,"column":0},"end":{"line":13,"column":23}}},"fnMap":{},"branchMap":{},"s":{"0":6,"1":6,"2":6,"3":6,"4":6,"5":6,"6":6},"f":{},"b":{},"_coverageSchema":"1a1c01bbd47fc00a2c39e90264f33305004495a9","hash":"3427641113c21612ef130b2d4ed226484c1873b2"}
,"C:\\Users\\wandi\\Hacktive8\\phase3\\rumah-sandar-server\\routes\\category.js": {"path":"C:\\Users\\wandi\\Hacktive8\\phase3\\rumah-sandar-server\\routes\\category.js","statementMap":{"0":{"start":{"line":1,"column":27},"end":{"line":1,"column":71}},"1":{"start":{"line":3,"column":15},"end":{"line":3,"column":42}},"2":{"start":{"line":5,"column":0},"end":{"line":5,"column":50}},"3":{"start":{"line":7,"column":0},"end":{"line":7,"column":24}}},"fnMap":{},"branchMap":{},"s":{"0":6,"1":6,"2":6,"3":6},"f":{},"b":{},"_coverageSchema":"1a1c01bbd47fc00a2c39e90264f33305004495a9","hash":"88432465f061f94ad70b55e43c4a734cc39f8524"}
,"C:\\Users\\wandi\\Hacktive8\\phase3\\rumah-sandar-server\\routes\\class.js": {"path":"C:\\Users\\wandi\\Hacktive8\\phase3\\rumah-sandar-server\\routes\\class.js","statementMap":{"0":{"start":{"line":1,"column":16},"end":{"line":1,"column":34}},"1":{"start":{"line":2,"column":24},"end":{"line":2,"column":65}},"2":{"start":{"line":3,"column":15},"end":{"line":3,"column":31}},"3":{"start":{"line":5,"column":0},"end":{"line":5,"column":50}},"4":{"start":{"line":6,"column":0},"end":{"line":6,"column":61}},"5":{"start":{"line":8,"column":0},"end":{"line":8,"column":24}}},"fnMap":{},"branchMap":{},"s":{"0":6,"1":6,"2":6,"3":6,"4":6,"5":6},"f":{},"b":{},"_coverageSchema":"1a1c01bbd47fc00a2c39e90264f33305004495a9","hash":"1abb763a77957fffaa9cce28742441b0c692bfeb"}
,"C:\\Users\\wandi\\Hacktive8\\phase3\\rumah-sandar-server\\routes\\index.js": {"path":"C:\\Users\\wandi\\Hacktive8\\phase3\\rumah-sandar-server\\routes\\index.js","statementMap":{"0":{"start":{"line":1,"column":16},"end":{"line":1,"column":34}},"1":{"start":{"line":2,"column":15},"end":{"line":2,"column":31}},"2":{"start":{"line":4,"column":20},"end":{"line":4,"column":38}},"3":{"start":{"line":5,"column":20},"end":{"line":5,"column":38}},"4":{"start":{"line":6,"column":24},"end":{"line":6,"column":46}},"5":{"start":{"line":7,"column":21},"end":{"line":7,"column":40}},"6":{"start":{"line":8,"column":25},"end":{"line":8,"column":47}},"7":{"start":{"line":9,"column":23},"end":{"line":9,"column":44}},"8":{"start":{"line":10,"column":20},"end":{"line":10,"column":38}},"9":{"start":{"line":11,"column":22},"end":{"line":11,"column":43}},"10":{"start":{"line":12,"column":23},"end":{"line":12,"column":63}},"11":{"start":{"line":14,"column":0},"end":{"line":16,"column":3}},"12":{"start":{"line":15,"column":2},"end":{"line":15,"column":64}},"13":{"start":{"line":18,"column":0},"end":{"line":18,"column":41}},"14":{"start":{"line":19,"column":0},"end":{"line":19,"column":35}},"15":{"start":{"line":20,"column":0},"end":{"line":20,"column":43}},"16":{"start":{"line":21,"column":0},"end":{"line":21,"column":37}},"17":{"start":{"line":23,"column":0},"end":{"line":23,"column":26}},"18":{"start":{"line":24,"column":0},"end":{"line":24,"column":33}},"19":{"start":{"line":25,"column":0},"end":{"line":25,"column":34}},"20":{"start":{"line":27,"column":0},"end":{"line":27,"column":41}},"21":{"start":{"line":28,"column":0},"end":{"line":28,"column":36}},"22":{"start":{"line":30,"column":0},"end":{"line":30,"column":24}}},"fnMap":{"0":{"name":"(anonymous_0)","decl":{"start":{"line":14,"column":16},"end":{"line":14,"column":17}},"loc":{"start":{"line":14,"column":30},"end":{"line":16,"column":1}},"line":14}},"branchMap":{},"s":{"0":6,"1":6,"2":6,"3":6,"4":6,"5":6,"6":6,"7":6,"8":6,"9":6,"10":6,"11":6,"12":0,"13":6,"14":6,"15":6,"16":6,"17":6,"18":6,"19":6,"20":6,"21":6,"22":6},"f":{"0":0},"b":{},"_coverageSchema":"1a1c01bbd47fc00a2c39e90264f33305004495a9","hash":"ac4da5fe1d02fbed1651f6e218353508df4db7ad"}
,"C:\\Users\\wandi\\Hacktive8\\phase3\\rumah-sandar-server\\routes\\match.js": {"path":"C:\\Users\\wandi\\Hacktive8\\phase3\\rumah-sandar-server\\routes\\match.js","statementMap":{"0":{"start":{"line":1,"column":16},"end":{"line":1,"column":34}},"1":{"start":{"line":2,"column":24},"end":{"line":2,"column":65}},"2":{"start":{"line":3,"column":38},"end":{"line":3,"column":77}},"3":{"start":{"line":4,"column":15},"end":{"line":4,"column":31}},"4":{"start":{"line":6,"column":0},"end":{"line":6,"column":45}},"5":{"start":{"line":7,"column":0},"end":{"line":7,"column":76}},"6":{"start":{"line":8,"column":0},"end":{"line":8,"column":61}},"7":{"start":{"line":10,"column":0},"end":{"line":10,"column":24}}},"fnMap":{},"branchMap":{},"s":{"0":6,"1":6,"2":6,"3":6,"4":6,"5":6,"6":6,"7":6},"f":{},"b":{},"_coverageSchema":"1a1c01bbd47fc00a2c39e90264f33305004495a9","hash":"824a5c1857cf28860e2950514801ca53d7c0b735"}
,"C:\\Users\\wandi\\Hacktive8\\phase3\\rumah-sandar-server\\routes\\orphan.js": {"path":"C:\\Users\\wandi\\Hacktive8\\phase3\\rumah-sandar-server\\routes\\orphan.js","statementMap":{"0":{"start":{"line":1,"column":25},"end":{"line":1,"column":67}},"1":{"start":{"line":4,"column":15},"end":{"line":4,"column":42}},"2":{"start":{"line":7,"column":0},"end":{"line":7,"column":57}},"3":{"start":{"line":8,"column":0},"end":{"line":8,"column":51}},"4":{"start":{"line":18,"column":0},"end":{"line":18,"column":23}}},"fnMap":{},"branchMap":{},"s":{"0":6,"1":6,"2":6,"3":6,"4":6},"f":{},"b":{},"_coverageSchema":"1a1c01bbd47fc00a2c39e90264f33305004495a9","hash":"6be794569f2f0598b9fcf3f0668cda2eacc49ed6"}
,"C:\\Users\\wandi\\Hacktive8\\phase3\\rumah-sandar-server\\routes\\orphanage.js": {"path":"C:\\Users\\wandi\\Hacktive8\\phase3\\rumah-sandar-server\\routes\\orphanage.js","statementMap":{"0":{"start":{"line":1,"column":28},"end":{"line":1,"column":73}},"1":{"start":{"line":3,"column":15},"end":{"line":3,"column":42}},"2":{"start":{"line":5,"column":0},"end":{"line":5,"column":51}},"3":{"start":{"line":7,"column":0},"end":{"line":7,"column":24}}},"fnMap":{},"branchMap":{},"s":{"0":6,"1":6,"2":6,"3":6},"f":{},"b":{},"_coverageSchema":"1a1c01bbd47fc00a2c39e90264f33305004495a9","hash":"24172114e5d315c77b56ab4d2c75e494bb559dfd"}
,"C:\\Users\\wandi\\Hacktive8\\phase3\\rumah-sandar-server\\routes\\payments.js": {"path":"C:\\Users\\wandi\\Hacktive8\\phase3\\rumah-sandar-server\\routes\\payments.js","statementMap":{"0":{"start":{"line":1,"column":16},"end":{"line":1,"column":34}},"1":{"start":{"line":2,"column":26},"end":{"line":2,"column":69}},"2":{"start":{"line":3,"column":15},"end":{"line":3,"column":31}},"3":{"start":{"line":5,"column":0},"end":{"line":5,"column":65}},"4":{"start":{"line":6,"column":0},"end":{"line":6,"column":56}},"5":{"start":{"line":8,"column":0},"end":{"line":8,"column":24}}},"fnMap":{},"branchMap":{},"s":{"0":6,"1":6,"2":6,"3":6,"4":6,"5":6},"f":{},"b":{},"_coverageSchema":"1a1c01bbd47fc00a2c39e90264f33305004495a9","hash":"7a4a1db3c969ecdd22acbcde932f9830e1f98b88"}
,"C:\\Users\\wandi\\Hacktive8\\phase3\\rumah-sandar-server\\routes\\volunteer.js": {"path":"C:\\Users\\wandi\\Hacktive8\\phase3\\rumah-sandar-server\\routes\\volunteer.js","statementMap":{"0":{"start":{"line":1,"column":24},"end":{"line":1,"column":65}},"1":{"start":{"line":2,"column":28},"end":{"line":2,"column":73}},"2":{"start":{"line":4,"column":15},"end":{"line":4,"column":42}},"3":{"start":{"line":6,"column":0},"end":{"line":6,"column":49}},"4":{"start":{"line":7,"column":0},"end":{"line":7,"column":64}},"5":{"start":{"line":8,"column":0},"end":{"line":8,"column":58}},"6":{"start":{"line":11,"column":0},"end":{"line":11,"column":24}}},"fnMap":{},"branchMap":{},"s":{"0":6,"1":6,"2":6,"3":6,"4":6,"5":6,"6":6},"f":{},"b":{},"_coverageSchema":"1a1c01bbd47fc00a2c39e90264f33305004495a9","hash":"a4d3abafddb38f82665186dc5b5d58eb8e5c675f"}
}
