{"H:\\finalproject-rumahsandar\\rumah-sandar-server\\app.js": {"path":"H:\\finalproject-rumahsandar\\rumah-sandar-server\\app.js","statementMap":{"0":{"start":{"line":1,"column":13},"end":{"line":1,"column":28}},"1":{"start":{"line":2,"column":0},"end":{"line":4,"column":1}},"2":{"start":{"line":3,"column":2},"end":{"line":3,"column":29}},"3":{"start":{"line":6,"column":16},"end":{"line":6,"column":34}},"4":{"start":{"line":7,"column":13},"end":{"line":7,"column":28}},"5":{"start":{"line":8,"column":15},"end":{"line":8,"column":34}},"6":{"start":{"line":9,"column":21},"end":{"line":9,"column":59}},"7":{"start":{"line":10,"column":12},"end":{"line":10,"column":21}},"8":{"start":{"line":12,"column":0},"end":{"line":12,"column":16}},"9":{"start":{"line":13,"column":0},"end":{"line":13,"column":24}},"10":{"start":{"line":14,"column":0},"end":{"line":14,"column":48}},"11":{"start":{"line":15,"column":0},"end":{"line":15,"column":37}},"12":{"start":{"line":16,"column":0},"end":{"line":16,"column":21}},"13":{"start":{"line":17,"column":0},"end":{"line":17,"column":22}},"14":{"start":{"line":19,"column":0},"end":{"line":19,"column":21}}},"fnMap":{},"branchMap":{"0":{"loc":{"start":{"line":2,"column":0},"end":{"line":4,"column":1}},"type":"if","locations":[{"start":{"line":2,"column":0},"end":{"line":4,"column":1}},{"start":{},"end":{}}],"line":2}},"s":{"0":1,"1":1,"2":1,"3":1,"4":1,"5":1,"6":1,"7":1,"8":1,"9":1,"10":1,"11":1,"12":1,"13":1,"14":1},"f":{},"b":{"0":[1,0]},"_coverageSchema":"1a1c01bbd47fc00a2c39e90264f33305004495a9","hash":"591d4bb22aed5cb3710d9daf133b3cd27f702023"}
,"H:\\finalproject-rumahsandar\\rumah-sandar-server\\controllers\\adminController.js": {"path":"H:\\finalproject-rumahsandar\\rumah-sandar-server\\controllers\\adminController.js","statementMap":{"0":{"start":{"line":4,"column":4},"end":{"line":4,"column":33}},"1":{"start":{"line":5,"column":44},"end":{"line":5,"column":64}},"2":{"start":{"line":6,"column":13},"end":{"line":6,"column":45}},"3":{"start":{"line":7,"column":31},"end":{"line":7,"column":75}},"4":{"start":{"line":11,"column":4},"end":{"line":27,"column":5}},"5":{"start":{"line":12,"column":34},"end":{"line":12,"column":42}},"6":{"start":{"line":13,"column":6},"end":{"line":13,"column":58}},"7":{"start":{"line":13,"column":31},"end":{"line":13,"column":58}},"8":{"start":{"line":14,"column":18},"end":{"line":14,"column":59}},"9":{"start":{"line":16,"column":6},"end":{"line":16,"column":59}},"10":{"start":{"line":16,"column":18},"end":{"line":16,"column":59}},"11":{"start":{"line":17,"column":20},"end":{"line":17,"column":69}},"12":{"start":{"line":18,"column":6},"end":{"line":18,"column":61}},"13":{"start":{"line":18,"column":20},"end":{"line":18,"column":61}},"14":{"start":{"line":19,"column":27},"end":{"line":22,"column":8}},"15":{"start":{"line":23,"column":6},"end":{"line":23,"column":45}},"16":{"start":{"line":26,"column":6},"end":{"line":26,"column":16}},"17":{"start":{"line":31,"column":4},"end":{"line":39,"column":5}},"18":{"start":{"line":32,"column":25},"end":{"line":32,"column":50}},"19":{"start":{"line":33,"column":6},"end":{"line":33,"column":51}},"20":{"start":{"line":33,"column":23},"end":{"line":33,"column":51}},"21":{"start":{"line":35,"column":6},"end":{"line":35,"column":39}},"22":{"start":{"line":38,"column":6},"end":{"line":38,"column":18}},"23":{"start":{"line":43,"column":25},"end":{"line":43,"column":35}},"24":{"start":{"line":44,"column":4},"end":{"line":59,"column":5}},"25":{"start":{"line":45,"column":26},"end":{"line":45,"column":57}},"26":{"start":{"line":46,"column":6},"end":{"line":46,"column":52}},"27":{"start":{"line":46,"column":24},"end":{"line":46,"column":52}},"28":{"start":{"line":48,"column":6},"end":{"line":53,"column":8}},"29":{"start":{"line":55,"column":6},"end":{"line":55,"column":62}},"30":{"start":{"line":56,"column":6},"end":{"line":56,"column":58}},"31":{"start":{"line":58,"column":6},"end":{"line":58,"column":18}},"32":{"start":{"line":63,"column":4},"end":{"line":78,"column":5}},"33":{"start":{"line":64,"column":30},"end":{"line":64,"column":40}},"34":{"start":{"line":65,"column":29},"end":{"line":65,"column":66}},"35":{"start":{"line":66,"column":6},"end":{"line":66,"column":55}},"36":{"start":{"line":66,"column":27},"end":{"line":66,"column":55}},"37":{"start":{"line":68,"column":6},"end":{"line":73,"column":8}},"38":{"start":{"line":74,"column":6},"end":{"line":74,"column":47}},"39":{"start":{"line":75,"column":6},"end":{"line":75,"column":58}},"40":{"start":{"line":77,"column":6},"end":{"line":77,"column":18}},"41":{"start":{"line":82,"column":4},"end":{"line":90,"column":5}},"42":{"start":{"line":83,"column":22},"end":{"line":83,"column":44}},"43":{"start":{"line":84,"column":6},"end":{"line":84,"column":48}},"44":{"start":{"line":84,"column":20},"end":{"line":84,"column":48}},"45":{"start":{"line":86,"column":6},"end":{"line":86,"column":36}},"46":{"start":{"line":89,"column":6},"end":{"line":89,"column":18}},"47":{"start":{"line":94,"column":0},"end":{"line":94,"column":33}}},"fnMap":{"0":{"name":"(anonymous_0)","decl":{"start":{"line":10,"column":2},"end":{"line":10,"column":3}},"loc":{"start":{"line":10,"column":42},"end":{"line":28,"column":3}},"line":10},"1":{"name":"(anonymous_1)","decl":{"start":{"line":30,"column":2},"end":{"line":30,"column":3}},"loc":{"start":{"line":30,"column":45},"end":{"line":40,"column":3}},"line":30},"2":{"name":"(anonymous_2)","decl":{"start":{"line":42,"column":2},"end":{"line":42,"column":3}},"loc":{"start":{"line":42,"column":44},"end":{"line":60,"column":3}},"line":42},"3":{"name":"(anonymous_3)","decl":{"start":{"line":62,"column":2},"end":{"line":62,"column":3}},"loc":{"start":{"line":62,"column":47},"end":{"line":79,"column":3}},"line":62},"4":{"name":"(anonymous_4)","decl":{"start":{"line":81,"column":2},"end":{"line":81,"column":3}},"loc":{"start":{"line":81,"column":42},"end":{"line":91,"column":3}},"line":81}},"branchMap":{"0":{"loc":{"start":{"line":13,"column":6},"end":{"line":13,"column":58}},"type":"if","locations":[{"start":{"line":13,"column":6},"end":{"line":13,"column":58}},{"start":{},"end":{}}],"line":13},"1":{"loc":{"start":{"line":13,"column":10},"end":{"line":13,"column":29}},"type":"binary-expr","locations":[{"start":{"line":13,"column":10},"end":{"line":13,"column":16}},{"start":{"line":13,"column":20},"end":{"line":13,"column":29}}],"line":13},"2":{"loc":{"start":{"line":16,"column":6},"end":{"line":16,"column":59}},"type":"if","locations":[{"start":{"line":16,"column":6},"end":{"line":16,"column":59}},{"start":{},"end":{}}],"line":16},"3":{"loc":{"start":{"line":18,"column":6},"end":{"line":18,"column":61}},"type":"if","locations":[{"start":{"line":18,"column":6},"end":{"line":18,"column":61}},{"start":{},"end":{}}],"line":18},"4":{"loc":{"start":{"line":33,"column":6},"end":{"line":33,"column":51}},"type":"if","locations":[{"start":{"line":33,"column":6},"end":{"line":33,"column":51}},{"start":{},"end":{}}],"line":33},"5":{"loc":{"start":{"line":46,"column":6},"end":{"line":46,"column":52}},"type":"if","locations":[{"start":{"line":46,"column":6},"end":{"line":46,"column":52}},{"start":{},"end":{}}],"line":46},"6":{"loc":{"start":{"line":66,"column":6},"end":{"line":66,"column":55}},"type":"if","locations":[{"start":{"line":66,"column":6},"end":{"line":66,"column":55}},{"start":{},"end":{}}],"line":66},"7":{"loc":{"start":{"line":84,"column":6},"end":{"line":84,"column":48}},"type":"if","locations":[{"start":{"line":84,"column":6},"end":{"line":84,"column":48}},{"start":{},"end":{}}],"line":84}},"s":{"0":1,"1":1,"2":1,"3":1,"4":0,"5":0,"6":0,"7":0,"8":0,"9":0,"10":0,"11":0,"12":0,"13":0,"14":0,"15":0,"16":0,"17":0,"18":0,"19":0,"20":0,"21":0,"22":0,"23":0,"24":0,"25":0,"26":0,"27":0,"28":0,"29":0,"30":0,"31":0,"32":0,"33":0,"34":0,"35":0,"36":0,"37":0,"38":0,"39":0,"40":0,"41":0,"42":0,"43":0,"44":0,"45":0,"46":0,"47":1},"f":{"0":0,"1":0,"2":0,"3":0,"4":0},"b":{"0":[0,0],"1":[0,0],"2":[0,0],"3":[0,0],"4":[0,0],"5":[0,0],"6":[0,0],"7":[0,0]},"_coverageSchema":"1a1c01bbd47fc00a2c39e90264f33305004495a9","hash":"463aab0c125a6d0e4b9897234493ee0869bb9847"}
,"H:\\finalproject-rumahsandar\\rumah-sandar-server\\controllers\\categoryController.js": {"path":"H:\\finalproject-rumahsandar\\rumah-sandar-server\\controllers\\categoryController.js","statementMap":{"0":{"start":{"line":1,"column":26},"end":{"line":1,"column":46}},"1":{"start":{"line":7,"column":4},"end":{"line":16,"column":5}},"2":{"start":{"line":8,"column":23},"end":{"line":10,"column":8}},"3":{"start":{"line":11,"column":6},"end":{"line":11,"column":51}},"4":{"start":{"line":11,"column":23},"end":{"line":11,"column":51}},"5":{"start":{"line":12,"column":6},"end":{"line":12,"column":39}},"6":{"start":{"line":14,"column":6},"end":{"line":14,"column":25}},"7":{"start":{"line":15,"column":6},"end":{"line":15,"column":18}},"8":{"start":{"line":20,"column":0},"end":{"line":20,"column":36}}},"fnMap":{"0":{"name":"(anonymous_0)","decl":{"start":{"line":4,"column":2},"end":{"line":4,"column":3}},"loc":{"start":{"line":4,"column":45},"end":{"line":17,"column":3}},"line":4}},"branchMap":{"0":{"loc":{"start":{"line":11,"column":6},"end":{"line":11,"column":51}},"type":"if","locations":[{"start":{"line":11,"column":6},"end":{"line":11,"column":51}},{"start":{},"end":{}}],"line":11}},"s":{"0":1,"1":0,"2":0,"3":0,"4":0,"5":0,"6":0,"7":0,"8":1},"f":{"0":0},"b":{"0":[0,0]},"_coverageSchema":"1a1c01bbd47fc00a2c39e90264f33305004495a9","hash":"276fb5037d4f5a5ee0c5ae2b67b395f31e35d6c2"}
,"H:\\finalproject-rumahsandar\\rumah-sandar-server\\controllers\\classController.js": {"path":"H:\\finalproject-rumahsandar\\rumah-sandar-server\\controllers\\classController.js","statementMap":{"0":{"start":{"line":7,"column":4},"end":{"line":7,"column":25}},"1":{"start":{"line":11,"column":4},"end":{"line":26,"column":5}},"2":{"start":{"line":12,"column":24},"end":{"line":12,"column":34}},"3":{"start":{"line":13,"column":21},"end":{"line":19,"column":8}},"4":{"start":{"line":20,"column":6},"end":{"line":22,"column":7}},"5":{"start":{"line":21,"column":8},"end":{"line":21,"column":41}},"6":{"start":{"line":23,"column":6},"end":{"line":23,"column":37}},"7":{"start":{"line":25,"column":6},"end":{"line":25,"column":18}},"8":{"start":{"line":29,"column":4},"end":{"line":29,"column":26}},"9":{"start":{"line":30,"column":4},"end":{"line":62,"column":5}},"10":{"start":{"line":31,"column":23},"end":{"line":31,"column":31}},"11":{"start":{"line":32,"column":6},"end":{"line":58,"column":7}},"12":{"start":{"line":33,"column":21},"end":{"line":33,"column":29}},"13":{"start":{"line":34,"column":23},"end":{"line":45,"column":10}},"14":{"start":{"line":46,"column":8},"end":{"line":46,"column":39}},"15":{"start":{"line":47,"column":13},"end":{"line":58,"column":7}},"16":{"start":{"line":48,"column":21},"end":{"line":48,"column":29}},"17":{"start":{"line":49,"column":23},"end":{"line":54,"column":10}},"18":{"start":{"line":55,"column":8},"end":{"line":55,"column":39}},"19":{"start":{"line":57,"column":8},"end":{"line":57,"column":41}},"20":{"start":{"line":60,"column":6},"end":{"line":60,"column":25}},"21":{"start":{"line":61,"column":6},"end":{"line":61,"column":18}},"22":{"start":{"line":65,"column":0},"end":{"line":65,"column":33}}},"fnMap":{"0":{"name":"(anonymous_0)","decl":{"start":{"line":10,"column":2},"end":{"line":10,"column":3}},"loc":{"start":{"line":10,"column":51},"end":{"line":27,"column":3}},"line":10},"1":{"name":"(anonymous_1)","decl":{"start":{"line":28,"column":2},"end":{"line":28,"column":3}},"loc":{"start":{"line":28,"column":48},"end":{"line":63,"column":3}},"line":28}},"branchMap":{"0":{"loc":{"start":{"line":20,"column":6},"end":{"line":22,"column":7}},"type":"if","locations":[{"start":{"line":20,"column":6},"end":{"line":22,"column":7}},{"start":{},"end":{}}],"line":20},"1":{"loc":{"start":{"line":32,"column":6},"end":{"line":58,"column":7}},"type":"if","locations":[{"start":{"line":32,"column":6},"end":{"line":58,"column":7}},{"start":{"line":47,"column":13},"end":{"line":58,"column":7}}],"line":32},"2":{"loc":{"start":{"line":47,"column":13},"end":{"line":58,"column":7}},"type":"if","locations":[{"start":{"line":47,"column":13},"end":{"line":58,"column":7}},{"start":{"line":56,"column":13},"end":{"line":58,"column":7}}],"line":47}},"s":{"0":1,"1":0,"2":0,"3":0,"4":0,"5":0,"6":0,"7":0,"8":0,"9":0,"10":0,"11":0,"12":0,"13":0,"14":0,"15":0,"16":0,"17":0,"18":0,"19":0,"20":0,"21":0,"22":1},"f":{"0":0,"1":0},"b":{"0":[0,0],"1":[0,0],"2":[0,0]},"_coverageSchema":"1a1c01bbd47fc00a2c39e90264f33305004495a9","hash":"b376f671bb7e3931dc3d698536d78c559809b6d4"}
,"H:\\finalproject-rumahsandar\\rumah-sandar-server\\controllers\\matchController.js": {"path":"H:\\finalproject-rumahsandar\\rumah-sandar-server\\controllers\\matchController.js","statementMap":{"0":{"start":{"line":1,"column":15},"end":{"line":1,"column":35}},"1":{"start":{"line":2,"column":38},"end":{"line":2,"column":71}},"2":{"start":{"line":3,"column":13},"end":{"line":3,"column":45}},"3":{"start":{"line":11,"column":4},"end":{"line":11,"column":25}},"4":{"start":{"line":15,"column":14},"end":{"line":15,"column":43}},"5":{"start":{"line":16,"column":4},"end":{"line":29,"column":5}},"6":{"start":{"line":17,"column":19},"end":{"line":17,"column":27}},"7":{"start":{"line":18,"column":6},"end":{"line":23,"column":8}},"8":{"start":{"line":24,"column":6},"end":{"line":24,"column":17}},"9":{"start":{"line":25,"column":6},"end":{"line":25,"column":66}},"10":{"start":{"line":27,"column":6},"end":{"line":27,"column":19}},"11":{"start":{"line":28,"column":6},"end":{"line":28,"column":18}},"12":{"start":{"line":33,"column":4},"end":{"line":45,"column":5}},"13":{"start":{"line":34,"column":21},"end":{"line":41,"column":8}},"14":{"start":{"line":42,"column":6},"end":{"line":42,"column":37}},"15":{"start":{"line":44,"column":6},"end":{"line":44,"column":18}},"16":{"start":{"line":48,"column":14},"end":{"line":48,"column":43}},"17":{"start":{"line":49,"column":4},"end":{"line":119,"column":5}},"18":{"start":{"line":50,"column":24},"end":{"line":50,"column":34}},"19":{"start":{"line":51,"column":24},"end":{"line":51,"column":35}},"20":{"start":{"line":52,"column":32},"end":{"line":52,"column":40}},"21":{"start":{"line":53,"column":6},"end":{"line":53,"column":58}},"22":{"start":{"line":53,"column":31},"end":{"line":53,"column":58}},"23":{"start":{"line":54,"column":20},"end":{"line":54,"column":46}},"24":{"start":{"line":55,"column":27},"end":{"line":57,"column":8}},"25":{"start":{"line":58,"column":22},"end":{"line":58,"column":71}},"26":{"start":{"line":59,"column":6},"end":{"line":61,"column":7}},"27":{"start":{"line":60,"column":8},"end":{"line":60,"column":36}},"28":{"start":{"line":62,"column":24},"end":{"line":64,"column":8}},"29":{"start":{"line":65,"column":6},"end":{"line":67,"column":7}},"30":{"start":{"line":66,"column":8},"end":{"line":66,"column":66}},"31":{"start":{"line":68,"column":6},"end":{"line":76,"column":8}},"32":{"start":{"line":77,"column":6},"end":{"line":87,"column":8}},"33":{"start":{"line":88,"column":6},"end":{"line":98,"column":8}},"34":{"start":{"line":99,"column":21},"end":{"line":99,"column":53}},"35":{"start":{"line":100,"column":6},"end":{"line":100,"column":59}},"36":{"start":{"line":101,"column":6},"end":{"line":101,"column":23}},"37":{"start":{"line":103,"column":6},"end":{"line":107,"column":8}},"38":{"start":{"line":108,"column":6},"end":{"line":112,"column":8}},"39":{"start":{"line":113,"column":6},"end":{"line":115,"column":76}},"40":{"start":{"line":117,"column":6},"end":{"line":117,"column":25}},"41":{"start":{"line":118,"column":6},"end":{"line":118,"column":18}},"42":{"start":{"line":122,"column":0},"end":{"line":122,"column":33}}},"fnMap":{"0":{"name":"(anonymous_0)","decl":{"start":{"line":14,"column":2},"end":{"line":14,"column":3}},"loc":{"start":{"line":14,"column":46},"end":{"line":30,"column":3}},"line":14},"1":{"name":"(anonymous_1)","decl":{"start":{"line":32,"column":2},"end":{"line":32,"column":3}},"loc":{"start":{"line":32,"column":43},"end":{"line":46,"column":3}},"line":32},"2":{"name":"(anonymous_2)","decl":{"start":{"line":47,"column":2},"end":{"line":47,"column":3}},"loc":{"start":{"line":47,"column":51},"end":{"line":120,"column":3}},"line":47}},"branchMap":{"0":{"loc":{"start":{"line":53,"column":6},"end":{"line":53,"column":58}},"type":"if","locations":[{"start":{"line":53,"column":6},"end":{"line":53,"column":58}},{"start":{},"end":{}}],"line":53},"1":{"loc":{"start":{"line":53,"column":10},"end":{"line":53,"column":29}},"type":"binary-expr","locations":[{"start":{"line":53,"column":10},"end":{"line":53,"column":20}},{"start":{"line":53,"column":24},"end":{"line":53,"column":29}}],"line":53},"2":{"loc":{"start":{"line":59,"column":6},"end":{"line":61,"column":7}},"type":"if","locations":[{"start":{"line":59,"column":6},"end":{"line":61,"column":7}},{"start":{},"end":{}}],"line":59},"3":{"loc":{"start":{"line":65,"column":6},"end":{"line":67,"column":7}},"type":"if","locations":[{"start":{"line":65,"column":6},"end":{"line":67,"column":7}},{"start":{},"end":{}}],"line":65}},"s":{"0":1,"1":1,"2":1,"3":1,"4":2,"5":2,"6":2,"7":2,"8":2,"9":2,"10":0,"11":0,"12":1,"13":1,"14":1,"15":0,"16":4,"17":4,"18":4,"19":4,"20":4,"21":4,"22":1,"23":3,"24":3,"25":3,"26":3,"27":1,"28":2,"29":2,"30":1,"31":1,"32":1,"33":1,"34":1,"35":1,"36":1,"37":1,"38":1,"39":1,"40":3,"41":3,"42":1},"f":{"0":2,"1":1,"2":4},"b":{"0":[1,3],"1":[4,4],"2":[1,2],"3":[1,1]},"_coverageSchema":"1a1c01bbd47fc00a2c39e90264f33305004495a9","hash":"92c60ab6e2d5ed625bcedc157e7ebd12fdd193b5"}
,"H:\\finalproject-rumahsandar\\rumah-sandar-server\\controllers\\orphanController.js": {"path":"H:\\finalproject-rumahsandar\\rumah-sandar-server\\controllers\\orphanController.js","statementMap":{"0":{"start":{"line":4,"column":4},"end":{"line":4,"column":33}},"1":{"start":{"line":5,"column":13},"end":{"line":5,"column":45}},"2":{"start":{"line":6,"column":19},"end":{"line":6,"column":40}},"3":{"start":{"line":7,"column":30},"end":{"line":7,"column":50}},"4":{"start":{"line":11,"column":4},"end":{"line":46,"column":5}},"5":{"start":{"line":12,"column":57},"end":{"line":12,"column":65}},"6":{"start":{"line":14,"column":21},"end":{"line":14,"column":42}},"7":{"start":{"line":15,"column":22},"end":{"line":15,"column":24}},"8":{"start":{"line":17,"column":6},"end":{"line":24,"column":11}},"9":{"start":{"line":20,"column":10},"end":{"line":20,"column":33}},"10":{"start":{"line":23,"column":10},"end":{"line":23,"column":34}},"11":{"start":{"line":26,"column":32},"end":{"line":26,"column":77}},"12":{"start":{"line":28,"column":6},"end":{"line":30,"column":7}},"13":{"start":{"line":29,"column":8},"end":{"line":29,"column":57}},"14":{"start":{"line":32,"column":6},"end":{"line":40,"column":9}},"15":{"start":{"line":41,"column":6},"end":{"line":41,"column":32}},"16":{"start":{"line":42,"column":6},"end":{"line":42,"column":60}},"17":{"start":{"line":44,"column":6},"end":{"line":44,"column":23}},"18":{"start":{"line":45,"column":6},"end":{"line":45,"column":16}},"19":{"start":{"line":50,"column":32},"end":{"line":50,"column":40}},"20":{"start":{"line":51,"column":4},"end":{"line":51,"column":56}},"21":{"start":{"line":51,"column":29},"end":{"line":51,"column":56}},"22":{"start":{"line":52,"column":4},"end":{"line":72,"column":5}},"23":{"start":{"line":53,"column":19},"end":{"line":53,"column":61}},"24":{"start":{"line":54,"column":6},"end":{"line":54,"column":60}},"25":{"start":{"line":54,"column":19},"end":{"line":54,"column":60}},"26":{"start":{"line":55,"column":6},"end":{"line":55,"column":67}},"27":{"start":{"line":55,"column":28},"end":{"line":55,"column":67}},"28":{"start":{"line":56,"column":20},"end":{"line":56,"column":70}},"29":{"start":{"line":57,"column":6},"end":{"line":57,"column":61}},"30":{"start":{"line":57,"column":20},"end":{"line":57,"column":61}},"31":{"start":{"line":58,"column":27},"end":{"line":61,"column":8}},"32":{"start":{"line":62,"column":23},"end":{"line":68,"column":7}},"33":{"start":{"line":69,"column":6},"end":{"line":69,"column":55}},"34":{"start":{"line":71,"column":6},"end":{"line":71,"column":16}},"35":{"start":{"line":75,"column":4},"end":{"line":83,"column":5}},"36":{"start":{"line":76,"column":21},"end":{"line":76,"column":31}},"37":{"start":{"line":77,"column":22},"end":{"line":77,"column":47}},"38":{"start":{"line":78,"column":6},"end":{"line":78,"column":48}},"39":{"start":{"line":78,"column":20},"end":{"line":78,"column":48}},"40":{"start":{"line":80,"column":6},"end":{"line":80,"column":36}},"41":{"start":{"line":82,"column":6},"end":{"line":82,"column":18}},"42":{"start":{"line":87,"column":0},"end":{"line":87,"column":34}}},"fnMap":{"0":{"name":"(anonymous_0)","decl":{"start":{"line":10,"column":2},"end":{"line":10,"column":3}},"loc":{"start":{"line":10,"column":46},"end":{"line":47,"column":3}},"line":10},"1":{"name":"(anonymous_1)","decl":{"start":{"line":19,"column":14},"end":{"line":19,"column":15}},"loc":{"start":{"line":19,"column":26},"end":{"line":21,"column":9}},"line":19},"2":{"name":"(anonymous_2)","decl":{"start":{"line":22,"column":15},"end":{"line":22,"column":16}},"loc":{"start":{"line":22,"column":24},"end":{"line":24,"column":9}},"line":22},"3":{"name":"(anonymous_3)","decl":{"start":{"line":49,"column":2},"end":{"line":49,"column":3}},"loc":{"start":{"line":49,"column":43},"end":{"line":73,"column":3}},"line":49},"4":{"name":"(anonymous_4)","decl":{"start":{"line":74,"column":2},"end":{"line":74,"column":3}},"loc":{"start":{"line":74,"column":45},"end":{"line":84,"column":3}},"line":74}},"branchMap":{"0":{"loc":{"start":{"line":28,"column":6},"end":{"line":30,"column":7}},"type":"if","locations":[{"start":{"line":28,"column":6},"end":{"line":30,"column":7}},{"start":{},"end":{}}],"line":28},"1":{"loc":{"start":{"line":51,"column":4},"end":{"line":51,"column":56}},"type":"if","locations":[{"start":{"line":51,"column":4},"end":{"line":51,"column":56}},{"start":{},"end":{}}],"line":51},"2":{"loc":{"start":{"line":51,"column":8},"end":{"line":51,"column":27}},"type":"binary-expr","locations":[{"start":{"line":51,"column":8},"end":{"line":51,"column":14}},{"start":{"line":51,"column":18},"end":{"line":51,"column":27}}],"line":51},"3":{"loc":{"start":{"line":54,"column":6},"end":{"line":54,"column":60}},"type":"if","locations":[{"start":{"line":54,"column":6},"end":{"line":54,"column":60}},{"start":{},"end":{}}],"line":54},"4":{"loc":{"start":{"line":55,"column":6},"end":{"line":55,"column":67}},"type":"if","locations":[{"start":{"line":55,"column":6},"end":{"line":55,"column":67}},{"start":{},"end":{}}],"line":55},"5":{"loc":{"start":{"line":57,"column":6},"end":{"line":57,"column":61}},"type":"if","locations":[{"start":{"line":57,"column":6},"end":{"line":57,"column":61}},{"start":{},"end":{}}],"line":57},"6":{"loc":{"start":{"line":78,"column":6},"end":{"line":78,"column":48}},"type":"if","locations":[{"start":{"line":78,"column":6},"end":{"line":78,"column":48}},{"start":{},"end":{}}],"line":78}},"s":{"0":1,"1":1,"2":1,"3":1,"4":0,"5":0,"6":0,"7":0,"8":0,"9":0,"10":0,"11":0,"12":0,"13":0,"14":0,"15":0,"16":0,"17":0,"18":0,"19":0,"20":0,"21":0,"22":0,"23":0,"24":0,"25":0,"26":0,"27":0,"28":0,"29":0,"30":0,"31":0,"32":0,"33":0,"34":0,"35":0,"36":0,"37":0,"38":0,"39":0,"40":0,"41":0,"42":1},"f":{"0":0,"1":0,"2":0,"3":0,"4":0},"b":{"0":[0,0],"1":[0,0],"2":[0,0],"3":[0,0],"4":[0,0],"5":[0,0],"6":[0,0]},"_coverageSchema":"1a1c01bbd47fc00a2c39e90264f33305004495a9","hash":"1a791342faced34b88ca3b58f034020df6ad6f41"}
,"H:\\finalproject-rumahsandar\\rumah-sandar-server\\controllers\\orphanageController.js": {"path":"H:\\finalproject-rumahsandar\\rumah-sandar-server\\controllers\\orphanageController.js","statementMap":{"0":{"start":{"line":1,"column":22},"end":{"line":1,"column":42}},"1":{"start":{"line":5,"column":4},"end":{"line":12,"column":5}},"2":{"start":{"line":6,"column":23},"end":{"line":6,"column":48}},"3":{"start":{"line":9,"column":6},"end":{"line":9,"column":39}},"4":{"start":{"line":11,"column":6},"end":{"line":11,"column":18}},"5":{"start":{"line":16,"column":0},"end":{"line":16,"column":37}}},"fnMap":{"0":{"name":"(anonymous_0)","decl":{"start":{"line":4,"column":2},"end":{"line":4,"column":3}},"loc":{"start":{"line":4,"column":45},"end":{"line":13,"column":3}},"line":4}},"branchMap":{},"s":{"0":1,"1":0,"2":0,"3":0,"4":0,"5":1},"f":{"0":0},"b":{},"_coverageSchema":"1a1c01bbd47fc00a2c39e90264f33305004495a9","hash":"33ac82bc74041ce236bc62c6615c628b203577b6"}
,"H:\\finalproject-rumahsandar\\rumah-sandar-server\\controllers\\paymentController.js": {"path":"H:\\finalproject-rumahsandar\\rumah-sandar-server\\controllers\\paymentController.js","statementMap":{"0":{"start":{"line":1,"column":26},"end":{"line":1,"column":64}},"1":{"start":{"line":2,"column":21},"end":{"line":2,"column":41}},"2":{"start":{"line":6,"column":4},"end":{"line":25,"column":5}},"3":{"start":{"line":7,"column":29},"end":{"line":7,"column":60}},"4":{"start":{"line":8,"column":6},"end":{"line":22,"column":7}},"5":{"start":{"line":10,"column":8},"end":{"line":10,"column":63}},"6":{"start":{"line":12,"column":23},"end":{"line":12,"column":31}},"7":{"start":{"line":13,"column":28},"end":{"line":13,"column":43}},"8":{"start":{"line":15,"column":8},"end":{"line":19,"column":9}},"9":{"start":{"line":16,"column":10},"end":{"line":16,"column":33}},"10":{"start":{"line":18,"column":10},"end":{"line":18,"column":44}},"11":{"start":{"line":21,"column":8},"end":{"line":21,"column":41}},"12":{"start":{"line":24,"column":6},"end":{"line":24,"column":15}},"13":{"start":{"line":29,"column":4},"end":{"line":39,"column":5}},"14":{"start":{"line":30,"column":17},"end":{"line":34,"column":8}},"15":{"start":{"line":35,"column":6},"end":{"line":35,"column":32}},"16":{"start":{"line":38,"column":6},"end":{"line":38,"column":15}},"17":{"start":{"line":44,"column":0},"end":{"line":44,"column":35}}},"fnMap":{"0":{"name":"(anonymous_0)","decl":{"start":{"line":5,"column":2},"end":{"line":5,"column":3}},"loc":{"start":{"line":5,"column":46},"end":{"line":26,"column":3}},"line":5},"1":{"name":"(anonymous_1)","decl":{"start":{"line":28,"column":2},"end":{"line":28,"column":3}},"loc":{"start":{"line":28,"column":44},"end":{"line":40,"column":3}},"line":28}},"branchMap":{"0":{"loc":{"start":{"line":8,"column":6},"end":{"line":22,"column":7}},"type":"if","locations":[{"start":{"line":8,"column":6},"end":{"line":22,"column":7}},{"start":{"line":20,"column":13},"end":{"line":22,"column":7}}],"line":8},"1":{"loc":{"start":{"line":15,"column":8},"end":{"line":19,"column":9}},"type":"if","locations":[{"start":{"line":15,"column":8},"end":{"line":19,"column":9}},{"start":{"line":17,"column":15},"end":{"line":19,"column":9}}],"line":15}},"s":{"0":1,"1":1,"2":0,"3":0,"4":0,"5":0,"6":0,"7":0,"8":0,"9":0,"10":0,"11":0,"12":0,"13":0,"14":0,"15":0,"16":0,"17":1},"f":{"0":0,"1":0},"b":{"0":[0,0],"1":[0,0]},"_coverageSchema":"1a1c01bbd47fc00a2c39e90264f33305004495a9","hash":"8cb0dd818e05c3d441ace7ab7297f39660b6b685"}
,"H:\\finalproject-rumahsandar\\rumah-sandar-server\\controllers\\volunteerController.js": {"path":"H:\\finalproject-rumahsandar\\rumah-sandar-server\\controllers\\volunteerController.js","statementMap":{"0":{"start":{"line":4,"column":4},"end":{"line":4,"column":33}},"1":{"start":{"line":5,"column":30},"end":{"line":5,"column":50}},"2":{"start":{"line":6,"column":13},"end":{"line":6,"column":45}},"3":{"start":{"line":7,"column":19},"end":{"line":7,"column":40}},"4":{"start":{"line":10,"column":4},"end":{"line":63,"column":5}},"5":{"start":{"line":17,"column":10},"end":{"line":17,"column":18}},"6":{"start":{"line":19,"column":21},"end":{"line":19,"column":42}},"7":{"start":{"line":20,"column":28},"end":{"line":20,"column":56}},"8":{"start":{"line":21,"column":22},"end":{"line":21,"column":24}},"9":{"start":{"line":22,"column":19},"end":{"line":22,"column":21}},"10":{"start":{"line":24,"column":6},"end":{"line":31,"column":10}},"11":{"start":{"line":27,"column":10},"end":{"line":27,"column":32}},"12":{"start":{"line":30,"column":10},"end":{"line":30,"column":33}},"13":{"start":{"line":33,"column":6},"end":{"line":40,"column":10}},"14":{"start":{"line":36,"column":10},"end":{"line":36,"column":29}},"15":{"start":{"line":39,"column":10},"end":{"line":39,"column":33}},"16":{"start":{"line":42,"column":29},"end":{"line":42,"column":71}},"17":{"start":{"line":44,"column":6},"end":{"line":46,"column":7}},"18":{"start":{"line":45,"column":8},"end":{"line":45,"column":57}},"19":{"start":{"line":48,"column":6},"end":{"line":58,"column":9}},"20":{"start":{"line":59,"column":6},"end":{"line":59,"column":32}},"21":{"start":{"line":60,"column":6},"end":{"line":60,"column":60}},"22":{"start":{"line":62,"column":6},"end":{"line":62,"column":16}},"23":{"start":{"line":67,"column":4},"end":{"line":90,"column":5}},"24":{"start":{"line":68,"column":34},"end":{"line":68,"column":42}},"25":{"start":{"line":69,"column":6},"end":{"line":69,"column":58}},"26":{"start":{"line":69,"column":31},"end":{"line":69,"column":58}},"27":{"start":{"line":70,"column":22},"end":{"line":70,"column":67}},"28":{"start":{"line":71,"column":6},"end":{"line":71,"column":63}},"29":{"start":{"line":71,"column":22},"end":{"line":71,"column":63}},"30":{"start":{"line":72,"column":6},"end":{"line":72,"column":68}},"31":{"start":{"line":72,"column":30},"end":{"line":72,"column":68}},"32":{"start":{"line":73,"column":20},"end":{"line":73,"column":73}},"33":{"start":{"line":74,"column":6},"end":{"line":74,"column":61}},"34":{"start":{"line":74,"column":20},"end":{"line":74,"column":61}},"35":{"start":{"line":76,"column":27},"end":{"line":79,"column":8}},"36":{"start":{"line":80,"column":23},"end":{"line":86,"column":7}},"37":{"start":{"line":87,"column":6},"end":{"line":87,"column":55}},"38":{"start":{"line":89,"column":6},"end":{"line":89,"column":16}},"39":{"start":{"line":93,"column":4},"end":{"line":101,"column":5}},"40":{"start":{"line":94,"column":19},"end":{"line":94,"column":29}},"41":{"start":{"line":95,"column":25},"end":{"line":95,"column":53}},"42":{"start":{"line":96,"column":6},"end":{"line":96,"column":51}},"43":{"start":{"line":96,"column":23},"end":{"line":96,"column":51}},"44":{"start":{"line":98,"column":6},"end":{"line":98,"column":39}},"45":{"start":{"line":100,"column":6},"end":{"line":100,"column":18}},"46":{"start":{"line":105,"column":0},"end":{"line":105,"column":37}}},"fnMap":{"0":{"name":"(anonymous_0)","decl":{"start":{"line":9,"column":2},"end":{"line":9,"column":3}},"loc":{"start":{"line":9,"column":49},"end":{"line":64,"column":3}},"line":9},"1":{"name":"(anonymous_1)","decl":{"start":{"line":26,"column":14},"end":{"line":26,"column":15}},"loc":{"start":{"line":26,"column":24},"end":{"line":28,"column":9}},"line":26},"2":{"name":"(anonymous_2)","decl":{"start":{"line":29,"column":15},"end":{"line":29,"column":16}},"loc":{"start":{"line":29,"column":22},"end":{"line":31,"column":9}},"line":29},"3":{"name":"(anonymous_3)","decl":{"start":{"line":35,"column":14},"end":{"line":35,"column":15}},"loc":{"start":{"line":35,"column":24},"end":{"line":37,"column":9}},"line":35},"4":{"name":"(anonymous_4)","decl":{"start":{"line":38,"column":15},"end":{"line":38,"column":16}},"loc":{"start":{"line":38,"column":22},"end":{"line":40,"column":9}},"line":38},"5":{"name":"(anonymous_5)","decl":{"start":{"line":66,"column":2},"end":{"line":66,"column":3}},"loc":{"start":{"line":66,"column":46},"end":{"line":91,"column":3}},"line":66},"6":{"name":"(anonymous_6)","decl":{"start":{"line":92,"column":2},"end":{"line":92,"column":3}},"loc":{"start":{"line":92,"column":48},"end":{"line":102,"column":3}},"line":92}},"branchMap":{"0":{"loc":{"start":{"line":44,"column":6},"end":{"line":46,"column":7}},"type":"if","locations":[{"start":{"line":44,"column":6},"end":{"line":46,"column":7}},{"start":{},"end":{}}],"line":44},"1":{"loc":{"start":{"line":69,"column":6},"end":{"line":69,"column":58}},"type":"if","locations":[{"start":{"line":69,"column":6},"end":{"line":69,"column":58}},{"start":{},"end":{}}],"line":69},"2":{"loc":{"start":{"line":69,"column":10},"end":{"line":69,"column":29}},"type":"binary-expr","locations":[{"start":{"line":69,"column":10},"end":{"line":69,"column":16}},{"start":{"line":69,"column":20},"end":{"line":69,"column":29}}],"line":69},"3":{"loc":{"start":{"line":71,"column":6},"end":{"line":71,"column":63}},"type":"if","locations":[{"start":{"line":71,"column":6},"end":{"line":71,"column":63}},{"start":{},"end":{}}],"line":71},"4":{"loc":{"start":{"line":72,"column":6},"end":{"line":72,"column":68}},"type":"if","locations":[{"start":{"line":72,"column":6},"end":{"line":72,"column":68}},{"start":{},"end":{}}],"line":72},"5":{"loc":{"start":{"line":74,"column":6},"end":{"line":74,"column":61}},"type":"if","locations":[{"start":{"line":74,"column":6},"end":{"line":74,"column":61}},{"start":{},"end":{}}],"line":74},"6":{"loc":{"start":{"line":96,"column":6},"end":{"line":96,"column":51}},"type":"if","locations":[{"start":{"line":96,"column":6},"end":{"line":96,"column":51}},{"start":{},"end":{}}],"line":96}},"s":{"0":1,"1":1,"2":1,"3":1,"4":0,"5":0,"6":0,"7":0,"8":0,"9":0,"10":0,"11":0,"12":0,"13":0,"14":0,"15":0,"16":0,"17":0,"18":0,"19":0,"20":0,"21":0,"22":0,"23":0,"24":0,"25":0,"26":0,"27":0,"28":0,"29":0,"30":0,"31":0,"32":0,"33":0,"34":0,"35":0,"36":0,"37":0,"38":0,"39":0,"40":0,"41":0,"42":0,"43":0,"44":0,"45":0,"46":1},"f":{"0":0,"1":0,"2":0,"3":0,"4":0,"5":0,"6":0},"b":{"0":[0,0],"1":[0,0],"2":[0,0],"3":[0,0],"4":[0,0],"5":[0,0],"6":[0,0]},"_coverageSchema":"1a1c01bbd47fc00a2c39e90264f33305004495a9","hash":"febb5900ff936ca9244d90364634fc4bec31461f"}
,"H:\\finalproject-rumahsandar\\rumah-sandar-server\\helpers\\createInvoice.js": {"path":"H:\\finalproject-rumahsandar\\rumah-sandar-server\\helpers\\createInvoice.js","statementMap":{"0":{"start":{"line":1,"column":30},"end":{"line":1,"column":50}},"1":{"start":{"line":4,"column":2},"end":{"line":72,"column":3}},"2":{"start":{"line":38,"column":102},"end":{"line":38,"column":109}},"3":{"start":{"line":39,"column":32},"end":{"line":39,"column":49}},"4":{"start":{"line":42,"column":22},"end":{"line":46,"column":6}},"5":{"start":{"line":50,"column":4},"end":{"line":60,"column":6}},"6":{"start":{"line":62,"column":4},"end":{"line":68,"column":6}},"7":{"start":{"line":70,"column":4},"end":{"line":70,"column":20}},"8":{"start":{"line":78,"column":0},"end":{"line":80,"column":1}}},"fnMap":{"0":{"name":"createInvoice","decl":{"start":{"line":3,"column":15},"end":{"line":3,"column":28}},"loc":{"start":{"line":3,"column":38},"end":{"line":75,"column":1}},"line":3}},"branchMap":{},"s":{"0":1,"1":0,"2":0,"3":0,"4":0,"5":0,"6":0,"7":0,"8":1},"f":{"0":0},"b":{},"_coverageSchema":"1a1c01bbd47fc00a2c39e90264f33305004495a9","hash":"c3373523eb8492c4cd76043558aa7a3b1b6d0011"}
,"H:\\finalproject-rumahsandar\\rumah-sandar-server\\helpers\\getEach7Day.js": {"path":"H:\\finalproject-rumahsandar\\rumah-sandar-server\\helpers\\getEach7Day.js","statementMap":{"0":{"start":{"line":2,"column":17},"end":{"line":2,"column":36}},"1":{"start":{"line":3,"column":2},"end":{"line":3,"column":50}},"2":{"start":{"line":4,"column":2},"end":{"line":4,"column":18}},"3":{"start":{"line":8,"column":17},"end":{"line":81,"column":3}},"4":{"start":{"line":82,"column":2},"end":{"line":82,"column":18}},"5":{"start":{"line":85,"column":0},"end":{"line":85,"column":47}}},"fnMap":{"0":{"name":"getEach7Day","decl":{"start":{"line":1,"column":9},"end":{"line":1,"column":20}},"loc":{"start":{"line":1,"column":38},"end":{"line":5,"column":1}},"line":1},"1":{"name":"bulkSchedule","decl":{"start":{"line":7,"column":9},"end":{"line":7,"column":21}},"loc":{"start":{"line":7,"column":42},"end":{"line":83,"column":1}},"line":7}},"branchMap":{},"s":{"0":14,"1":14,"2":14,"3":1,"4":1,"5":1},"f":{"0":14,"1":1},"b":{},"_coverageSchema":"1a1c01bbd47fc00a2c39e90264f33305004495a9","hash":"300023849b1a1048c708d6ab276c9fcf6a9eeb49"}
,"H:\\finalproject-rumahsandar\\rumah-sandar-server\\helpers\\helpers.js": {"path":"H:\\finalproject-rumahsandar\\rumah-sandar-server\\helpers\\helpers.js","statementMap":{"0":{"start":{"line":1,"column":15},"end":{"line":1,"column":34}},"1":{"start":{"line":2,"column":12},"end":{"line":2,"column":35}},"2":{"start":{"line":4,"column":18},"end":{"line":4,"column":42}},"3":{"start":{"line":6,"column":27},"end":{"line":6,"column":66}},"4":{"start":{"line":6,"column":41},"end":{"line":6,"column":66}},"5":{"start":{"line":7,"column":32},"end":{"line":8,"column":36}},"6":{"start":{"line":8,"column":2},"end":{"line":8,"column":36}},"7":{"start":{"line":10,"column":27},"end":{"line":10,"column":68}},"8":{"start":{"line":10,"column":40},"end":{"line":10,"column":68}},"9":{"start":{"line":11,"column":29},"end":{"line":11,"column":68}},"10":{"start":{"line":11,"column":40},"end":{"line":11,"column":68}},"11":{"start":{"line":13,"column":0},"end":{"line":18,"column":2}}},"fnMap":{"0":{"name":"(anonymous_0)","decl":{"start":{"line":6,"column":27},"end":{"line":6,"column":28}},"loc":{"start":{"line":6,"column":41},"end":{"line":6,"column":66}},"line":6},"1":{"name":"(anonymous_1)","decl":{"start":{"line":7,"column":32},"end":{"line":7,"column":33}},"loc":{"start":{"line":8,"column":2},"end":{"line":8,"column":36}},"line":8},"2":{"name":"(anonymous_2)","decl":{"start":{"line":10,"column":27},"end":{"line":10,"column":28}},"loc":{"start":{"line":10,"column":40},"end":{"line":10,"column":68}},"line":10},"3":{"name":"(anonymous_3)","decl":{"start":{"line":11,"column":29},"end":{"line":11,"column":30}},"loc":{"start":{"line":11,"column":40},"end":{"line":11,"column":68}},"line":11}},"branchMap":{},"s":{"0":1,"1":1,"2":1,"3":1,"4":6,"5":1,"6":0,"7":1,"8":6,"9":1,"10":15,"11":1},"f":{"0":6,"1":0,"2":6,"3":15},"b":{},"_coverageSchema":"1a1c01bbd47fc00a2c39e90264f33305004495a9","hash":"255f7c2b3fb52d2285544972992a85bae8953763"}
,"H:\\finalproject-rumahsandar\\rumah-sandar-server\\helpers\\nodemailer.js": {"path":"H:\\finalproject-rumahsandar\\rumah-sandar-server\\helpers\\nodemailer.js","statementMap":{"0":{"start":{"line":2,"column":19},"end":{"line":2,"column":40}},"1":{"start":{"line":8,"column":20},"end":{"line":8,"column":56}},"2":{"start":{"line":12,"column":20},"end":{"line":18,"column":4}},"3":{"start":{"line":19,"column":2},"end":{"line":73,"column":3}},"4":{"start":{"line":20,"column":15},"end":{"line":28,"column":6}},"5":{"start":{"line":29,"column":9},"end":{"line":73,"column":3}},"6":{"start":{"line":30,"column":15},"end":{"line":40,"column":6}},"7":{"start":{"line":41,"column":9},"end":{"line":73,"column":3}},"8":{"start":{"line":42,"column":15},"end":{"line":50,"column":6}},"9":{"start":{"line":51,"column":9},"end":{"line":73,"column":3}},"10":{"start":{"line":52,"column":15},"end":{"line":61,"column":6}},"11":{"start":{"line":62,"column":9},"end":{"line":73,"column":3}},"12":{"start":{"line":63,"column":15},"end":{"line":72,"column":6}},"13":{"start":{"line":84,"column":0},"end":{"line":84,"column":22}}},"fnMap":{"0":{"name":"main","decl":{"start":{"line":5,"column":15},"end":{"line":5,"column":19}},"loc":{"start":{"line":5,"column":45},"end":{"line":82,"column":1}},"line":5}},"branchMap":{"0":{"loc":{"start":{"line":19,"column":2},"end":{"line":73,"column":3}},"type":"if","locations":[{"start":{"line":19,"column":2},"end":{"line":73,"column":3}},{"start":{"line":29,"column":9},"end":{"line":73,"column":3}}],"line":19},"1":{"loc":{"start":{"line":29,"column":9},"end":{"line":73,"column":3}},"type":"if","locations":[{"start":{"line":29,"column":9},"end":{"line":73,"column":3}},{"start":{"line":41,"column":9},"end":{"line":73,"column":3}}],"line":29},"2":{"loc":{"start":{"line":41,"column":9},"end":{"line":73,"column":3}},"type":"if","locations":[{"start":{"line":41,"column":9},"end":{"line":73,"column":3}},{"start":{"line":51,"column":9},"end":{"line":73,"column":3}}],"line":41},"3":{"loc":{"start":{"line":51,"column":9},"end":{"line":73,"column":3}},"type":"if","locations":[{"start":{"line":51,"column":9},"end":{"line":73,"column":3}},{"start":{"line":62,"column":9},"end":{"line":73,"column":3}}],"line":51},"4":{"loc":{"start":{"line":62,"column":9},"end":{"line":73,"column":3}},"type":"if","locations":[{"start":{"line":62,"column":9},"end":{"line":73,"column":3}},{"start":{},"end":{}}],"line":62}},"s":{"0":1,"1":2,"2":0,"3":0,"4":0,"5":0,"6":0,"7":0,"8":0,"9":0,"10":0,"11":0,"12":0,"13":1},"f":{"0":2},"b":{"0":[0,0],"1":[0,0],"2":[0,0],"3":[0,0],"4":[0,0]},"_coverageSchema":"1a1c01bbd47fc00a2c39e90264f33305004495a9","hash":"09cbea10b2332f7f869b1f4fc95a7fecb5ff946e"}
,"H:\\finalproject-rumahsandar\\rumah-sandar-server\\helpers\\verificationOrphanMail.js": {"path":"H:\\finalproject-rumahsandar\\rumah-sandar-server\\helpers\\verificationOrphanMail.js","statementMap":{"0":{"start":{"line":2,"column":19},"end":{"line":2,"column":40}},"1":{"start":{"line":9,"column":20},"end":{"line":15,"column":4}},"2":{"start":{"line":16,"column":3},"end":{"line":24,"column":5}},"3":{"start":{"line":27,"column":0},"end":{"line":27,"column":40}}},"fnMap":{"0":{"name":"verificationOrphanMail","decl":{"start":{"line":5,"column":9},"end":{"line":5,"column":31}},"loc":{"start":{"line":5,"column":48},"end":{"line":25,"column":1}},"line":5}},"branchMap":{},"s":{"0":1,"1":0,"2":0,"3":1},"f":{"0":0},"b":{},"_coverageSchema":"1a1c01bbd47fc00a2c39e90264f33305004495a9","hash":"238c2a3f23518fe7555841dc76c32e7fc18900f0"}
,"H:\\finalproject-rumahsandar\\rumah-sandar-server\\middlewares\\authentication.js": {"path":"H:\\finalproject-rumahsandar\\rumah-sandar-server\\middlewares\\authentication.js","statementMap":{"0":{"start":{"line":1,"column":33},"end":{"line":1,"column":62}},"1":{"start":{"line":3,"column":37},"end":{"line":3,"column":57}},"2":{"start":{"line":5,"column":23},"end":{"line":46,"column":1}},"3":{"start":{"line":6,"column":2},"end":{"line":45,"column":3}},"4":{"start":{"line":7,"column":29},"end":{"line":7,"column":40}},"5":{"start":{"line":8,"column":4},"end":{"line":8,"column":64}},"6":{"start":{"line":8,"column":23},"end":{"line":8,"column":64}},"7":{"start":{"line":9,"column":20},"end":{"line":9,"column":54}},"8":{"start":{"line":11,"column":4},"end":{"line":41,"column":5}},"9":{"start":{"line":12,"column":24},"end":{"line":12,"column":60}},"10":{"start":{"line":13,"column":6},"end":{"line":13,"column":63}},"11":{"start":{"line":13,"column":22},"end":{"line":13,"column":63}},"12":{"start":{"line":14,"column":6},"end":{"line":14,"column":68}},"13":{"start":{"line":14,"column":30},"end":{"line":14,"column":68}},"14":{"start":{"line":16,"column":6},"end":{"line":21,"column":8}},"15":{"start":{"line":22,"column":11},"end":{"line":41,"column":5}},"16":{"start":{"line":23,"column":21},"end":{"line":23,"column":54}},"17":{"start":{"line":24,"column":6},"end":{"line":24,"column":60}},"18":{"start":{"line":24,"column":19},"end":{"line":24,"column":60}},"19":{"start":{"line":25,"column":6},"end":{"line":25,"column":65}},"20":{"start":{"line":25,"column":27},"end":{"line":25,"column":65}},"21":{"start":{"line":27,"column":6},"end":{"line":32,"column":8}},"22":{"start":{"line":34,"column":20},"end":{"line":34,"column":52}},"23":{"start":{"line":35,"column":6},"end":{"line":35,"column":59}},"24":{"start":{"line":35,"column":18},"end":{"line":35,"column":59}},"25":{"start":{"line":36,"column":6},"end":{"line":40,"column":8}},"26":{"start":{"line":42,"column":4},"end":{"line":42,"column":11}},"27":{"start":{"line":44,"column":4},"end":{"line":44,"column":16}},"28":{"start":{"line":48,"column":0},"end":{"line":48,"column":32}}},"fnMap":{"0":{"name":"(anonymous_0)","decl":{"start":{"line":5,"column":23},"end":{"line":5,"column":24}},"loc":{"start":{"line":5,"column":49},"end":{"line":46,"column":1}},"line":5}},"branchMap":{"0":{"loc":{"start":{"line":8,"column":4},"end":{"line":8,"column":64}},"type":"if","locations":[{"start":{"line":8,"column":4},"end":{"line":8,"column":64}},{"start":{},"end":{}}],"line":8},"1":{"loc":{"start":{"line":11,"column":4},"end":{"line":41,"column":5}},"type":"if","locations":[{"start":{"line":11,"column":4},"end":{"line":41,"column":5}},{"start":{"line":22,"column":11},"end":{"line":41,"column":5}}],"line":11},"2":{"loc":{"start":{"line":13,"column":6},"end":{"line":13,"column":63}},"type":"if","locations":[{"start":{"line":13,"column":6},"end":{"line":13,"column":63}},{"start":{},"end":{}}],"line":13},"3":{"loc":{"start":{"line":14,"column":6},"end":{"line":14,"column":68}},"type":"if","locations":[{"start":{"line":14,"column":6},"end":{"line":14,"column":68}},{"start":{},"end":{}}],"line":14},"4":{"loc":{"start":{"line":22,"column":11},"end":{"line":41,"column":5}},"type":"if","locations":[{"start":{"line":22,"column":11},"end":{"line":41,"column":5}},{"start":{"line":33,"column":11},"end":{"line":41,"column":5}}],"line":22},"5":{"loc":{"start":{"line":24,"column":6},"end":{"line":24,"column":60}},"type":"if","locations":[{"start":{"line":24,"column":6},"end":{"line":24,"column":60}},{"start":{},"end":{}}],"line":24},"6":{"loc":{"start":{"line":25,"column":6},"end":{"line":25,"column":65}},"type":"if","locations":[{"start":{"line":25,"column":6},"end":{"line":25,"column":65}},{"start":{},"end":{}}],"line":25},"7":{"loc":{"start":{"line":35,"column":6},"end":{"line":35,"column":59}},"type":"if","locations":[{"start":{"line":35,"column":6},"end":{"line":35,"column":59}},{"start":{},"end":{}}],"line":35}},"s":{"0":1,"1":1,"2":1,"3":18,"4":18,"5":18,"6":3,"7":15,"8":13,"9":8,"10":8,"11":0,"12":8,"13":2,"14":6,"15":5,"16":5,"17":5,"18":0,"19":5,"20":2,"21":3,"22":0,"23":0,"24":0,"25":0,"26":9,"27":9,"28":1},"f":{"0":18},"b":{"0":[3,15],"1":[8,5],"2":[0,8],"3":[2,6],"4":[5,0],"5":[0,5],"6":[2,3],"7":[0,0]},"_coverageSchema":"1a1c01bbd47fc00a2c39e90264f33305004495a9","hash":"b742af214c9ed1c72208742ad3d8042e588c0daf"}
,"H:\\finalproject-rumahsandar\\rumah-sandar-server\\middlewares\\authorization.js": {"path":"H:\\finalproject-rumahsandar\\rumah-sandar-server\\middlewares\\authorization.js","statementMap":{"0":{"start":{"line":1,"column":30},"end":{"line":1,"column":50}},"1":{"start":{"line":2,"column":34},"end":{"line":17,"column":1}},"2":{"start":{"line":3,"column":2},"end":{"line":16,"column":3}},"3":{"start":{"line":4,"column":4},"end":{"line":4,"column":26}},"4":{"start":{"line":5,"column":23},"end":{"line":5,"column":31}},"5":{"start":{"line":6,"column":4},"end":{"line":8,"column":5}},"6":{"start":{"line":7,"column":6},"end":{"line":7,"column":34}},"7":{"start":{"line":9,"column":22},"end":{"line":9,"column":47}},"8":{"start":{"line":10,"column":4},"end":{"line":12,"column":5}},"9":{"start":{"line":11,"column":6},"end":{"line":11,"column":34}},"10":{"start":{"line":13,"column":4},"end":{"line":13,"column":11}},"11":{"start":{"line":15,"column":4},"end":{"line":15,"column":16}},"12":{"start":{"line":18,"column":44},"end":{"line":33,"column":3}},"13":{"start":{"line":19,"column":4},"end":{"line":32,"column":5}},"14":{"start":{"line":20,"column":6},"end":{"line":20,"column":28}},"15":{"start":{"line":21,"column":25},"end":{"line":21,"column":33}},"16":{"start":{"line":22,"column":6},"end":{"line":24,"column":7}},"17":{"start":{"line":23,"column":8},"end":{"line":23,"column":36}},"18":{"start":{"line":25,"column":27},"end":{"line":25,"column":55}},"19":{"start":{"line":26,"column":6},"end":{"line":28,"column":7}},"20":{"start":{"line":27,"column":8},"end":{"line":27,"column":36}},"21":{"start":{"line":29,"column":6},"end":{"line":29,"column":13}},"22":{"start":{"line":31,"column":6},"end":{"line":31,"column":18}},"23":{"start":{"line":35,"column":0},"end":{"line":37,"column":2}}},"fnMap":{"0":{"name":"(anonymous_0)","decl":{"start":{"line":2,"column":34},"end":{"line":2,"column":35}},"loc":{"start":{"line":2,"column":60},"end":{"line":17,"column":1}},"line":2},"1":{"name":"(anonymous_1)","decl":{"start":{"line":18,"column":44},"end":{"line":18,"column":45}},"loc":{"start":{"line":18,"column":70},"end":{"line":33,"column":3}},"line":18}},"branchMap":{"0":{"loc":{"start":{"line":6,"column":4},"end":{"line":8,"column":5}},"type":"if","locations":[{"start":{"line":6,"column":4},"end":{"line":8,"column":5}},{"start":{},"end":{}}],"line":6},"1":{"loc":{"start":{"line":10,"column":4},"end":{"line":12,"column":5}},"type":"if","locations":[{"start":{"line":10,"column":4},"end":{"line":12,"column":5}},{"start":{},"end":{}}],"line":10},"2":{"loc":{"start":{"line":22,"column":6},"end":{"line":24,"column":7}},"type":"if","locations":[{"start":{"line":22,"column":6},"end":{"line":24,"column":7}},{"start":{},"end":{}}],"line":22},"3":{"loc":{"start":{"line":26,"column":6},"end":{"line":28,"column":7}},"type":"if","locations":[{"start":{"line":26,"column":6},"end":{"line":28,"column":7}},{"start":{},"end":{}}],"line":26}},"s":{"0":1,"1":1,"2":3,"3":3,"4":3,"5":3,"6":1,"7":2,"8":2,"9":0,"10":2,"11":1,"12":1,"13":6,"14":6,"15":6,"16":6,"17":1,"18":5,"19":5,"20":0,"21":5,"22":1,"23":1},"f":{"0":3,"1":6},"b":{"0":[1,2],"1":[0,2],"2":[1,5],"3":[0,5]},"_coverageSchema":"1a1c01bbd47fc00a2c39e90264f33305004495a9","hash":"197e98aca4a189bad3be0160fd5f8657b3900188"}
,"H:\\finalproject-rumahsandar\\rumah-sandar-server\\middlewares\\errorHandlers.js": {"path":"H:\\finalproject-rumahsandar\\rumah-sandar-server\\middlewares\\errorHandlers.js","statementMap":{"0":{"start":{"line":2,"column":13},"end":{"line":2,"column":16}},"1":{"start":{"line":3,"column":12},"end":{"line":3,"column":35}},"2":{"start":{"line":4,"column":2},"end":{"line":37,"column":3}},"3":{"start":{"line":5,"column":4},"end":{"line":5,"column":15}},"4":{"start":{"line":6,"column":4},"end":{"line":6,"column":32}},"5":{"start":{"line":7,"column":9},"end":{"line":37,"column":3}},"6":{"start":{"line":8,"column":4},"end":{"line":8,"column":15}},"7":{"start":{"line":9,"column":4},"end":{"line":9,"column":35}},"8":{"start":{"line":10,"column":9},"end":{"line":37,"column":3}},"9":{"start":{"line":11,"column":4},"end":{"line":11,"column":15}},"10":{"start":{"line":12,"column":4},"end":{"line":12,"column":61}},"11":{"start":{"line":13,"column":9},"end":{"line":37,"column":3}},"12":{"start":{"line":14,"column":4},"end":{"line":14,"column":15}},"13":{"start":{"line":15,"column":4},"end":{"line":15,"column":61}},"14":{"start":{"line":16,"column":9},"end":{"line":37,"column":3}},"15":{"start":{"line":17,"column":4},"end":{"line":17,"column":15}},"16":{"start":{"line":18,"column":4},"end":{"line":18,"column":27}},"17":{"start":{"line":19,"column":9},"end":{"line":37,"column":3}},"18":{"start":{"line":20,"column":4},"end":{"line":20,"column":15}},"19":{"start":{"line":21,"column":4},"end":{"line":21,"column":52}},"20":{"start":{"line":22,"column":9},"end":{"line":37,"column":3}},"21":{"start":{"line":23,"column":4},"end":{"line":23,"column":15}},"22":{"start":{"line":24,"column":4},"end":{"line":24,"column":32}},"23":{"start":{"line":25,"column":9},"end":{"line":37,"column":3}},"24":{"start":{"line":26,"column":4},"end":{"line":26,"column":15}},"25":{"start":{"line":27,"column":4},"end":{"line":27,"column":22}},"26":{"start":{"line":28,"column":9},"end":{"line":37,"column":3}},"27":{"start":{"line":29,"column":4},"end":{"line":29,"column":15}},"28":{"start":{"line":30,"column":4},"end":{"line":30,"column":36}},"29":{"start":{"line":31,"column":9},"end":{"line":37,"column":3}},"30":{"start":{"line":32,"column":4},"end":{"line":32,"column":15}},"31":{"start":{"line":33,"column":4},"end":{"line":33,"column":33}},"32":{"start":{"line":34,"column":9},"end":{"line":37,"column":3}},"33":{"start":{"line":35,"column":4},"end":{"line":35,"column":15}},"34":{"start":{"line":36,"column":4},"end":{"line":36,"column":25}},"35":{"start":{"line":39,"column":2},"end":{"line":39,"column":42}},"36":{"start":{"line":42,"column":0},"end":{"line":42,"column":30}}},"fnMap":{"0":{"name":"errorHandler","decl":{"start":{"line":1,"column":9},"end":{"line":1,"column":21}},"loc":{"start":{"line":1,"column":43},"end":{"line":40,"column":1}},"line":1}},"branchMap":{"0":{"loc":{"start":{"line":4,"column":2},"end":{"line":37,"column":3}},"type":"if","locations":[{"start":{"line":4,"column":2},"end":{"line":37,"column":3}},{"start":{"line":7,"column":9},"end":{"line":37,"column":3}}],"line":4},"1":{"loc":{"start":{"line":7,"column":9},"end":{"line":37,"column":3}},"type":"if","locations":[{"start":{"line":7,"column":9},"end":{"line":37,"column":3}},{"start":{"line":10,"column":9},"end":{"line":37,"column":3}}],"line":7},"2":{"loc":{"start":{"line":10,"column":9},"end":{"line":37,"column":3}},"type":"if","locations":[{"start":{"line":10,"column":9},"end":{"line":37,"column":3}},{"start":{"line":13,"column":9},"end":{"line":37,"column":3}}],"line":10},"3":{"loc":{"start":{"line":13,"column":9},"end":{"line":37,"column":3}},"type":"if","locations":[{"start":{"line":13,"column":9},"end":{"line":37,"column":3}},{"start":{"line":16,"column":9},"end":{"line":37,"column":3}}],"line":13},"4":{"loc":{"start":{"line":16,"column":9},"end":{"line":37,"column":3}},"type":"if","locations":[{"start":{"line":16,"column":9},"end":{"line":37,"column":3}},{"start":{"line":19,"column":9},"end":{"line":37,"column":3}}],"line":16},"5":{"loc":{"start":{"line":19,"column":9},"end":{"line":37,"column":3}},"type":"if","locations":[{"start":{"line":19,"column":9},"end":{"line":37,"column":3}},{"start":{"line":22,"column":9},"end":{"line":37,"column":3}}],"line":19},"6":{"loc":{"start":{"line":22,"column":9},"end":{"line":37,"column":3}},"type":"if","locations":[{"start":{"line":22,"column":9},"end":{"line":37,"column":3}},{"start":{"line":25,"column":9},"end":{"line":37,"column":3}}],"line":22},"7":{"loc":{"start":{"line":25,"column":9},"end":{"line":37,"column":3}},"type":"if","locations":[{"start":{"line":25,"column":9},"end":{"line":37,"column":3}},{"start":{"line":28,"column":9},"end":{"line":37,"column":3}}],"line":25},"8":{"loc":{"start":{"line":28,"column":9},"end":{"line":37,"column":3}},"type":"if","locations":[{"start":{"line":28,"column":9},"end":{"line":37,"column":3}},{"start":{"line":31,"column":9},"end":{"line":37,"column":3}}],"line":28},"9":{"loc":{"start":{"line":31,"column":9},"end":{"line":37,"column":3}},"type":"if","locations":[{"start":{"line":31,"column":9},"end":{"line":37,"column":3}},{"start":{"line":34,"column":9},"end":{"line":37,"column":3}}],"line":31},"10":{"loc":{"start":{"line":34,"column":9},"end":{"line":37,"column":3}},"type":"if","locations":[{"start":{"line":34,"column":9},"end":{"line":37,"column":3}},{"start":{},"end":{}}],"line":34}},"s":{"0":14,"1":14,"2":14,"3":1,"4":1,"5":13,"6":3,"7":3,"8":10,"9":0,"10":0,"11":10,"12":0,"13":0,"14":10,"15":1,"16":1,"17":9,"18":1,"19":1,"20":8,"21":0,"22":0,"23":8,"24":2,"25":2,"26":6,"27":0,"28":0,"29":6,"30":4,"31":4,"32":2,"33":2,"34":2,"35":14,"36":1},"f":{"0":14},"b":{"0":[1,13],"1":[3,10],"2":[0,10],"3":[0,10],"4":[1,9],"5":[1,8],"6":[0,8],"7":[2,6],"8":[0,6],"9":[4,2],"10":[2,0]},"_coverageSchema":"1a1c01bbd47fc00a2c39e90264f33305004495a9","hash":"4ab3ba7d6d0e2e2e2c78fce84a8c8dca41a62879"}
,"H:\\finalproject-rumahsandar\\rumah-sandar-server\\middlewares\\multer.js": {"path":"H:\\finalproject-rumahsandar\\rumah-sandar-server\\middlewares\\multer.js","statementMap":{"0":{"start":{"line":1,"column":15},"end":{"line":1,"column":32}},"1":{"start":{"line":3,"column":16},"end":{"line":3,"column":38}},"2":{"start":{"line":5,"column":13},"end":{"line":7,"column":2}},"3":{"start":{"line":9,"column":23},"end":{"line":18,"column":2}},"4":{"start":{"line":20,"column":20},"end":{"line":25,"column":2}},"5":{"start":{"line":27,"column":0},"end":{"line":30,"column":2}}},"fnMap":{},"branchMap":{},"s":{"0":1,"1":1,"2":1,"3":1,"4":1,"5":1},"f":{},"b":{},"_coverageSchema":"1a1c01bbd47fc00a2c39e90264f33305004495a9","hash":"c1e8f957356a2c0b2a0c894391bff6933089407e"}
,"H:\\finalproject-rumahsandar\\rumah-sandar-server\\models\\admin.js": {"path":"H:\\finalproject-rumahsandar\\rumah-sandar-server\\models\\admin.js","statementMap":{"0":{"start":{"line":4,"column":4},"end":{"line":4,"column":24}},"1":{"start":{"line":5,"column":0},"end":{"line":25,"column":2}},"2":{"start":{"line":16,"column":2},"end":{"line":23,"column":5}},"3":{"start":{"line":24,"column":2},"end":{"line":24,"column":15}}},"fnMap":{"0":{"name":"(anonymous_0)","decl":{"start":{"line":5,"column":17},"end":{"line":5,"column":18}},"loc":{"start":{"line":5,"column":43},"end":{"line":25,"column":1}},"line":5},"1":{"name":"(anonymous_1)","decl":{"start":{"line":12,"column":4},"end":{"line":12,"column":5}},"loc":{"start":{"line":12,"column":29},"end":{"line":14,"column":5}},"line":12}},"branchMap":{},"s":{"0":1,"1":1,"2":1,"3":1},"f":{"0":1,"1":1},"b":{},"_coverageSchema":"1a1c01bbd47fc00a2c39e90264f33305004495a9","hash":"c0023f454871392caf7e093037abba5f6d6fd4a3"}
,"H:\\finalproject-rumahsandar\\rumah-sandar-server\\models\\class.js": {"path":"H:\\finalproject-rumahsandar\\rumah-sandar-server\\models\\class.js","statementMap":{"0":{"start":{"line":4,"column":4},"end":{"line":4,"column":24}},"1":{"start":{"line":5,"column":0},"end":{"line":30,"column":2}},"2":{"start":{"line":13,"column":6},"end":{"line":13,"column":35}},"3":{"start":{"line":14,"column":6},"end":{"line":14,"column":43}},"4":{"start":{"line":18,"column":2},"end":{"line":28,"column":5}},"5":{"start":{"line":29,"column":2},"end":{"line":29,"column":15}}},"fnMap":{"0":{"name":"(anonymous_0)","decl":{"start":{"line":5,"column":17},"end":{"line":5,"column":18}},"loc":{"start":{"line":5,"column":43},"end":{"line":30,"column":1}},"line":5},"1":{"name":"(anonymous_1)","decl":{"start":{"line":12,"column":4},"end":{"line":12,"column":5}},"loc":{"start":{"line":12,"column":29},"end":{"line":16,"column":5}},"line":12}},"branchMap":{},"s":{"0":1,"1":1,"2":1,"3":1,"4":1,"5":1},"f":{"0":1,"1":1},"b":{},"_coverageSchema":"1a1c01bbd47fc00a2c39e90264f33305004495a9","hash":"a8b7ae9e55c3a50ef35909b7c84f210ce27d70fb"}
,"H:\\finalproject-rumahsandar\\rumah-sandar-server\\models\\classcategory.js": {"path":"H:\\finalproject-rumahsandar\\rumah-sandar-server\\models\\classcategory.js","statementMap":{"0":{"start":{"line":4,"column":4},"end":{"line":4,"column":24}},"1":{"start":{"line":5,"column":0},"end":{"line":25,"column":2}},"2":{"start":{"line":13,"column":6},"end":{"line":13,"column":41}},"3":{"start":{"line":16,"column":2},"end":{"line":23,"column":5}},"4":{"start":{"line":24,"column":2},"end":{"line":24,"column":23}}},"fnMap":{"0":{"name":"(anonymous_0)","decl":{"start":{"line":5,"column":17},"end":{"line":5,"column":18}},"loc":{"start":{"line":5,"column":43},"end":{"line":25,"column":1}},"line":5},"1":{"name":"(anonymous_1)","decl":{"start":{"line":12,"column":4},"end":{"line":12,"column":5}},"loc":{"start":{"line":12,"column":29},"end":{"line":14,"column":5}},"line":12}},"branchMap":{},"s":{"0":1,"1":1,"2":1,"3":1,"4":1},"f":{"0":1,"1":1},"b":{},"_coverageSchema":"1a1c01bbd47fc00a2c39e90264f33305004495a9","hash":"7b63e26a46f87849a96e8030ca22c6fca8ab3194"}
,"H:\\finalproject-rumahsandar\\rumah-sandar-server\\models\\donation.js": {"path":"H:\\finalproject-rumahsandar\\rumah-sandar-server\\models\\donation.js","statementMap":{"0":{"start":{"line":4,"column":4},"end":{"line":4,"column":24}},"1":{"start":{"line":5,"column":0},"end":{"line":30,"column":2}},"2":{"start":{"line":13,"column":6},"end":{"line":13,"column":38}},"3":{"start":{"line":16,"column":2},"end":{"line":28,"column":5}},"4":{"start":{"line":29,"column":2},"end":{"line":29,"column":18}}},"fnMap":{"0":{"name":"(anonymous_0)","decl":{"start":{"line":5,"column":17},"end":{"line":5,"column":18}},"loc":{"start":{"line":5,"column":43},"end":{"line":30,"column":1}},"line":5},"1":{"name":"(anonymous_1)","decl":{"start":{"line":12,"column":4},"end":{"line":12,"column":5}},"loc":{"start":{"line":12,"column":29},"end":{"line":14,"column":5}},"line":12}},"branchMap":{},"s":{"0":1,"1":1,"2":1,"3":1,"4":1},"f":{"0":1,"1":1},"b":{},"_coverageSchema":"1a1c01bbd47fc00a2c39e90264f33305004495a9","hash":"b01564f9f55890f551fda626bcddd777e5d20288"}
,"H:\\finalproject-rumahsandar\\rumah-sandar-server\\models\\index.js": {"path":"H:\\finalproject-rumahsandar\\rumah-sandar-server\\models\\index.js","statementMap":{"0":{"start":{"line":3,"column":11},"end":{"line":3,"column":24}},"1":{"start":{"line":4,"column":13},"end":{"line":4,"column":28}},"2":{"start":{"line":5,"column":18},"end":{"line":5,"column":38}},"3":{"start":{"line":6,"column":17},"end":{"line":6,"column":42}},"4":{"start":{"line":7,"column":12},"end":{"line":7,"column":49}},"5":{"start":{"line":8,"column":15},"end":{"line":8,"column":65}},"6":{"start":{"line":9,"column":11},"end":{"line":9,"column":13}},"7":{"start":{"line":12,"column":0},"end":{"line":16,"column":1}},"8":{"start":{"line":13,"column":2},"end":{"line":13,"column":74}},"9":{"start":{"line":15,"column":2},"end":{"line":15,"column":87}},"10":{"start":{"line":18,"column":0},"end":{"line":26,"column":5}},"11":{"start":{"line":21,"column":4},"end":{"line":21,"column":90}},"12":{"start":{"line":24,"column":18},"end":{"line":24,"column":85}},"13":{"start":{"line":25,"column":4},"end":{"line":25,"column":27}},"14":{"start":{"line":28,"column":0},"end":{"line":32,"column":3}},"15":{"start":{"line":29,"column":2},"end":{"line":31,"column":3}},"16":{"start":{"line":30,"column":4},"end":{"line":30,"column":32}},"17":{"start":{"line":34,"column":0},"end":{"line":34,"column":25}},"18":{"start":{"line":35,"column":0},"end":{"line":35,"column":25}},"19":{"start":{"line":37,"column":0},"end":{"line":37,"column":20}}},"fnMap":{"0":{"name":"(anonymous_0)","decl":{"start":{"line":20,"column":10},"end":{"line":20,"column":11}},"loc":{"start":{"line":20,"column":18},"end":{"line":22,"column":3}},"line":20},"1":{"name":"(anonymous_1)","decl":{"start":{"line":23,"column":11},"end":{"line":23,"column":12}},"loc":{"start":{"line":23,"column":19},"end":{"line":26,"column":3}},"line":23},"2":{"name":"(anonymous_2)","decl":{"start":{"line":28,"column":24},"end":{"line":28,"column":25}},"loc":{"start":{"line":28,"column":37},"end":{"line":32,"column":1}},"line":28}},"branchMap":{"0":{"loc":{"start":{"line":7,"column":12},"end":{"line":7,"column":49}},"type":"binary-expr","locations":[{"start":{"line":7,"column":12},"end":{"line":7,"column":32}},{"start":{"line":7,"column":36},"end":{"line":7,"column":49}}],"line":7},"1":{"loc":{"start":{"line":12,"column":0},"end":{"line":16,"column":1}},"type":"if","locations":[{"start":{"line":12,"column":0},"end":{"line":16,"column":1}},{"start":{"line":14,"column":7},"end":{"line":16,"column":1}}],"line":12},"2":{"loc":{"start":{"line":21,"column":11},"end":{"line":21,"column":89}},"type":"binary-expr","locations":[{"start":{"line":21,"column":12},"end":{"line":21,"column":35}},{"start":{"line":21,"column":41},"end":{"line":21,"column":58}},{"start":{"line":21,"column":64},"end":{"line":21,"column":88}}],"line":21},"3":{"loc":{"start":{"line":29,"column":2},"end":{"line":31,"column":3}},"type":"if","locations":[{"start":{"line":29,"column":2},"end":{"line":31,"column":3}},{"start":{},"end":{}}],"line":29}},"s":{"0":1,"1":1,"2":1,"3":1,"4":1,"5":1,"6":1,"7":1,"8":0,"9":1,"10":1,"11":10,"12":9,"13":9,"14":1,"15":9,"16":9,"17":1,"18":1,"19":1},"f":{"0":10,"1":9,"2":9},"b":{"0":[1,0],"1":[0,1],"2":[10,10,9],"3":[9,0]},"_coverageSchema":"1a1c01bbd47fc00a2c39e90264f33305004495a9","hash":"82766e6a41e6d1cd57214d5b19a83b4e6d3b51bb"}
,"H:\\finalproject-rumahsandar\\rumah-sandar-server\\models\\invoice.js": {"path":"H:\\finalproject-rumahsandar\\rumah-sandar-server\\models\\invoice.js","statementMap":{"0":{"start":{"line":4,"column":4},"end":{"line":4,"column":24}},"1":{"start":{"line":5,"column":0},"end":{"line":36,"column":2}},"2":{"start":{"line":13,"column":6},"end":{"line":13,"column":40}},"3":{"start":{"line":18,"column":2},"end":{"line":34,"column":5}},"4":{"start":{"line":35,"column":2},"end":{"line":35,"column":17}}},"fnMap":{"0":{"name":"(anonymous_0)","decl":{"start":{"line":5,"column":17},"end":{"line":5,"column":18}},"loc":{"start":{"line":5,"column":43},"end":{"line":36,"column":1}},"line":5},"1":{"name":"(anonymous_1)","decl":{"start":{"line":12,"column":4},"end":{"line":12,"column":5}},"loc":{"start":{"line":12,"column":29},"end":{"line":16,"column":5}},"line":12}},"branchMap":{},"s":{"0":1,"1":1,"2":1,"3":1,"4":1},"f":{"0":1,"1":1},"b":{},"_coverageSchema":"1a1c01bbd47fc00a2c39e90264f33305004495a9","hash":"7eefdb98857afd3df3ce6fc376bee8cacd5d8108"}
,"H:\\finalproject-rumahsandar\\rumah-sandar-server\\models\\match.js": {"path":"H:\\finalproject-rumahsandar\\rumah-sandar-server\\models\\match.js","statementMap":{"0":{"start":{"line":2,"column":18},"end":{"line":2,"column":38}},"1":{"start":{"line":3,"column":0},"end":{"line":30,"column":2}},"2":{"start":{"line":11,"column":6},"end":{"line":11,"column":37}},"3":{"start":{"line":12,"column":6},"end":{"line":12,"column":40}},"4":{"start":{"line":13,"column":6},"end":{"line":13,"column":34}},"5":{"start":{"line":16,"column":2},"end":{"line":28,"column":4}},"6":{"start":{"line":29,"column":2},"end":{"line":29,"column":15}}},"fnMap":{"0":{"name":"(anonymous_0)","decl":{"start":{"line":3,"column":17},"end":{"line":3,"column":18}},"loc":{"start":{"line":3,"column":43},"end":{"line":30,"column":1}},"line":3},"1":{"name":"(anonymous_1)","decl":{"start":{"line":10,"column":4},"end":{"line":10,"column":5}},"loc":{"start":{"line":10,"column":29},"end":{"line":14,"column":5}},"line":10}},"branchMap":{},"s":{"0":1,"1":1,"2":1,"3":1,"4":1,"5":1,"6":1},"f":{"0":1,"1":1},"b":{},"_coverageSchema":"1a1c01bbd47fc00a2c39e90264f33305004495a9","hash":"83fe6902cf088f115344e65d79ee3f5f2ca25f00"}
,"H:\\finalproject-rumahsandar\\rumah-sandar-server\\models\\orphan.js": {"path":"H:\\finalproject-rumahsandar\\rumah-sandar-server\\models\\orphan.js","statementMap":{"0":{"start":{"line":4,"column":4},"end":{"line":4,"column":24}},"1":{"start":{"line":5,"column":31},"end":{"line":5,"column":60}},"2":{"start":{"line":6,"column":0},"end":{"line":103,"column":2}},"3":{"start":{"line":15,"column":6},"end":{"line":15,"column":40}},"4":{"start":{"line":16,"column":6},"end":{"line":16,"column":33}},"5":{"start":{"line":19,"column":2},"end":{"line":94,"column":5}},"6":{"start":{"line":96,"column":2},"end":{"line":99,"column":4}},"7":{"start":{"line":97,"column":4},"end":{"line":97,"column":61}},"8":{"start":{"line":98,"column":4},"end":{"line":98,"column":29}},"9":{"start":{"line":102,"column":2},"end":{"line":102,"column":16}}},"fnMap":{"0":{"name":"(anonymous_0)","decl":{"start":{"line":6,"column":17},"end":{"line":6,"column":18}},"loc":{"start":{"line":6,"column":43},"end":{"line":103,"column":1}},"line":6},"1":{"name":"(anonymous_1)","decl":{"start":{"line":13,"column":4},"end":{"line":13,"column":5}},"loc":{"start":{"line":13,"column":29},"end":{"line":17,"column":5}},"line":13},"2":{"name":"(anonymous_2)","decl":{"start":{"line":96,"column":22},"end":{"line":96,"column":23}},"loc":{"start":{"line":96,"column":36},"end":{"line":99,"column":3}},"line":96}},"branchMap":{},"s":{"0":1,"1":1,"2":1,"3":1,"4":1,"5":1,"6":1,"7":0,"8":0,"9":1},"f":{"0":1,"1":1,"2":0},"b":{},"_coverageSchema":"1a1c01bbd47fc00a2c39e90264f33305004495a9","hash":"8ee64d01eb3cb17f860f75bf7e994d497ac2b132"}
,"H:\\finalproject-rumahsandar\\rumah-sandar-server\\models\\orphanage.js": {"path":"H:\\finalproject-rumahsandar\\rumah-sandar-server\\models\\orphanage.js","statementMap":{"0":{"start":{"line":4,"column":4},"end":{"line":4,"column":24}},"1":{"start":{"line":5,"column":0},"end":{"line":27,"column":2}},"2":{"start":{"line":13,"column":6},"end":{"line":13,"column":38}},"3":{"start":{"line":17,"column":2},"end":{"line":25,"column":5}},"4":{"start":{"line":26,"column":2},"end":{"line":26,"column":19}}},"fnMap":{"0":{"name":"(anonymous_0)","decl":{"start":{"line":5,"column":17},"end":{"line":5,"column":18}},"loc":{"start":{"line":5,"column":43},"end":{"line":27,"column":1}},"line":5},"1":{"name":"(anonymous_1)","decl":{"start":{"line":12,"column":4},"end":{"line":12,"column":5}},"loc":{"start":{"line":12,"column":29},"end":{"line":15,"column":5}},"line":12}},"branchMap":{},"s":{"0":1,"1":1,"2":1,"3":1,"4":1},"f":{"0":1,"1":1},"b":{},"_coverageSchema":"1a1c01bbd47fc00a2c39e90264f33305004495a9","hash":"c5547f5d24fe10b052085ed43e6736644f4f6acf"}
,"H:\\finalproject-rumahsandar\\rumah-sandar-server\\models\\volunteer.js": {"path":"H:\\finalproject-rumahsandar\\rumah-sandar-server\\models\\volunteer.js","statementMap":{"0":{"start":{"line":2,"column":18},"end":{"line":2,"column":38}},"1":{"start":{"line":3,"column":31},"end":{"line":3,"column":60}},"2":{"start":{"line":4,"column":0},"end":{"line":126,"column":2}},"3":{"start":{"line":12,"column":6},"end":{"line":12,"column":37}},"4":{"start":{"line":16,"column":2},"end":{"line":118,"column":4}},"5":{"start":{"line":120,"column":2},"end":{"line":123,"column":5}},"6":{"start":{"line":121,"column":4},"end":{"line":121,"column":62}},"7":{"start":{"line":122,"column":4},"end":{"line":122,"column":30}},"8":{"start":{"line":125,"column":2},"end":{"line":125,"column":19}}},"fnMap":{"0":{"name":"(anonymous_0)","decl":{"start":{"line":4,"column":17},"end":{"line":4,"column":18}},"loc":{"start":{"line":4,"column":43},"end":{"line":126,"column":1}},"line":4},"1":{"name":"(anonymous_1)","decl":{"start":{"line":11,"column":4},"end":{"line":11,"column":5}},"loc":{"start":{"line":11,"column":29},"end":{"line":14,"column":5}},"line":11},"2":{"name":"(anonymous_2)","decl":{"start":{"line":120,"column":25},"end":{"line":120,"column":26}},"loc":{"start":{"line":120,"column":39},"end":{"line":123,"column":3}},"line":120}},"branchMap":{},"s":{"0":1,"1":1,"2":1,"3":1,"4":1,"5":1,"6":0,"7":0,"8":1},"f":{"0":1,"1":1,"2":0},"b":{},"_coverageSchema":"1a1c01bbd47fc00a2c39e90264f33305004495a9","hash":"7c2fceae05d37a522d87ce2363aa4b41e55a6472"}
,"H:\\finalproject-rumahsandar\\rumah-sandar-server\\routes\\admin.js": {"path":"H:\\finalproject-rumahsandar\\rumah-sandar-server\\routes\\admin.js","statementMap":{"0":{"start":{"line":1,"column":24},"end":{"line":1,"column":65}},"1":{"start":{"line":2,"column":23},"end":{"line":2,"column":63}},"2":{"start":{"line":4,"column":15},"end":{"line":4,"column":42}},"3":{"start":{"line":6,"column":0},"end":{"line":6,"column":50}},"4":{"start":{"line":7,"column":0},"end":{"line":7,"column":73}},"5":{"start":{"line":8,"column":0},"end":{"line":8,"column":67}},"6":{"start":{"line":9,"column":0},"end":{"line":9,"column":80}},"7":{"start":{"line":10,"column":0},"end":{"line":14,"column":2}},"8":{"start":{"line":16,"column":0},"end":{"line":16,"column":24}}},"fnMap":{},"branchMap":{},"s":{"0":1,"1":1,"2":1,"3":1,"4":1,"5":1,"6":1,"7":1,"8":1},"f":{},"b":{},"_coverageSchema":"1a1c01bbd47fc00a2c39e90264f33305004495a9","hash":"3af77a33ec5a12453d3426243ef3350632550e88"}
,"H:\\finalproject-rumahsandar\\rumah-sandar-server\\routes\\category.js": {"path":"H:\\finalproject-rumahsandar\\rumah-sandar-server\\routes\\category.js","statementMap":{"0":{"start":{"line":1,"column":27},"end":{"line":1,"column":71}},"1":{"start":{"line":3,"column":15},"end":{"line":3,"column":42}},"2":{"start":{"line":5,"column":0},"end":{"line":5,"column":50}},"3":{"start":{"line":7,"column":0},"end":{"line":7,"column":24}}},"fnMap":{},"branchMap":{},"s":{"0":1,"1":1,"2":1,"3":1},"f":{},"b":{},"_coverageSchema":"1a1c01bbd47fc00a2c39e90264f33305004495a9","hash":"1b43bdb5112c7ffe9abc967947103b0560884a2b"}
,"H:\\finalproject-rumahsandar\\rumah-sandar-server\\routes\\class.js": {"path":"H:\\finalproject-rumahsandar\\rumah-sandar-server\\routes\\class.js","statementMap":{"0":{"start":{"line":1,"column":16},"end":{"line":1,"column":34}},"1":{"start":{"line":2,"column":24},"end":{"line":2,"column":65}},"2":{"start":{"line":3,"column":15},"end":{"line":3,"column":31}},"3":{"start":{"line":5,"column":0},"end":{"line":5,"column":50}},"4":{"start":{"line":6,"column":0},"end":{"line":6,"column":61}},"5":{"start":{"line":8,"column":0},"end":{"line":8,"column":24}}},"fnMap":{},"branchMap":{},"s":{"0":1,"1":1,"2":1,"3":1,"4":1,"5":1},"f":{},"b":{},"_coverageSchema":"1a1c01bbd47fc00a2c39e90264f33305004495a9","hash":"f9095dba1b0cdb6aa372a03cfb7327a84739c460"}
,"H:\\finalproject-rumahsandar\\rumah-sandar-server\\routes\\index.js": {"path":"H:\\finalproject-rumahsandar\\rumah-sandar-server\\routes\\index.js","statementMap":{"0":{"start":{"line":1,"column":16},"end":{"line":1,"column":34}},"1":{"start":{"line":2,"column":15},"end":{"line":2,"column":31}},"2":{"start":{"line":4,"column":20},"end":{"line":4,"column":38}},"3":{"start":{"line":5,"column":20},"end":{"line":5,"column":38}},"4":{"start":{"line":6,"column":24},"end":{"line":6,"column":46}},"5":{"start":{"line":7,"column":21},"end":{"line":7,"column":40}},"6":{"start":{"line":8,"column":25},"end":{"line":8,"column":47}},"7":{"start":{"line":9,"column":23},"end":{"line":9,"column":44}},"8":{"start":{"line":10,"column":20},"end":{"line":10,"column":38}},"9":{"start":{"line":11,"column":22},"end":{"line":11,"column":43}},"10":{"start":{"line":12,"column":23},"end":{"line":12,"column":63}},"11":{"start":{"line":14,"column":0},"end":{"line":16,"column":3}},"12":{"start":{"line":15,"column":2},"end":{"line":15,"column":64}},"13":{"start":{"line":18,"column":0},"end":{"line":18,"column":42}},"14":{"start":{"line":19,"column":0},"end":{"line":19,"column":36}},"15":{"start":{"line":20,"column":0},"end":{"line":20,"column":34}},"16":{"start":{"line":21,"column":0},"end":{"line":21,"column":38}},"17":{"start":{"line":22,"column":0},"end":{"line":22,"column":44}},"18":{"start":{"line":24,"column":0},"end":{"line":24,"column":27}},"19":{"start":{"line":25,"column":0},"end":{"line":25,"column":34}},"20":{"start":{"line":26,"column":0},"end":{"line":26,"column":36}},"21":{"start":{"line":27,"column":0},"end":{"line":27,"column":42}},"22":{"start":{"line":30,"column":0},"end":{"line":30,"column":24}}},"fnMap":{"0":{"name":"(anonymous_0)","decl":{"start":{"line":14,"column":16},"end":{"line":14,"column":17}},"loc":{"start":{"line":14,"column":30},"end":{"line":16,"column":1}},"line":14}},"branchMap":{},"s":{"0":1,"1":1,"2":1,"3":1,"4":1,"5":1,"6":1,"7":1,"8":1,"9":1,"10":1,"11":1,"12":0,"13":1,"14":1,"15":1,"16":1,"17":1,"18":1,"19":1,"20":1,"21":1,"22":1},"f":{"0":0},"b":{},"_coverageSchema":"1a1c01bbd47fc00a2c39e90264f33305004495a9","hash":"d9d136b342f4886f3cc94a393a14b45c2d798196"}
,"H:\\finalproject-rumahsandar\\rumah-sandar-server\\routes\\match.js": {"path":"H:\\finalproject-rumahsandar\\rumah-sandar-server\\routes\\match.js","statementMap":{"0":{"start":{"line":1,"column":16},"end":{"line":1,"column":34}},"1":{"start":{"line":2,"column":24},"end":{"line":2,"column":65}},"2":{"start":{"line":6,"column":4},"end":{"line":6,"column":43}},"3":{"start":{"line":7,"column":15},"end":{"line":7,"column":31}},"4":{"start":{"line":9,"column":0},"end":{"line":13,"column":2}},"5":{"start":{"line":14,"column":0},"end":{"line":14,"column":76}},"6":{"start":{"line":15,"column":0},"end":{"line":19,"column":2}},"7":{"start":{"line":21,"column":0},"end":{"line":21,"column":24}}},"fnMap":{},"branchMap":{},"s":{"0":1,"1":1,"2":1,"3":1,"4":1,"5":1,"6":1,"7":1},"f":{},"b":{},"_coverageSchema":"1a1c01bbd47fc00a2c39e90264f33305004495a9","hash":"3353374662eb6b0654dedf26bcb12829ae20ad53"}
,"H:\\finalproject-rumahsandar\\rumah-sandar-server\\routes\\orphan.js": {"path":"H:\\finalproject-rumahsandar\\rumah-sandar-server\\routes\\orphan.js","statementMap":{"0":{"start":{"line":1,"column":15},"end":{"line":1,"column":42}},"1":{"start":{"line":2,"column":24},"end":{"line":2,"column":56}},"2":{"start":{"line":3,"column":25},"end":{"line":3,"column":67}},"3":{"start":{"line":4,"column":23},"end":{"line":4,"column":63}},"4":{"start":{"line":6,"column":0},"end":{"line":6,"column":67}},"5":{"start":{"line":7,"column":0},"end":{"line":7,"column":71}},"6":{"start":{"line":8,"column":0},"end":{"line":8,"column":52}},"7":{"start":{"line":10,"column":0},"end":{"line":10,"column":24}}},"fnMap":{},"branchMap":{},"s":{"0":1,"1":1,"2":1,"3":1,"4":1,"5":1,"6":1,"7":1},"f":{},"b":{},"_coverageSchema":"1a1c01bbd47fc00a2c39e90264f33305004495a9","hash":"82f6f4de8f7d028f84176f0ef89d9a31cae727cd"}
,"H:\\finalproject-rumahsandar\\rumah-sandar-server\\routes\\orphanage.js": {"path":"H:\\finalproject-rumahsandar\\rumah-sandar-server\\routes\\orphanage.js","statementMap":{"0":{"start":{"line":1,"column":28},"end":{"line":1,"column":73}},"1":{"start":{"line":3,"column":15},"end":{"line":3,"column":42}},"2":{"start":{"line":5,"column":0},"end":{"line":5,"column":51}},"3":{"start":{"line":7,"column":0},"end":{"line":7,"column":24}}},"fnMap":{},"branchMap":{},"s":{"0":1,"1":1,"2":1,"3":1},"f":{},"b":{},"_coverageSchema":"1a1c01bbd47fc00a2c39e90264f33305004495a9","hash":"5d4093538985e3e2f1bb732155647d5a63320285"}
,"H:\\finalproject-rumahsandar\\rumah-sandar-server\\routes\\payments.js": {"path":"H:\\finalproject-rumahsandar\\rumah-sandar-server\\routes\\payments.js","statementMap":{"0":{"start":{"line":1,"column":16},"end":{"line":1,"column":34}},"1":{"start":{"line":2,"column":26},"end":{"line":2,"column":69}},"2":{"start":{"line":3,"column":15},"end":{"line":3,"column":31}},"3":{"start":{"line":5,"column":0},"end":{"line":5,"column":65}},"4":{"start":{"line":6,"column":0},"end":{"line":6,"column":56}},"5":{"start":{"line":8,"column":0},"end":{"line":8,"column":24}}},"fnMap":{},"branchMap":{},"s":{"0":1,"1":1,"2":1,"3":1,"4":1,"5":1},"f":{},"b":{},"_coverageSchema":"1a1c01bbd47fc00a2c39e90264f33305004495a9","hash":"e5cd702bd716f1ee1eeb95be9267fe9771f608d4"}
,"H:\\finalproject-rumahsandar\\rumah-sandar-server\\routes\\volunteer.js": {"path":"H:\\finalproject-rumahsandar\\rumah-sandar-server\\routes\\volunteer.js","statementMap":{"0":{"start":{"line":1,"column":15},"end":{"line":1,"column":42}},"1":{"start":{"line":2,"column":27},"end":{"line":2,"column":59}},"2":{"start":{"line":3,"column":28},"end":{"line":3,"column":73}},"3":{"start":{"line":4,"column":23},"end":{"line":4,"column":63}},"4":{"start":{"line":6,"column":0},"end":{"line":6,"column":73}},"5":{"start":{"line":7,"column":0},"end":{"line":7,"column":80}},"6":{"start":{"line":8,"column":0},"end":{"line":8,"column":58}},"7":{"start":{"line":10,"column":0},"end":{"line":10,"column":24}}},"fnMap":{},"branchMap":{},"s":{"0":1,"1":1,"2":1,"3":1,"4":1,"5":1,"6":1,"7":1},"f":{},"b":{},"_coverageSchema":"1a1c01bbd47fc00a2c39e90264f33305004495a9","hash":"a45eb2944aceaf2c40d82c5b4e5fa15e44754c1f"}
}
