TN:
SF:app.js
FNF:0
FNH:0
DA:1,9
DA:2,9
DA:3,9
DA:6,9
DA:7,9
DA:8,9
DA:9,9
DA:10,9
DA:12,9
DA:13,9
DA:14,9
DA:15,9
DA:16,9
DA:17,9
DA:19,9
LF:15
LH:15
BRDA:2,0,0,9
BRDA:2,0,1,0
BRF:2
BRH:1
end_of_record
TN:
SF:controllers/CloudinaryCloud.js
FN:5,(anonymous_0)
FN:19,(anonymous_1)
FNF:2
FNH:1
FNDA:8,(anonymous_0)
FNDA:0,(anonymous_1)
DA:1,9
DA:6,8
DA:7,8
DA:8,0
DA:12,8
DA:20,0
DA:21,0
DA:22,0
DA:25,0
DA:31,9
LF:10
LH:5
BRF:0
BRH:0
end_of_record
TN:
SF:controllers/adminController.js
FN:10,(anonymous_0)
FN:30,(anonymous_1)
FN:40,(anonymous_2)
FN:60,(anonymous_3)
FN:79,(anonymous_4)
FNF:5
FNH:3
FNDA:8,(anonymous_0)
FNDA:1,(anonymous_1)
FNDA:2,(anonymous_2)
FNDA:0,(anonymous_3)
FNDA:0,(anonymous_4)
DA:4,9
DA:5,9
DA:6,9
DA:7,9
DA:11,8
DA:12,8
DA:13,8
DA:14,2
DA:16,2
DA:17,1
DA:18,1
DA:19,1
DA:23,1
DA:26,7
DA:31,1
DA:32,1
DA:34,1
DA:36,0
DA:41,2
DA:42,2
DA:43,2
DA:44,2
DA:46,1
DA:53,1
DA:54,1
DA:56,1
DA:61,0
DA:62,0
DA:63,0
DA:64,0
DA:66,0
DA:72,0
DA:73,0
DA:75,0
DA:80,0
DA:81,0
DA:82,0
DA:84,0
DA:87,0
DA:92,9
LF:40
LH:26
BRDA:13,0,0,6
BRDA:13,0,1,2
BRDA:13,1,0,8
BRDA:13,1,1,4
BRDA:16,2,0,1
BRDA:16,2,1,1
BRDA:18,3,0,0
BRDA:18,3,1,1
BRDA:44,4,0,1
BRDA:44,4,1,1
BRDA:64,5,0,0
BRDA:64,5,1,0
BRDA:82,6,0,0
BRDA:82,6,1,0
BRF:14
BRH:9
end_of_record
TN:
SF:controllers/categoryController.js
FN:4,(anonymous_0)
FNF:1
FNH:1
FNDA:1,(anonymous_0)
DA:1,9
DA:7,1
DA:8,1
DA:11,1
DA:12,1
DA:14,0
DA:15,0
DA:20,9
LF:8
LH:6
BRDA:11,0,0,0
BRDA:11,0,1,1
BRF:2
BRH:1
end_of_record
TN:
SF:controllers/classController.js
FN:29,(anonymous_0)
FNF:1
FNH:1
FNDA:2,(anonymous_0)
DA:7,9
DA:30,2
DA:31,2
DA:32,2
DA:33,2
DA:34,1
DA:35,1
DA:47,1
DA:48,1
DA:49,1
DA:50,1
DA:56,1
DA:63,0
DA:64,0
DA:68,9
LF:15
LH:13
BRDA:33,0,0,1
BRDA:33,0,1,1
BRDA:48,1,0,1
BRDA:48,1,1,0
BRF:4
BRH:3
end_of_record
TN:
SF:controllers/matchController.js
FN:14,(anonymous_0)
FN:33,(anonymous_1)
FN:48,(anonymous_2)
FNF:3
FNH:3
FNDA:3,(anonymous_0)
FNDA:1,(anonymous_1)
FNDA:5,(anonymous_2)
DA:1,9
DA:2,9
DA:3,9
DA:11,9
DA:15,3
DA:16,3
DA:17,3
DA:19,3
DA:25,3
DA:26,3
DA:28,0
DA:29,0
DA:34,1
DA:35,1
DA:43,1
DA:45,0
DA:49,5
DA:50,5
DA:51,5
DA:52,5
DA:53,5
DA:54,5
DA:55,4
DA:56,4
DA:59,4
DA:60,4
DA:61,1
DA:63,3
DA:66,3
DA:67,1
DA:69,2
DA:78,2
DA:89,2
DA:100,2
DA:101,2
DA:102,2
DA:104,2
DA:109,2
DA:114,2
DA:118,3
DA:119,3
DA:123,9
LF:42
LH:39
BRDA:54,0,0,1
BRDA:54,0,1,4
BRDA:54,1,0,5
BRDA:54,1,1,5
BRDA:60,2,0,1
BRDA:60,2,1,3
BRDA:66,3,0,1
BRDA:66,3,1,2
BRF:8
BRH:8
end_of_record
TN:
SF:controllers/orphanController.js
FN:10,(anonymous_0)
FN:19,(anonymous_1)
FN:22,(anonymous_2)
FN:49,(anonymous_3)
FN:74,(anonymous_4)
FNF:5
FNH:2
FNDA:4,(anonymous_0)
FNDA:0,(anonymous_1)
FNDA:0,(anonymous_2)
FNDA:2,(anonymous_3)
FNDA:0,(anonymous_4)
DA:4,9
DA:5,9
DA:6,9
DA:7,9
DA:11,4
DA:12,4
DA:14,4
DA:15,0
DA:17,0
DA:20,0
DA:23,0
DA:26,0
DA:28,0
DA:29,0
DA:32,0
DA:41,0
DA:42,0
DA:44,4
DA:45,4
DA:50,2
DA:51,2
DA:52,2
DA:53,2
DA:54,2
DA:55,0
DA:56,0
DA:57,0
DA:58,0
DA:62,0
DA:69,0
DA:71,2
DA:75,0
DA:76,0
DA:77,0
DA:78,0
DA:80,0
DA:82,0
DA:87,9
LF:38
LH:16
BRDA:28,0,0,0
BRDA:28,0,1,0
BRDA:51,1,0,0
BRDA:51,1,1,2
BRDA:51,2,0,2
BRDA:51,2,1,2
BRDA:54,3,0,2
BRDA:54,3,1,0
BRDA:55,4,0,0
BRDA:55,4,1,0
BRDA:57,5,0,0
BRDA:57,5,1,0
BRDA:78,6,0,0
BRDA:78,6,1,0
BRF:14
BRH:4
end_of_record
TN:
SF:controllers/orphanageController.js
FN:4,(anonymous_0)
FNF:1
FNH:1
FNDA:1,(anonymous_0)
DA:1,9
DA:5,1
DA:6,1
DA:9,1
DA:11,0
DA:16,9
LF:6
LH:5
BRF:0
BRH:0
end_of_record
TN:
SF:controllers/paymentController.js
FN:5,(anonymous_0)
FN:28,(anonymous_1)
FNF:2
FNH:2
FNDA:3,(anonymous_0)
FNDA:1,(anonymous_1)
DA:1,9
DA:2,9
DA:6,3
DA:7,3
DA:8,3
DA:11,2
DA:12,2
DA:14,2
DA:15,1
DA:16,1
DA:18,1
DA:21,1
DA:24,2
DA:29,1
DA:30,1
DA:35,1
DA:38,0
DA:44,9
LF:18
LH:17
BRDA:8,0,0,2
BRDA:8,0,1,1
BRDA:14,1,0,1
BRDA:14,1,1,1
BRF:4
BRH:4
end_of_record
TN:
SF:controllers/volunteerController.js
FN:10,(anonymous_0)
FN:72,(anonymous_1)
FN:98,(anonymous_2)
FNF:3
FNH:2
FNDA:9,(anonymous_0)
FNDA:4,(anonymous_1)
FNDA:0,(anonymous_2)
DA:4,9
DA:5,9
DA:6,9
DA:7,9
DA:8,9
DA:11,9
DA:18,9
DA:22,9
DA:23,9
DA:25,9
DA:26,1
DA:47,1
DA:49,1
DA:50,0
DA:53,1
DA:64,1
DA:65,1
DA:67,8
DA:68,8
DA:73,4
DA:74,4
DA:75,4
DA:76,1
DA:77,1
DA:78,0
DA:79,0
DA:80,0
DA:82,0
DA:86,0
DA:93,0
DA:95,4
DA:99,0
DA:100,0
DA:101,0
DA:102,0
DA:104,0
DA:106,0
DA:111,9
LF:38
LH:25
BRDA:49,0,0,0
BRDA:49,0,1,1
BRDA:75,1,0,3
BRDA:75,1,1,1
BRDA:75,2,0,4
BRDA:75,2,1,2
BRDA:77,3,0,1
BRDA:77,3,1,0
BRDA:78,4,0,0
BRDA:78,4,1,0
BRDA:80,5,0,0
BRDA:80,5,1,0
BRDA:102,6,0,0
BRDA:102,6,1,0
BRF:14
BRH:6
end_of_record
TN:
SF:helpers/createInvoice.js
FN:3,createInvoice
FNF:1
FNH:1
FNDA:1,createInvoice
DA:1,9
DA:4,1
DA:6,1
DA:7,1
DA:10,1
DA:17,1
DA:29,1
DA:37,0
DA:45,9
LF:9
LH:8
BRF:0
BRH:0
end_of_record
TN:
SF:helpers/getEach7Day.js
FN:1,getEach7Day
FN:7,bulkSchedule
FNF:2
FNH:2
FNDA:26,getEach7Day
FNDA:2,bulkSchedule
DA:2,26
DA:3,26
DA:4,26
DA:8,2
DA:82,2
DA:85,9
LF:6
LH:6
BRF:0
BRH:0
end_of_record
TN:
SF:helpers/helpers.js
FN:6,(anonymous_0)
FN:7,(anonymous_1)
FN:10,(anonymous_2)
FN:11,(anonymous_3)
FNF:4
FNH:4
FNDA:14,(anonymous_0)
FNDA:1,(anonymous_1)
FNDA:15,(anonymous_2)
FNDA:27,(anonymous_3)
DA:1,9
DA:2,9
DA:4,9
DA:6,14
DA:7,9
DA:8,1
DA:10,15
DA:11,27
DA:13,9
LF:9
LH:9
BRF:0
BRH:0
end_of_record
TN:
SF:helpers/nodemailer.js
FN:3,main
FNF:1
FNH:1
FNDA:5,main
DA:1,9
DA:5,5
DA:6,5
DA:15,5
DA:16,0
DA:27,5
DA:28,1
DA:29,1
DA:42,4
DA:43,0
DA:54,4
DA:55,0
DA:67,4
DA:68,4
DA:80,0
DA:84,9
LF:16
LH:12
BRDA:15,0,0,0
BRDA:15,0,1,5
BRDA:27,1,0,1
BRDA:27,1,1,4
BRDA:42,2,0,0
BRDA:42,2,1,4
BRDA:54,3,0,0
BRDA:54,3,1,4
BRDA:67,4,0,4
BRDA:67,4,1,0
BRF:10
BRH:6
end_of_record
TN:
SF:helpers/verificationOrphanMail.js
FN:5,verificationOrphanMail
FNF:1
FNH:1
FNDA:1,verificationOrphanMail
DA:2,9
DA:9,1
DA:16,1
DA:27,9
LF:4
LH:4
BRF:0
BRH:0
end_of_record
TN:
SF:middlewares/authentication.js
FN:5,(anonymous_0)
FNF:1
FNH:1
FNDA:30,(anonymous_0)
DA:1,9
DA:3,9
DA:5,9
DA:6,30
DA:7,30
DA:8,30
DA:9,27
DA:11,21
DA:12,10
DA:13,10
DA:14,10
DA:16,8
DA:22,11
DA:23,7
DA:24,7
DA:25,7
DA:27,5
DA:34,4
DA:35,4
DA:36,4
DA:42,17
DA:44,13
DA:48,9
LF:23
LH:23
BRDA:8,0,0,3
BRDA:8,0,1,27
BRDA:11,1,0,10
BRDA:11,1,1,11
BRDA:13,2,0,0
BRDA:13,2,1,10
BRDA:14,3,0,2
BRDA:14,3,1,8
BRDA:22,4,0,7
BRDA:22,4,1,4
BRDA:24,5,0,0
BRDA:24,5,1,7
BRDA:25,6,0,2
BRDA:25,6,1,5
BRDA:35,7,0,0
BRDA:35,7,1,4
BRF:16
BRH:13
end_of_record
TN:
SF:middlewares/authorization.js
FN:2,(anonymous_0)
FN:18,(anonymous_1)
FNF:2
FNH:2
FNDA:4,(anonymous_0)
FNDA:7,(anonymous_1)
DA:1,9
DA:2,9
DA:3,4
DA:4,4
DA:5,4
DA:6,4
DA:7,1
DA:9,3
DA:10,3
DA:11,0
DA:13,3
DA:15,1
DA:18,9
DA:19,7
DA:20,7
DA:21,7
DA:22,7
DA:23,1
DA:25,6
DA:26,6
DA:27,0
DA:29,6
DA:31,1
DA:35,9
LF:24
LH:22
BRDA:6,0,0,1
BRDA:6,0,1,3
BRDA:10,1,0,0
BRDA:10,1,1,3
BRDA:22,2,0,1
BRDA:22,2,1,6
BRDA:26,3,0,0
BRDA:26,3,1,6
BRF:8
BRH:6
end_of_record
TN:
SF:middlewares/errorHandlers.js
FN:1,errorHandler
FNF:1
FNH:1
FNDA:46,errorHandler
DA:2,46
DA:3,46
DA:4,46
DA:5,46
DA:6,10
DA:7,10
DA:8,36
DA:9,7
DA:10,7
DA:11,29
DA:12,1
DA:13,1
DA:14,28
DA:15,0
DA:16,0
DA:17,28
DA:18,1
DA:19,1
DA:20,27
DA:21,2
DA:22,2
DA:23,25
DA:24,1
DA:25,1
DA:26,24
DA:27,0
DA:28,0
DA:29,24
DA:30,2
DA:31,2
DA:32,22
DA:33,0
DA:34,0
DA:35,22
DA:36,4
DA:37,4
DA:38,18
DA:39,6
DA:40,6
DA:43,46
DA:46,9
LF:41
LH:35
BRDA:5,0,0,10
BRDA:5,0,1,36
BRDA:8,1,0,7
BRDA:8,1,1,29
BRDA:11,2,0,1
BRDA:11,2,1,28
BRDA:14,3,0,0
BRDA:14,3,1,28
BRDA:17,4,0,1
BRDA:17,4,1,27
BRDA:20,5,0,2
BRDA:20,5,1,25
BRDA:23,6,0,1
BRDA:23,6,1,24
BRDA:26,7,0,0
BRDA:26,7,1,24
BRDA:29,8,0,2
BRDA:29,8,1,22
BRDA:32,9,0,0
BRDA:32,9,1,22
BRDA:35,10,0,4
BRDA:35,10,1,18
BRDA:38,11,0,6
BRDA:38,11,1,12
BRF:24
BRH:21
end_of_record
TN:
SF:middlewares/multer.js
FNF:0
FNH:0
DA:1,9
DA:3,9
DA:5,9
DA:9,9
DA:20,9
DA:27,9
LF:6
LH:6
BRF:0
BRH:0
end_of_record
TN:
SF:models/admin.js
FN:5,(anonymous_0)
FN:12,(anonymous_1)
FNF:2
FNH:2
FNDA:9,(anonymous_0)
FNDA:9,(anonymous_1)
DA:4,9
DA:5,9
DA:16,9
DA:24,9
LF:4
LH:4
BRF:0
BRH:0
end_of_record
TN:
SF:models/class.js
FN:5,(anonymous_0)
FN:12,(anonymous_1)
FNF:2
FNH:2
FNDA:9,(anonymous_0)
FNDA:9,(anonymous_1)
DA:4,9
DA:5,9
DA:13,9
DA:14,9
DA:18,9
DA:29,9
LF:6
LH:6
BRF:0
BRH:0
end_of_record
TN:
SF:models/classcategory.js
FN:5,(anonymous_0)
FN:12,(anonymous_1)
FNF:2
FNH:2
FNDA:9,(anonymous_0)
FNDA:9,(anonymous_1)
DA:4,9
DA:5,9
DA:13,9
DA:16,9
DA:24,9
LF:5
LH:5
BRF:0
BRH:0
end_of_record
TN:
SF:models/donation.js
FN:5,(anonymous_0)
FN:12,(anonymous_1)
FNF:2
FNH:2
FNDA:9,(anonymous_0)
FNDA:9,(anonymous_1)
DA:4,9
DA:5,9
DA:13,9
DA:16,9
DA:29,9
LF:5
LH:5
BRF:0
BRH:0
end_of_record
TN:
SF:models/index.js
FN:20,(anonymous_0)
FN:23,(anonymous_1)
FN:28,(anonymous_2)
FNF:3
FNH:3
FNDA:90,(anonymous_0)
FNDA:81,(anonymous_1)
FNDA:81,(anonymous_2)
DA:3,9
DA:4,9
DA:5,9
DA:6,9
DA:7,9
DA:8,9
DA:9,9
DA:12,9
DA:13,0
DA:15,9
DA:18,9
DA:21,90
DA:24,81
DA:25,81
DA:28,9
DA:29,81
DA:30,81
DA:34,9
DA:35,9
DA:37,9
LF:20
LH:19
BRDA:7,0,0,9
BRDA:7,0,1,0
BRDA:12,1,0,0
BRDA:12,1,1,9
BRDA:21,2,0,90
BRDA:21,2,1,90
BRDA:21,2,2,81
BRDA:29,3,0,81
BRDA:29,3,1,0
BRF:9
BRH:6
end_of_record
TN:
SF:models/invoice.js
FN:5,(anonymous_0)
FN:12,(anonymous_1)
FNF:2
FNH:2
FNDA:9,(anonymous_0)
FNDA:9,(anonymous_1)
DA:4,9
DA:5,9
DA:13,9
DA:18,9
DA:35,9
LF:5
LH:5
BRF:0
BRH:0
end_of_record
TN:
SF:models/match.js
FN:3,(anonymous_0)
FN:10,(anonymous_1)
FNF:2
FNH:2
FNDA:9,(anonymous_0)
FNDA:9,(anonymous_1)
DA:2,9
DA:3,9
DA:11,9
DA:12,9
DA:13,9
DA:16,9
DA:29,9
LF:7
LH:7
BRF:0
BRH:0
end_of_record
TN:
SF:models/orphan.js
FN:6,(anonymous_0)
FN:13,(anonymous_1)
FN:96,(anonymous_2)
FNF:3
FNH:2
FNDA:9,(anonymous_0)
FNDA:9,(anonymous_1)
FNDA:0,(anonymous_2)
DA:4,9
DA:5,9
DA:6,9
DA:15,9
DA:16,9
DA:19,9
DA:96,9
DA:97,0
DA:98,0
DA:102,9
LF:10
LH:8
BRF:0
BRH:0
end_of_record
TN:
SF:models/orphanage.js
FN:5,(anonymous_0)
FN:12,(anonymous_1)
FNF:2
FNH:2
FNDA:9,(anonymous_0)
FNDA:9,(anonymous_1)
DA:4,9
DA:5,9
DA:13,9
DA:17,9
DA:26,9
LF:5
LH:5
BRF:0
BRH:0
end_of_record
TN:
SF:models/volunteer.js
FN:4,(anonymous_0)
FN:11,(anonymous_1)
FN:120,(anonymous_2)
FNF:3
FNH:3
FNDA:9,(anonymous_0)
FNDA:9,(anonymous_1)
FNDA:1,(anonymous_2)
DA:2,9
DA:3,9
DA:4,9
DA:12,9
DA:16,9
DA:120,9
DA:121,1
DA:122,1
DA:125,9
LF:9
LH:9
BRF:0
BRH:0
end_of_record
TN:
SF:routes/admin.js
FNF:0
FNH:0
DA:1,9
DA:2,9
DA:4,9
DA:6,9
DA:7,9
DA:8,9
DA:9,9
DA:10,9
DA:16,9
LF:9
LH:9
BRF:0
BRH:0
end_of_record
TN:
SF:routes/category.js
FNF:0
FNH:0
DA:1,9
DA:3,9
DA:5,9
DA:7,9
LF:4
LH:4
BRF:0
BRH:0
end_of_record
TN:
SF:routes/class.js
FNF:0
FNH:0
DA:1,9
DA:2,9
DA:3,9
DA:5,9
DA:8,9
LF:5
LH:5
BRF:0
BRH:0
end_of_record
TN:
SF:routes/index.js
FN:14,(anonymous_0)
FNF:1
FNH:0
FNDA:0,(anonymous_0)
DA:1,9
DA:2,9
DA:4,9
DA:5,9
DA:6,9
DA:7,9
DA:8,9
DA:9,9
DA:10,9
DA:11,9
DA:12,9
DA:14,9
DA:15,0
DA:18,9
DA:19,9
DA:20,9
DA:21,9
DA:22,9
DA:24,9
DA:25,9
DA:26,9
DA:27,9
DA:30,9
LF:23
LH:22
BRF:0
BRH:0
end_of_record
TN:
SF:routes/match.js
FNF:0
FNH:0
DA:1,9
DA:2,9
DA:6,9
DA:7,9
DA:9,9
DA:14,9
DA:15,9
DA:21,9
LF:8
LH:8
BRF:0
BRH:0
end_of_record
TN:
SF:routes/orphan.js
FNF:0
FNH:0
DA:1,9
DA:2,9
DA:3,9
DA:4,9
DA:6,9
DA:7,9
DA:8,9
DA:10,9
LF:8
LH:8
BRF:0
BRH:0
end_of_record
TN:
SF:routes/orphanage.js
FNF:0
FNH:0
DA:1,9
DA:3,9
DA:5,9
DA:7,9
LF:4
LH:4
BRF:0
BRH:0
end_of_record
TN:
SF:routes/payments.js
FNF:0
FNH:0
DA:1,9
DA:2,9
DA:3,9
DA:5,9
DA:6,9
DA:8,9
LF:6
LH:6
BRF:0
BRH:0
end_of_record
TN:
SF:routes/volunteer.js
FNF:0
FNH:0
DA:1,9
DA:2,9
DA:3,9
DA:4,9
DA:6,9
DA:7,9
DA:8,9
DA:10,9
LF:8
LH:8
BRF:0
BRH:0
end_of_record
